[0.011s] Invoking command in '/home/praveen/msgandsrv/build/my_robot_controller': CMAKE_PREFIX_PATH=${CMAKE_PREFIX_PATH}:/home/praveen/msgandsrv/install/msgandservice:/home/praveen/msgandsrv/install/HardwareStatus:/home/praveen/udmey/install/activity:/home/praveen/manik/install/manikrobotic:/home/praveen/ros2_ws/install/hello:/opt/ros/humble /usr/bin/cmake --build /home/praveen/msgandsrv/build/my_robot_controller -- -j12 -l12
[0.037s] -- Found ament_cmake: 1.3.9 (/opt/ros/humble/share/ament_cmake/cmake)
[0.142s] -- Override CMake install command with custom implementation using symlinks instead of copying resources
[0.148s] -- Found rosidl_default_generators: 1.2.0 (/opt/ros/humble/share/rosidl_default_generators/cmake)
[0.149s] -- Using all available rosidl_typesupport_c: rosidl_typesupport_fastrtps_c;rosidl_typesupport_introspection_c
[0.151s] -- Found rosidl_adapter: 3.1.5 (/opt/ros/humble/share/rosidl_adapter/cmake)
[0.174s] -- Using all available rosidl_typesupport_cpp: rosidl_typesupport_fastrtps_cpp;rosidl_typesupport_introspection_cpp
[0.421s] -- Found ament_cmake_ros: 0.10.0 (/opt/ros/humble/share/ament_cmake_ros/cmake)
[0.579s] -- Using all available rosidl_typesupport_c: rosidl_typesupport_fastrtps_c;rosidl_typesupport_introspection_c
[0.788s] -- Using all available rosidl_typesupport_cpp: rosidl_typesupport_fastrtps_cpp;rosidl_typesupport_introspection_cpp
[0.808s] -- Found python_cmake_module: 0.10.0 (/opt/ros/humble/share/python_cmake_module/cmake)
[0.828s] -- Using PYTHON_EXECUTABLE: /usr/bin/python3
[0.828s] -- Using PYTHON_INCLUDE_DIRS: /usr/include/python3.10
[0.828s] -- Using PYTHON_LIBRARIES: /usr/lib/x86_64-linux-gnu/libpython3.10.so
[0.845s] -- Configuring done
[0.875s] -- Generating done
[0.878s] -- Build files have been written to: /home/praveen/msgandsrv/build/my_robot_controller
[0.905s] [  1%] [34m[1mGenerating C code for ROS interfaces[0m
[0.915s] [  3%] [34m[1mGenerating C++ code for ROS interfaces[0m
[0.925s] [  3%] Built target ament_cmake_python_symlink_my_robot_controller
[1.147s] running egg_info
[1.148s] writing my_robot_controller.egg-info/PKG-INFO
[1.148s] writing dependency_links to my_robot_controller.egg-info/dependency_links.txt
[1.148s] writing top-level names to my_robot_controller.egg-info/top_level.txt
[1.150s] reading manifest file 'my_robot_controller.egg-info/SOURCES.txt'
[1.151s] writing manifest file 'my_robot_controller.egg-info/SOURCES.txt'
[1.188s] [  3%] Built target ament_cmake_python_build_my_robot_controller_egg
[1.274s] [  3%] Built target my_robot_controller__cpp
[1.274s] [35m[1mConsolidate compiler generated dependencies of target my_robot_controller__rosidl_generator_c[0m
[1.285s] [  7%] [34m[1mGenerating C++ introspection for ROS interfaces[0m
[1.285s] [  7%] [34m[1mGenerating C++ type support for eProsima Fast-RTPS[0m
[1.285s] [ 12%] [34m[1mGenerating C++ type support dispatch for ROS interfaces[0m
[1.286s] [ 12%] [32mBuilding C object CMakeFiles/my_robot_controller__rosidl_generator_c.dir/rosidl_generator_c/my_robot_controller/msg/detail/led_state__functions.c.o[0m
[1.286s] [ 12%] [32mBuilding C object CMakeFiles/my_robot_controller__rosidl_generator_c.dir/rosidl_generator_c/my_robot_controller/msg/detail/hardware_status__functions.c.o[0m
[1.286s] [ 14%] [32mBuilding C object CMakeFiles/my_robot_controller__rosidl_generator_c.dir/rosidl_generator_c/my_robot_controller/srv/detail/led_srv__functions.c.o[0m
[1.287s] [ 16%] [32mBuilding C object CMakeFiles/my_robot_controller__rosidl_generator_c.dir/rosidl_generator_c/my_robot_controller/srv/detail/compute_rectangle_area__functions.c.o[0m
[1.339s] [ 18%] [32m[1mLinking C shared library libmy_robot_controller__rosidl_generator_c.so[0m
[1.379s] [ 18%] Built target my_robot_controller__rosidl_generator_c
[1.390s] [ 23%] [34m[1mGenerating C introspection for ROS interfaces[0m
[1.390s] [ 23%] [34m[1mGenerating C type support for eProsima Fast-RTPS[0m
[1.390s] [ 23%] [34m[1mGenerating C type support dispatch for ROS interfaces[0m
[1.566s] [35m[1mConsolidate compiler generated dependencies of target my_robot_controller__rosidl_typesupport_cpp[0m
[1.583s] [ 25%] [32mBuilding CXX object CMakeFiles/my_robot_controller__rosidl_typesupport_cpp.dir/rosidl_typesupport_cpp/my_robot_controller/srv/compute_rectangle_area__type_support.cpp.o[0m
[1.584s] [ 27%] [32mBuilding CXX object CMakeFiles/my_robot_controller__rosidl_typesupport_cpp.dir/rosidl_typesupport_cpp/my_robot_controller/msg/hardware_status__type_support.cpp.o[0m
[1.584s] [ 29%] [32mBuilding CXX object CMakeFiles/my_robot_controller__rosidl_typesupport_cpp.dir/rosidl_typesupport_cpp/my_robot_controller/msg/led_state__type_support.cpp.o[0m
[1.584s] [ 30%] [32mBuilding CXX object CMakeFiles/my_robot_controller__rosidl_typesupport_cpp.dir/rosidl_typesupport_cpp/my_robot_controller/srv/led_srv__type_support.cpp.o[0m
[1.621s] [35m[1mConsolidate compiler generated dependencies of target my_robot_controller__rosidl_typesupport_introspection_cpp[0m
[1.651s] [ 32%] [32mBuilding CXX object CMakeFiles/my_robot_controller__rosidl_typesupport_introspection_cpp.dir/rosidl_typesupport_introspection_cpp/my_robot_controller/msg/detail/hardware_status__type_support.cpp.o[0m
[1.654s] [ 34%] [32mBuilding CXX object CMakeFiles/my_robot_controller__rosidl_typesupport_introspection_cpp.dir/rosidl_typesupport_introspection_cpp/my_robot_controller/msg/detail/led_state__type_support.cpp.o[0m
[1.664s] [ 38%] [32mBuilding CXX object CMakeFiles/my_robot_controller__rosidl_typesupport_introspection_cpp.dir/rosidl_typesupport_introspection_cpp/my_robot_controller/srv/detail/led_srv__type_support.cpp.o[0m
[1.665s] [ 38%] [32mBuilding CXX object CMakeFiles/my_robot_controller__rosidl_typesupport_introspection_cpp.dir/rosidl_typesupport_introspection_cpp/my_robot_controller/srv/detail/compute_rectangle_area__type_support.cpp.o[0m
[1.666s] [35m[1mConsolidate compiler generated dependencies of target my_robot_controller__rosidl_typesupport_fastrtps_cpp[0m
[1.710s] [ 40%] [32mBuilding CXX object CMakeFiles/my_robot_controller__rosidl_typesupport_fastrtps_cpp.dir/rosidl_typesupport_fastrtps_cpp/my_robot_controller/msg/detail/dds_fastrtps/hardware_status__type_support.cpp.o[0m
[1.765s] [35m[1mConsolidate compiler generated dependencies of target my_robot_controller__rosidl_typesupport_c[0m
[1.788s] [ 41%] [32mBuilding CXX object CMakeFiles/my_robot_controller__rosidl_typesupport_c.dir/rosidl_typesupport_c/my_robot_controller/msg/hardware_status__type_support.cpp.o[0m
[1.834s] [ 43%] [32mBuilding CXX object CMakeFiles/my_robot_controller__rosidl_typesupport_c.dir/rosidl_typesupport_c/my_robot_controller/msg/led_state__type_support.cpp.o[0m
[1.882s] [ 45%] [32mBuilding CXX object CMakeFiles/my_robot_controller__rosidl_typesupport_c.dir/rosidl_typesupport_c/my_robot_controller/srv/led_srv__type_support.cpp.o[0m
[1.898s] [35m[1mConsolidate compiler generated dependencies of target my_robot_controller__rosidl_typesupport_fastrtps_c[0m
[1.901s] [35m[1mConsolidate compiler generated dependencies of target my_robot_controller__rosidl_typesupport_introspection_c[0m
[1.921s] [ 47%] [32mBuilding C object CMakeFiles/my_robot_controller__rosidl_typesupport_introspection_c.dir/rosidl_typesupport_introspection_c/my_robot_controller/msg/detail/hardware_status__type_support.c.o[0m
[1.922s] [ 49%] [32mBuilding CXX object CMakeFiles/my_robot_controller__rosidl_typesupport_fastrtps_c.dir/rosidl_typesupport_fastrtps_c/my_robot_controller/msg/detail/hardware_status__type_support_c.cpp.o[0m
[1.931s] [ 50%] [32mBuilding CXX object CMakeFiles/my_robot_controller__rosidl_typesupport_c.dir/rosidl_typesupport_c/my_robot_controller/srv/compute_rectangle_area__type_support.cpp.o[0m
[1.943s] [ 52%] [32mBuilding CXX object CMakeFiles/my_robot_controller__rosidl_typesupport_fastrtps_c.dir/rosidl_typesupport_fastrtps_c/my_robot_controller/msg/detail/led_state__type_support_c.cpp.o[0m
[1.958s] [ 54%] [32mBuilding CXX object CMakeFiles/my_robot_controller__rosidl_typesupport_fastrtps_c.dir/rosidl_typesupport_fastrtps_c/my_robot_controller/srv/detail/compute_rectangle_area__type_support_c.cpp.o[0m
[1.960s] [ 56%] [32mBuilding CXX object CMakeFiles/my_robot_controller__rosidl_typesupport_fastrtps_c.dir/rosidl_typesupport_fastrtps_c/my_robot_controller/srv/detail/led_srv__type_support_c.cpp.o[0m
[1.970s] [ 58%] [32m[1mLinking CXX shared library libmy_robot_controller__rosidl_typesupport_cpp.so[0m
[1.974s] [ 60%] [32mBuilding C object CMakeFiles/my_robot_controller__rosidl_typesupport_introspection_c.dir/rosidl_typesupport_introspection_c/my_robot_controller/msg/detail/led_state__type_support.c.o[0m
[1.976s] [ 61%] [32m[1mLinking CXX shared library libmy_robot_controller__rosidl_typesupport_c.so[0m
[2.028s] [ 63%] [32mBuilding C object CMakeFiles/my_robot_controller__rosidl_typesupport_introspection_c.dir/rosidl_typesupport_introspection_c/my_robot_controller/srv/detail/led_srv__type_support.c.o[0m
[2.043s] [ 63%] Built target my_robot_controller__rosidl_typesupport_c
[2.059s] [ 65%] [32mBuilding C object CMakeFiles/my_robot_controller__rosidl_typesupport_introspection_c.dir/rosidl_typesupport_introspection_c/my_robot_controller/srv/detail/compute_rectangle_area__type_support.c.o[0m
[2.067s] [ 65%] Built target my_robot_controller__rosidl_typesupport_cpp
[2.082s] [ 67%] [32mBuilding CXX object CMakeFiles/my_robot_controller__rosidl_typesupport_fastrtps_cpp.dir/rosidl_typesupport_fastrtps_cpp/my_robot_controller/msg/detail/dds_fastrtps/led_state__type_support.cpp.o[0m
[2.086s] [ 69%] [32mBuilding CXX object CMakeFiles/my_robot_controller__rosidl_typesupport_fastrtps_cpp.dir/rosidl_typesupport_fastrtps_cpp/my_robot_controller/srv/detail/dds_fastrtps/led_srv__type_support.cpp.o[0m
[2.114s] [ 70%] [32m[1mLinking C shared library libmy_robot_controller__rosidl_typesupport_introspection_c.so[0m
[2.167s] [ 72%] [32mBuilding CXX object CMakeFiles/my_robot_controller__rosidl_typesupport_fastrtps_cpp.dir/rosidl_typesupport_fastrtps_cpp/my_robot_controller/srv/detail/dds_fastrtps/compute_rectangle_area__type_support.cpp.o[0m
[2.168s] [ 72%] Built target my_robot_controller__rosidl_typesupport_introspection_c
[2.207s] [ 74%] [32m[1mLinking CXX shared library libmy_robot_controller__rosidl_typesupport_introspection_cpp.so[0m
[2.284s] [ 74%] Built target my_robot_controller__rosidl_typesupport_introspection_cpp
[2.397s] [ 76%] [32m[1mLinking CXX shared library libmy_robot_controller__rosidl_typesupport_fastrtps_c.so[0m
[2.462s] [ 76%] Built target my_robot_controller__rosidl_typesupport_fastrtps_c
[2.514s] [ 78%] [32m[1mLinking CXX shared library libmy_robot_controller__rosidl_typesupport_fastrtps_cpp.so[0m
[2.575s] [ 78%] Built target my_robot_controller__rosidl_typesupport_fastrtps_cpp
[2.593s] [ 78%] Built target my_robot_controller
[2.612s] [ 80%] [34m[1mGenerating Python code for ROS interfaces[0m
[3.110s] [ 80%] Built target my_robot_controller__py
[3.119s] [35m[1mConsolidate compiler generated dependencies of target my_robot_controller__rosidl_generator_py[0m
[3.133s] [ 87%] [32mBuilding C object CMakeFiles/my_robot_controller__rosidl_generator_py.dir/rosidl_generator_py/my_robot_controller/srv/_led_srv_s.c.o[0m
[3.133s] [ 87%] [32mBuilding C object CMakeFiles/my_robot_controller__rosidl_generator_py.dir/rosidl_generator_py/my_robot_controller/msg/_led_state_s.c.o[0m
[3.133s] [ 87%] [32mBuilding C object CMakeFiles/my_robot_controller__rosidl_generator_py.dir/rosidl_generator_py/my_robot_controller/msg/_hardware_status_s.c.o[0m
[3.133s] [ 87%] [32mBuilding C object CMakeFiles/my_robot_controller__rosidl_generator_py.dir/rosidl_generator_py/my_robot_controller/srv/_compute_rectangle_area_s.c.o[0m
[3.213s] [ 89%] [32m[1mLinking C shared library rosidl_generator_py/my_robot_controller/libmy_robot_controller__rosidl_generator_py.so[0m
[3.250s] [ 89%] Built target my_robot_controller__rosidl_generator_py
[3.259s] [35m[1mConsolidate compiler generated dependencies of target my_robot_controller__rosidl_typesupport_introspection_c__pyext[0m
[3.259s] [35m[1mConsolidate compiler generated dependencies of target my_robot_controller__rosidl_typesupport_fastrtps_c__pyext[0m
[3.259s] [35m[1mConsolidate compiler generated dependencies of target my_robot_controller__rosidl_typesupport_c__pyext[0m
[3.272s] [ 94%] [32mBuilding C object CMakeFiles/my_robot_controller__rosidl_typesupport_introspection_c__pyext.dir/rosidl_generator_py/my_robot_controller/_my_robot_controller_s.ep.rosidl_typesupport_introspection_c.c.o[0m
[3.272s] [ 94%] [32mBuilding C object CMakeFiles/my_robot_controller__rosidl_typesupport_fastrtps_c__pyext.dir/rosidl_generator_py/my_robot_controller/_my_robot_controller_s.ep.rosidl_typesupport_fastrtps_c.c.o[0m
[3.272s] [ 94%] [32mBuilding C object CMakeFiles/my_robot_controller__rosidl_typesupport_c__pyext.dir/rosidl_generator_py/my_robot_controller/_my_robot_controller_s.ep.rosidl_typesupport_c.c.o[0m
[3.354s] [ 98%] [32m[1mLinking C shared library rosidl_generator_py/my_robot_controller/my_robot_controller_s__rosidl_typesupport_introspection_c.cpython-310-x86_64-linux-gnu.so[0m
[3.354s] [ 98%] [32m[1mLinking C shared library rosidl_generator_py/my_robot_controller/my_robot_controller_s__rosidl_typesupport_c.cpython-310-x86_64-linux-gnu.so[0m
[3.357s] [100%] [32m[1mLinking C shared library rosidl_generator_py/my_robot_controller/my_robot_controller_s__rosidl_typesupport_fastrtps_c.cpython-310-x86_64-linux-gnu.so[0m
[3.385s] [100%] Built target my_robot_controller__rosidl_typesupport_introspection_c__pyext
[3.385s] [100%] Built target my_robot_controller__rosidl_typesupport_c__pyext
[3.386s] [100%] Built target my_robot_controller__rosidl_typesupport_fastrtps_c__pyext
[3.398s] Invoked command in '/home/praveen/msgandsrv/build/my_robot_controller' returned '0': CMAKE_PREFIX_PATH=${CMAKE_PREFIX_PATH}:/home/praveen/msgandsrv/install/msgandservice:/home/praveen/msgandsrv/install/HardwareStatus:/home/praveen/udmey/install/activity:/home/praveen/manik/install/manikrobotic:/home/praveen/ros2_ws/install/hello:/opt/ros/humble /usr/bin/cmake --build /home/praveen/msgandsrv/build/my_robot_controller -- -j12 -l12
[3.544s] Invoking command in '/home/praveen/msgandsrv/build/my_robot_controller': CMAKE_PREFIX_PATH=${CMAKE_PREFIX_PATH}:/home/praveen/msgandsrv/install/msgandservice:/home/praveen/msgandsrv/install/HardwareStatus:/home/praveen/udmey/install/activity:/home/praveen/manik/install/manikrobotic:/home/praveen/ros2_ws/install/hello:/opt/ros/humble /usr/bin/cmake --install /home/praveen/msgandsrv/build/my_robot_controller
[3.544s] -- Install configuration: ""
[3.544s] -- Execute custom install script
[3.545s] -- Up-to-date symlink: /home/praveen/msgandsrv/install/my_robot_controller/share/ament_index/resource_index/rosidl_interfaces/my_robot_controller
[3.545s] -- Up-to-date symlink: /home/praveen/msgandsrv/install/my_robot_controller/include/my_robot_controller/my_robot_controller/msg/detail/hardware_status__functions.h
[3.545s] -- Up-to-date symlink: /home/praveen/msgandsrv/install/my_robot_controller/include/my_robot_controller/my_robot_controller/msg/detail/hardware_status__struct.h
[3.545s] -- Up-to-date symlink: /home/praveen/msgandsrv/install/my_robot_controller/include/my_robot_controller/my_robot_controller/msg/detail/hardware_status__type_support.h
[3.545s] -- Up-to-date symlink: /home/praveen/msgandsrv/install/my_robot_controller/include/my_robot_controller/my_robot_controller/msg/detail/led_state__functions.h
[3.546s] -- Up-to-date symlink: /home/praveen/msgandsrv/install/my_robot_controller/include/my_robot_controller/my_robot_controller/msg/detail/led_state__struct.h
[3.546s] -- Up-to-date symlink: /home/praveen/msgandsrv/install/my_robot_controller/include/my_robot_controller/my_robot_controller/msg/detail/led_state__type_support.h
[3.546s] -- Up-to-date symlink: /home/praveen/msgandsrv/install/my_robot_controller/include/my_robot_controller/my_robot_controller/msg/hardware_status.h
[3.546s] -- Up-to-date symlink: /home/praveen/msgandsrv/install/my_robot_controller/include/my_robot_controller/my_robot_controller/msg/led_state.h
[3.546s] -- Up-to-date symlink: /home/praveen/msgandsrv/install/my_robot_controller/include/my_robot_controller/my_robot_controller/msg/rosidl_generator_c__visibility_control.h
[3.546s] -- Up-to-date symlink: /home/praveen/msgandsrv/install/my_robot_controller/include/my_robot_controller/my_robot_controller/srv/compute_rectangle_area.h
[3.546s] -- Up-to-date symlink: /home/praveen/msgandsrv/install/my_robot_controller/include/my_robot_controller/my_robot_controller/srv/detail/compute_rectangle_area__functions.h
[3.546s] -- Up-to-date symlink: /home/praveen/msgandsrv/install/my_robot_controller/include/my_robot_controller/my_robot_controller/srv/detail/compute_rectangle_area__struct.h
[3.546s] -- Up-to-date symlink: /home/praveen/msgandsrv/install/my_robot_controller/include/my_robot_controller/my_robot_controller/srv/detail/compute_rectangle_area__type_support.h
[3.546s] -- Symlinking: /home/praveen/msgandsrv/install/my_robot_controller/include/my_robot_controller/my_robot_controller/srv/detail/led_srv__functions.h
[3.555s] -- Symlinking: /home/praveen/msgandsrv/install/my_robot_controller/include/my_robot_controller/my_robot_controller/srv/detail/led_srv__struct.h
[3.562s] -- Symlinking: /home/praveen/msgandsrv/install/my_robot_controller/include/my_robot_controller/my_robot_controller/srv/detail/led_srv__type_support.h
[3.570s] -- Symlinking: /home/praveen/msgandsrv/install/my_robot_controller/include/my_robot_controller/my_robot_controller/srv/led_srv.h
[3.578s] -- Up-to-date symlink: /home/praveen/msgandsrv/install/my_robot_controller/share/my_robot_controller/environment/library_path.sh
[3.578s] -- Up-to-date symlink: /home/praveen/msgandsrv/install/my_robot_controller/share/my_robot_controller/environment/library_path.dsv
[3.579s] -- Up-to-date symlink: /home/praveen/msgandsrv/install/my_robot_controller/include/my_robot_controller/my_robot_controller/msg/detail/hardware_status__rosidl_typesupport_fastrtps_c.h
[3.579s] -- Up-to-date symlink: /home/praveen/msgandsrv/install/my_robot_controller/include/my_robot_controller/my_robot_controller/msg/detail/led_state__rosidl_typesupport_fastrtps_c.h
[3.579s] -- Up-to-date symlink: /home/praveen/msgandsrv/install/my_robot_controller/include/my_robot_controller/my_robot_controller/msg/rosidl_typesupport_fastrtps_c__visibility_control.h
[3.579s] -- Up-to-date symlink: /home/praveen/msgandsrv/install/my_robot_controller/include/my_robot_controller/my_robot_controller/srv/detail/compute_rectangle_area__rosidl_typesupport_fastrtps_c.h
[3.579s] -- Symlinking: /home/praveen/msgandsrv/install/my_robot_controller/include/my_robot_controller/my_robot_controller/srv/detail/led_srv__rosidl_typesupport_fastrtps_c.h
[3.587s] -- Up-to-date symlink: /home/praveen/msgandsrv/install/my_robot_controller/include/my_robot_controller/my_robot_controller/msg/detail/hardware_status__rosidl_typesupport_introspection_c.h
[3.587s] -- Up-to-date symlink: /home/praveen/msgandsrv/install/my_robot_controller/include/my_robot_controller/my_robot_controller/msg/detail/led_state__rosidl_typesupport_introspection_c.h
[3.587s] -- Up-to-date symlink: /home/praveen/msgandsrv/install/my_robot_controller/include/my_robot_controller/my_robot_controller/msg/rosidl_typesupport_introspection_c__visibility_control.h
[3.587s] -- Up-to-date symlink: /home/praveen/msgandsrv/install/my_robot_controller/include/my_robot_controller/my_robot_controller/srv/detail/compute_rectangle_area__rosidl_typesupport_introspection_c.h
[3.587s] -- Symlinking: /home/praveen/msgandsrv/install/my_robot_controller/include/my_robot_controller/my_robot_controller/srv/detail/led_srv__rosidl_typesupport_introspection_c.h
[3.595s] -- Up-to-date symlink: /home/praveen/msgandsrv/install/my_robot_controller/include/my_robot_controller/my_robot_controller/msg/detail/hardware_status__builder.hpp
[3.595s] -- Up-to-date symlink: /home/praveen/msgandsrv/install/my_robot_controller/include/my_robot_controller/my_robot_controller/msg/detail/hardware_status__struct.hpp
[3.595s] -- Up-to-date symlink: /home/praveen/msgandsrv/install/my_robot_controller/include/my_robot_controller/my_robot_controller/msg/detail/hardware_status__traits.hpp
[3.596s] -- Up-to-date symlink: /home/praveen/msgandsrv/install/my_robot_controller/include/my_robot_controller/my_robot_controller/msg/detail/led_state__builder.hpp
[3.596s] -- Up-to-date symlink: /home/praveen/msgandsrv/install/my_robot_controller/include/my_robot_controller/my_robot_controller/msg/detail/led_state__struct.hpp
[3.596s] -- Up-to-date symlink: /home/praveen/msgandsrv/install/my_robot_controller/include/my_robot_controller/my_robot_controller/msg/detail/led_state__traits.hpp
[3.596s] -- Up-to-date symlink: /home/praveen/msgandsrv/install/my_robot_controller/include/my_robot_controller/my_robot_controller/msg/hardware_status.hpp
[3.596s] -- Up-to-date symlink: /home/praveen/msgandsrv/install/my_robot_controller/include/my_robot_controller/my_robot_controller/msg/led_state.hpp
[3.596s] -- Up-to-date symlink: /home/praveen/msgandsrv/install/my_robot_controller/include/my_robot_controller/my_robot_controller/srv/compute_rectangle_area.hpp
[3.596s] -- Up-to-date symlink: /home/praveen/msgandsrv/install/my_robot_controller/include/my_robot_controller/my_robot_controller/srv/detail/compute_rectangle_area__builder.hpp
[3.596s] -- Up-to-date symlink: /home/praveen/msgandsrv/install/my_robot_controller/include/my_robot_controller/my_robot_controller/srv/detail/compute_rectangle_area__struct.hpp
[3.596s] -- Up-to-date symlink: /home/praveen/msgandsrv/install/my_robot_controller/include/my_robot_controller/my_robot_controller/srv/detail/compute_rectangle_area__traits.hpp
[3.596s] -- Symlinking: /home/praveen/msgandsrv/install/my_robot_controller/include/my_robot_controller/my_robot_controller/srv/detail/led_srv__builder.hpp
[3.604s] -- Symlinking: /home/praveen/msgandsrv/install/my_robot_controller/include/my_robot_controller/my_robot_controller/srv/detail/led_srv__struct.hpp
[3.612s] -- Symlinking: /home/praveen/msgandsrv/install/my_robot_controller/include/my_robot_controller/my_robot_controller/srv/detail/led_srv__traits.hpp
[3.620s] -- Symlinking: /home/praveen/msgandsrv/install/my_robot_controller/include/my_robot_controller/my_robot_controller/srv/led_srv.hpp
[3.628s] -- Up-to-date symlink: /home/praveen/msgandsrv/install/my_robot_controller/include/my_robot_controller/my_robot_controller/msg/detail/hardware_status__rosidl_typesupport_fastrtps_cpp.hpp
[3.628s] -- Up-to-date symlink: /home/praveen/msgandsrv/install/my_robot_controller/include/my_robot_controller/my_robot_controller/msg/detail/led_state__rosidl_typesupport_fastrtps_cpp.hpp
[3.629s] -- Up-to-date symlink: /home/praveen/msgandsrv/install/my_robot_controller/include/my_robot_controller/my_robot_controller/msg/rosidl_typesupport_fastrtps_cpp__visibility_control.h
[3.629s] -- Up-to-date symlink: /home/praveen/msgandsrv/install/my_robot_controller/include/my_robot_controller/my_robot_controller/srv/detail/compute_rectangle_area__rosidl_typesupport_fastrtps_cpp.hpp
[3.629s] -- Symlinking: /home/praveen/msgandsrv/install/my_robot_controller/include/my_robot_controller/my_robot_controller/srv/detail/led_srv__rosidl_typesupport_fastrtps_cpp.hpp
[3.639s] -- Up-to-date symlink: /home/praveen/msgandsrv/install/my_robot_controller/include/my_robot_controller/my_robot_controller/msg/detail/hardware_status__rosidl_typesupport_introspection_cpp.hpp
[3.639s] -- Up-to-date symlink: /home/praveen/msgandsrv/install/my_robot_controller/include/my_robot_controller/my_robot_controller/msg/detail/led_state__rosidl_typesupport_introspection_cpp.hpp
[3.639s] -- Up-to-date symlink: /home/praveen/msgandsrv/install/my_robot_controller/include/my_robot_controller/my_robot_controller/srv/detail/compute_rectangle_area__rosidl_typesupport_introspection_cpp.hpp
[3.639s] -- Symlinking: /home/praveen/msgandsrv/install/my_robot_controller/include/my_robot_controller/my_robot_controller/srv/detail/led_srv__rosidl_typesupport_introspection_cpp.hpp
[3.648s] -- Up-to-date symlink: /home/praveen/msgandsrv/install/my_robot_controller/share/my_robot_controller/environment/pythonpath.sh
[3.648s] -- Up-to-date symlink: /home/praveen/msgandsrv/install/my_robot_controller/share/my_robot_controller/environment/pythonpath.dsv
[3.648s] -- Up-to-date symlink: /home/praveen/msgandsrv/install/my_robot_controller/local/lib/python3.10/dist-packages/my_robot_controller-0.0.0-py3.10.egg-info/PKG-INFO
[3.648s] -- Up-to-date symlink: /home/praveen/msgandsrv/install/my_robot_controller/local/lib/python3.10/dist-packages/my_robot_controller-0.0.0-py3.10.egg-info/SOURCES.txt
[3.648s] -- Up-to-date symlink: /home/praveen/msgandsrv/install/my_robot_controller/local/lib/python3.10/dist-packages/my_robot_controller-0.0.0-py3.10.egg-info/dependency_links.txt
[3.648s] -- Up-to-date symlink: /home/praveen/msgandsrv/install/my_robot_controller/local/lib/python3.10/dist-packages/my_robot_controller-0.0.0-py3.10.egg-info/top_level.txt
[3.649s] -- Up-to-date symlink: /home/praveen/msgandsrv/install/my_robot_controller/local/lib/python3.10/dist-packages/my_robot_controller/__init__.py
[3.649s] -- Up-to-date symlink: /home/praveen/msgandsrv/install/my_robot_controller/local/lib/python3.10/dist-packages/my_robot_controller/_my_robot_controller_s.ep.rosidl_typesupport_c.c
[3.649s] -- Up-to-date symlink: /home/praveen/msgandsrv/install/my_robot_controller/local/lib/python3.10/dist-packages/my_robot_controller/_my_robot_controller_s.ep.rosidl_typesupport_fastrtps_c.c
[3.649s] -- Up-to-date symlink: /home/praveen/msgandsrv/install/my_robot_controller/local/lib/python3.10/dist-packages/my_robot_controller/_my_robot_controller_s.ep.rosidl_typesupport_introspection_c.c
[3.650s] -- Up-to-date symlink: /home/praveen/msgandsrv/install/my_robot_controller/local/lib/python3.10/dist-packages/my_robot_controller/libmy_robot_controller__rosidl_generator_py.so
[3.650s] -- Up-to-date symlink: /home/praveen/msgandsrv/install/my_robot_controller/local/lib/python3.10/dist-packages/my_robot_controller/msg/__init__.py
[3.650s] -- Up-to-date symlink: /home/praveen/msgandsrv/install/my_robot_controller/local/lib/python3.10/dist-packages/my_robot_controller/msg/_hardware_status.py
[3.650s] -- Up-to-date symlink: /home/praveen/msgandsrv/install/my_robot_controller/local/lib/python3.10/dist-packages/my_robot_controller/msg/_hardware_status_s.c
[3.650s] -- Up-to-date symlink: /home/praveen/msgandsrv/install/my_robot_controller/local/lib/python3.10/dist-packages/my_robot_controller/msg/_led_state.py
[3.650s] -- Up-to-date symlink: /home/praveen/msgandsrv/install/my_robot_controller/local/lib/python3.10/dist-packages/my_robot_controller/msg/_led_state_s.c
[3.650s] -- Up-to-date symlink: /home/praveen/msgandsrv/install/my_robot_controller/local/lib/python3.10/dist-packages/my_robot_controller/my_robot_controller_s__rosidl_typesupport_c.cpython-310-x86_64-linux-gnu.so
[3.650s] -- Up-to-date symlink: /home/praveen/msgandsrv/install/my_robot_controller/local/lib/python3.10/dist-packages/my_robot_controller/my_robot_controller_s__rosidl_typesupport_fastrtps_c.cpython-310-x86_64-linux-gnu.so
[3.650s] -- Up-to-date symlink: /home/praveen/msgandsrv/install/my_robot_controller/local/lib/python3.10/dist-packages/my_robot_controller/my_robot_controller_s__rosidl_typesupport_introspection_c.cpython-310-x86_64-linux-gnu.so
[3.651s] -- Up-to-date symlink: /home/praveen/msgandsrv/install/my_robot_controller/local/lib/python3.10/dist-packages/my_robot_controller/srv/__init__.py
[3.651s] -- Up-to-date symlink: /home/praveen/msgandsrv/install/my_robot_controller/local/lib/python3.10/dist-packages/my_robot_controller/srv/_compute_rectangle_area.py
[3.651s] -- Up-to-date symlink: /home/praveen/msgandsrv/install/my_robot_controller/local/lib/python3.10/dist-packages/my_robot_controller/srv/_compute_rectangle_area_s.c
[3.651s] -- Symlinking: /home/praveen/msgandsrv/install/my_robot_controller/local/lib/python3.10/dist-packages/my_robot_controller/srv/_led_srv.py
[3.659s] -- Symlinking: /home/praveen/msgandsrv/install/my_robot_controller/local/lib/python3.10/dist-packages/my_robot_controller/srv/_led_srv_s.c
[3.667s] -- Up-to-date symlink: /home/praveen/msgandsrv/install/my_robot_controller/local/lib/python3.10/dist-packages/my_robot_controller/my_robot_controller_s__rosidl_typesupport_fastrtps_c.cpython-310-x86_64-linux-gnu.so
[3.667s] -- Up-to-date symlink: /home/praveen/msgandsrv/install/my_robot_controller/local/lib/python3.10/dist-packages/my_robot_controller/my_robot_controller_s__rosidl_typesupport_introspection_c.cpython-310-x86_64-linux-gnu.so
[3.667s] -- Up-to-date symlink: /home/praveen/msgandsrv/install/my_robot_controller/local/lib/python3.10/dist-packages/my_robot_controller/my_robot_controller_s__rosidl_typesupport_c.cpython-310-x86_64-linux-gnu.so
[3.667s] -- Up-to-date symlink: /home/praveen/msgandsrv/install/my_robot_controller/share/my_robot_controller/msg/HardwareStatus.idl
[3.668s] -- Up-to-date symlink: /home/praveen/msgandsrv/install/my_robot_controller/share/my_robot_controller/msg/LedState.idl
[3.668s] -- Symlinking: /home/praveen/msgandsrv/install/my_robot_controller/share/my_robot_controller/srv/LedSrv.idl
[3.675s] -- Up-to-date symlink: /home/praveen/msgandsrv/install/my_robot_controller/share/my_robot_controller/srv/ComputeRectangleArea.idl
[3.676s] -- Up-to-date symlink: /home/praveen/msgandsrv/install/my_robot_controller/share/my_robot_controller/msg/HardwareStatus.msg
[3.676s] -- Up-to-date symlink: /home/praveen/msgandsrv/install/my_robot_controller/share/my_robot_controller/msg/LedState.msg
[3.676s] -- Symlinking: /home/praveen/msgandsrv/install/my_robot_controller/share/my_robot_controller/srv/LedSrv.srv
[3.685s] -- Symlinking: /home/praveen/msgandsrv/install/my_robot_controller/share/my_robot_controller/srv/LedSrv_Request.msg
[3.693s] -- Symlinking: /home/praveen/msgandsrv/install/my_robot_controller/share/my_robot_controller/srv/LedSrv_Response.msg
[3.701s] -- Up-to-date symlink: /home/praveen/msgandsrv/install/my_robot_controller/share/my_robot_controller/srv/ComputeRectangleArea.srv
[3.701s] -- Up-to-date symlink: /home/praveen/msgandsrv/install/my_robot_controller/share/my_robot_controller/srv/ComputeRectangleArea_Request.msg
[3.702s] -- Up-to-date symlink: /home/praveen/msgandsrv/install/my_robot_controller/share/my_robot_controller/srv/ComputeRectangleArea_Response.msg
[3.702s] -- Up-to-date symlink: /home/praveen/msgandsrv/install/my_robot_controller/share/ament_index/resource_index/package_run_dependencies/my_robot_controller
[3.702s] -- Up-to-date symlink: /home/praveen/msgandsrv/install/my_robot_controller/share/ament_index/resource_index/parent_prefix_path/my_robot_controller
[3.703s] -- Up-to-date symlink: /home/praveen/msgandsrv/install/my_robot_controller/share/my_robot_controller/environment/ament_prefix_path.sh
[3.703s] -- Up-to-date symlink: /home/praveen/msgandsrv/install/my_robot_controller/share/my_robot_controller/environment/ament_prefix_path.dsv
[3.703s] -- Up-to-date symlink: /home/praveen/msgandsrv/install/my_robot_controller/share/my_robot_controller/environment/path.sh
[3.703s] -- Up-to-date symlink: /home/praveen/msgandsrv/install/my_robot_controller/share/my_robot_controller/environment/path.dsv
[3.703s] -- Up-to-date symlink: /home/praveen/msgandsrv/install/my_robot_controller/share/my_robot_controller/local_setup.bash
[3.704s] -- Up-to-date symlink: /home/praveen/msgandsrv/install/my_robot_controller/share/my_robot_controller/local_setup.sh
[3.704s] -- Up-to-date symlink: /home/praveen/msgandsrv/install/my_robot_controller/share/my_robot_controller/local_setup.zsh
[3.704s] -- Up-to-date symlink: /home/praveen/msgandsrv/install/my_robot_controller/share/my_robot_controller/local_setup.dsv
[3.704s] -- Symlinking: /home/praveen/msgandsrv/install/my_robot_controller/share/my_robot_controller/package.dsv
[3.712s] -- Up-to-date symlink: /home/praveen/msgandsrv/install/my_robot_controller/share/ament_index/resource_index/packages/my_robot_controller
[3.712s] -- Up-to-date symlink: /home/praveen/msgandsrv/install/my_robot_controller/share/my_robot_controller/cmake/rosidl_cmake-extras.cmake
[3.712s] -- Up-to-date symlink: /home/praveen/msgandsrv/install/my_robot_controller/share/my_robot_controller/cmake/ament_cmake_export_include_directories-extras.cmake
[3.713s] -- Up-to-date symlink: /home/praveen/msgandsrv/install/my_robot_controller/share/my_robot_controller/cmake/ament_cmake_export_libraries-extras.cmake
[3.713s] -- Up-to-date symlink: /home/praveen/msgandsrv/install/my_robot_controller/share/my_robot_controller/cmake/ament_cmake_export_targets-extras.cmake
[3.713s] -- Up-to-date symlink: /home/praveen/msgandsrv/install/my_robot_controller/share/my_robot_controller/cmake/rosidl_cmake_export_typesupport_targets-extras.cmake
[3.713s] -- Up-to-date symlink: /home/praveen/msgandsrv/install/my_robot_controller/share/my_robot_controller/cmake/ament_cmake_export_dependencies-extras.cmake
[3.713s] -- Up-to-date symlink: /home/praveen/msgandsrv/install/my_robot_controller/share/my_robot_controller/cmake/rosidl_cmake_export_typesupport_libraries-extras.cmake
[3.713s] -- Up-to-date symlink: /home/praveen/msgandsrv/install/my_robot_controller/share/my_robot_controller/cmake/my_robot_controllerConfig.cmake
[3.713s] -- Up-to-date symlink: /home/praveen/msgandsrv/install/my_robot_controller/share/my_robot_controller/cmake/my_robot_controllerConfig-version.cmake
[3.713s] -- Up-to-date symlink: /home/praveen/msgandsrv/install/my_robot_controller/share/my_robot_controller/package.xml
[3.714s] -- Installing: /home/praveen/msgandsrv/install/my_robot_controller/lib/libmy_robot_controller__rosidl_generator_c.so
[3.714s] -- Set runtime path of "/home/praveen/msgandsrv/install/my_robot_controller/lib/libmy_robot_controller__rosidl_generator_c.so" to ""
[3.714s] -- Installing: /home/praveen/msgandsrv/install/my_robot_controller/lib/libmy_robot_controller__rosidl_typesupport_fastrtps_c.so
[3.715s] -- Set runtime path of "/home/praveen/msgandsrv/install/my_robot_controller/lib/libmy_robot_controller__rosidl_typesupport_fastrtps_c.so" to ""
[3.715s] -- Installing: /home/praveen/msgandsrv/install/my_robot_controller/lib/libmy_robot_controller__rosidl_typesupport_introspection_c.so
[3.715s] -- Set runtime path of "/home/praveen/msgandsrv/install/my_robot_controller/lib/libmy_robot_controller__rosidl_typesupport_introspection_c.so" to ""
[3.715s] -- Installing: /home/praveen/msgandsrv/install/my_robot_controller/lib/libmy_robot_controller__rosidl_typesupport_c.so
[3.716s] -- Set runtime path of "/home/praveen/msgandsrv/install/my_robot_controller/lib/libmy_robot_controller__rosidl_typesupport_c.so" to ""
[3.716s] -- Installing: /home/praveen/msgandsrv/install/my_robot_controller/lib/libmy_robot_controller__rosidl_typesupport_fastrtps_cpp.so
[3.716s] -- Set runtime path of "/home/praveen/msgandsrv/install/my_robot_controller/lib/libmy_robot_controller__rosidl_typesupport_fastrtps_cpp.so" to ""
[3.716s] -- Installing: /home/praveen/msgandsrv/install/my_robot_controller/lib/libmy_robot_controller__rosidl_typesupport_introspection_cpp.so
[3.717s] -- Set runtime path of "/home/praveen/msgandsrv/install/my_robot_controller/lib/libmy_robot_controller__rosidl_typesupport_introspection_cpp.so" to ""
[3.717s] -- Installing: /home/praveen/msgandsrv/install/my_robot_controller/lib/libmy_robot_controller__rosidl_typesupport_cpp.so
[3.717s] -- Set runtime path of "/home/praveen/msgandsrv/install/my_robot_controller/lib/libmy_robot_controller__rosidl_typesupport_cpp.so" to ""
[3.751s] Listing '/home/praveen/msgandsrv/install/my_robot_controller/local/lib/python3.10/dist-packages/my_robot_controller'...
[3.751s] Compiling '/home/praveen/msgandsrv/install/my_robot_controller/local/lib/python3.10/dist-packages/my_robot_controller/__init__.py'...
[3.751s] Listing '/home/praveen/msgandsrv/install/my_robot_controller/local/lib/python3.10/dist-packages/my_robot_controller/msg'...
[3.751s] Compiling '/home/praveen/msgandsrv/install/my_robot_controller/local/lib/python3.10/dist-packages/my_robot_controller/msg/__init__.py'...
[3.751s] Compiling '/home/praveen/msgandsrv/install/my_robot_controller/local/lib/python3.10/dist-packages/my_robot_controller/msg/_hardware_status.py'...
[3.751s] Compiling '/home/praveen/msgandsrv/install/my_robot_controller/local/lib/python3.10/dist-packages/my_robot_controller/msg/_led_state.py'...
[3.751s] Listing '/home/praveen/msgandsrv/install/my_robot_controller/local/lib/python3.10/dist-packages/my_robot_controller/srv'...
[3.751s] Compiling '/home/praveen/msgandsrv/install/my_robot_controller/local/lib/python3.10/dist-packages/my_robot_controller/srv/__init__.py'...
[3.751s] Compiling '/home/praveen/msgandsrv/install/my_robot_controller/local/lib/python3.10/dist-packages/my_robot_controller/srv/_compute_rectangle_area.py'...
[3.751s] Compiling '/home/praveen/msgandsrv/install/my_robot_controller/local/lib/python3.10/dist-packages/my_robot_controller/srv/_led_srv.py'...
[3.754s] -- Installing: /home/praveen/msgandsrv/install/my_robot_controller/lib/libmy_robot_controller__rosidl_generator_py.so
[3.754s] -- Set runtime path of "/home/praveen/msgandsrv/install/my_robot_controller/lib/libmy_robot_controller__rosidl_generator_py.so" to ""
[3.755s] -- Up-to-date: /home/praveen/msgandsrv/install/my_robot_controller/share/my_robot_controller/cmake/export_my_robot_controller__rosidl_generator_cExport.cmake
[3.755s] -- Up-to-date: /home/praveen/msgandsrv/install/my_robot_controller/share/my_robot_controller/cmake/export_my_robot_controller__rosidl_generator_cExport-noconfig.cmake
[3.755s] -- Up-to-date: /home/praveen/msgandsrv/install/my_robot_controller/share/my_robot_controller/cmake/export_my_robot_controller__rosidl_typesupport_fastrtps_cExport.cmake
[3.755s] -- Up-to-date: /home/praveen/msgandsrv/install/my_robot_controller/share/my_robot_controller/cmake/export_my_robot_controller__rosidl_typesupport_fastrtps_cExport-noconfig.cmake
[3.755s] -- Up-to-date: /home/praveen/msgandsrv/install/my_robot_controller/share/my_robot_controller/cmake/my_robot_controller__rosidl_typesupport_introspection_cExport.cmake
[3.755s] -- Up-to-date: /home/praveen/msgandsrv/install/my_robot_controller/share/my_robot_controller/cmake/my_robot_controller__rosidl_typesupport_introspection_cExport-noconfig.cmake
[3.755s] -- Up-to-date: /home/praveen/msgandsrv/install/my_robot_controller/share/my_robot_controller/cmake/my_robot_controller__rosidl_typesupport_cExport.cmake
[3.755s] -- Up-to-date: /home/praveen/msgandsrv/install/my_robot_controller/share/my_robot_controller/cmake/my_robot_controller__rosidl_typesupport_cExport-noconfig.cmake
[3.755s] -- Up-to-date: /home/praveen/msgandsrv/install/my_robot_controller/share/my_robot_controller/cmake/export_my_robot_controller__rosidl_generator_cppExport.cmake
[3.755s] -- Up-to-date: /home/praveen/msgandsrv/install/my_robot_controller/share/my_robot_controller/cmake/export_my_robot_controller__rosidl_typesupport_fastrtps_cppExport.cmake
[3.755s] -- Up-to-date: /home/praveen/msgandsrv/install/my_robot_controller/share/my_robot_controller/cmake/export_my_robot_controller__rosidl_typesupport_fastrtps_cppExport-noconfig.cmake
[3.756s] -- Up-to-date: /home/praveen/msgandsrv/install/my_robot_controller/share/my_robot_controller/cmake/my_robot_controller__rosidl_typesupport_introspection_cppExport.cmake
[3.756s] -- Up-to-date: /home/praveen/msgandsrv/install/my_robot_controller/share/my_robot_controller/cmake/my_robot_controller__rosidl_typesupport_introspection_cppExport-noconfig.cmake
[3.756s] -- Up-to-date: /home/praveen/msgandsrv/install/my_robot_controller/share/my_robot_controller/cmake/my_robot_controller__rosidl_typesupport_cppExport.cmake
[3.756s] -- Up-to-date: /home/praveen/msgandsrv/install/my_robot_controller/share/my_robot_controller/cmake/my_robot_controller__rosidl_typesupport_cppExport-noconfig.cmake
[3.756s] -- Up-to-date: /home/praveen/msgandsrv/install/my_robot_controller/share/my_robot_controller/cmake/export_my_robot_controller__rosidl_generator_pyExport.cmake
[3.756s] -- Up-to-date: /home/praveen/msgandsrv/install/my_robot_controller/share/my_robot_controller/cmake/export_my_robot_controller__rosidl_generator_pyExport-noconfig.cmake
[3.758s] Invoked command in '/home/praveen/msgandsrv/build/my_robot_controller' returned '0': CMAKE_PREFIX_PATH=${CMAKE_PREFIX_PATH}:/home/praveen/msgandsrv/install/msgandservice:/home/praveen/msgandsrv/install/HardwareStatus:/home/praveen/udmey/install/activity:/home/praveen/manik/install/manikrobotic:/home/praveen/ros2_ws/install/hello:/opt/ros/humble /usr/bin/cmake --install /home/praveen/msgandsrv/build/my_robot_controller
