[0.010s] Invoking command in '/home/praveen/msgandsrv/build/my_robot_controller': CMAKE_PREFIX_PATH=${CMAKE_PREFIX_PATH}:/home/praveen/udmey/install/activity:/home/praveen/manik/install/manikrobotic:/home/praveen/ros2_ws/install/hello:/opt/ros/humble /usr/bin/cmake /home/praveen/msgandsrv/src/my_robot_controller -DAMENT_CMAKE_SYMLINK_INSTALL=1 -DCMAKE_INSTALL_PREFIX=/home/praveen/msgandsrv/install/my_robot_controller
[0.060s] -- The C compiler identification is GNU 11.4.0
[0.108s] -- The CXX compiler identification is GNU 11.4.0
[0.115s] -- Detecting C compiler ABI info
[0.185s] -- Detecting C compiler ABI info - done
[0.190s] -- Check for working C compiler: /usr/bin/cc - skipped
[0.190s] -- Detecting C compile features
[0.191s] -- Detecting C compile features - done
[0.193s] -- Detecting CXX compiler ABI info
[0.268s] -- Detecting CXX compiler ABI info - done
[0.273s] -- Check for working CXX compiler: /usr/bin/c++ - skipped
[0.273s] -- Detecting CXX compile features
[0.274s] -- Detecting CXX compile features - done
[0.276s] -- Found ament_cmake: 1.3.9 (/opt/ros/humble/share/ament_cmake/cmake)
[0.410s] -- Found Python3: /usr/bin/python3 (found version "3.10.12") found components: Interpreter 
[0.472s] -- Override CMake install command with custom implementation using symlinks instead of copying resources
[0.500s] -- Found rosidl_default_generators: 1.2.0 (/opt/ros/humble/share/rosidl_default_generators/cmake)
[0.503s] -- Using all available rosidl_typesupport_c: rosidl_typesupport_fastrtps_c;rosidl_typesupport_introspection_c
[0.510s] -- Found rosidl_adapter: 3.1.5 (/opt/ros/humble/share/rosidl_adapter/cmake)
[0.545s] -- Using all available rosidl_typesupport_cpp: rosidl_typesupport_fastrtps_cpp;rosidl_typesupport_introspection_cpp
[0.776s] -- Found ament_cmake_ros: 0.10.0 (/opt/ros/humble/share/ament_cmake_ros/cmake)
[0.934s] -- Using all available rosidl_typesupport_c: rosidl_typesupport_fastrtps_c;rosidl_typesupport_introspection_c
[1.149s] -- Using all available rosidl_typesupport_cpp: rosidl_typesupport_fastrtps_cpp;rosidl_typesupport_introspection_cpp
[1.169s] -- Found PythonInterp: /usr/bin/python3 (found suitable version "3.10.12", minimum required is "3.6") 
[1.170s] -- Found python_cmake_module: 0.10.0 (/opt/ros/humble/share/python_cmake_module/cmake)
[1.194s] -- Found PythonLibs: /usr/lib/x86_64-linux-gnu/libpython3.10.so (found suitable version "3.10.12", minimum required is "3.5") 
[1.194s] -- Using PYTHON_EXECUTABLE: /usr/bin/python3
[1.194s] -- Using PYTHON_INCLUDE_DIRS: /usr/include/python3.10
[1.194s] -- Using PYTHON_LIBRARIES: /usr/lib/x86_64-linux-gnu/libpython3.10.so
[1.212s] -- Found PythonExtra: .so  
[1.249s] -- Configuring done
[1.274s] -- Generating done
[1.277s] -- Build files have been written to: /home/praveen/msgandsrv/build/my_robot_controller
[1.285s] Invoked command in '/home/praveen/msgandsrv/build/my_robot_controller' returned '0': CMAKE_PREFIX_PATH=${CMAKE_PREFIX_PATH}:/home/praveen/udmey/install/activity:/home/praveen/manik/install/manikrobotic:/home/praveen/ros2_ws/install/hello:/opt/ros/humble /usr/bin/cmake /home/praveen/msgandsrv/src/my_robot_controller -DAMENT_CMAKE_SYMLINK_INSTALL=1 -DCMAKE_INSTALL_PREFIX=/home/praveen/msgandsrv/install/my_robot_controller
[1.287s] Invoking command in '/home/praveen/msgandsrv/build/my_robot_controller': CMAKE_PREFIX_PATH=${CMAKE_PREFIX_PATH}:/home/praveen/udmey/install/activity:/home/praveen/manik/install/manikrobotic:/home/praveen/ros2_ws/install/hello:/opt/ros/humble /usr/bin/cmake --build /home/praveen/msgandsrv/build/my_robot_controller -- -j12 -l12
[1.327s] [  3%] [34m[1mGenerating C code for ROS interfaces[0m
[1.337s] [  6%] [34m[1mGenerating C++ code for ROS interfaces[0m
[1.347s] [  6%] Built target ament_cmake_python_symlink_my_robot_controller
[1.528s] [  9%] [32mBuilding C object CMakeFiles/my_robot_controller__rosidl_generator_c.dir/rosidl_generator_c/my_robot_controller/msg/detail/hardware_status__functions.c.o[0m
[1.531s] [  9%] Built target my_robot_controller__cpp
[1.540s] [ 19%] [34m[1mGenerating C++ introspection for ROS interfaces[0m
[1.540s] [ 19%] [34m[1mGenerating C++ type support dispatch for ROS interfaces[0m
[1.540s] [ 19%] [34m[1mGenerating C++ type support for eProsima Fast-RTPS[0m
[1.566s] running egg_info
[1.567s] creating my_robot_controller.egg-info
[1.567s] writing my_robot_controller.egg-info/PKG-INFO
[1.567s] writing dependency_links to my_robot_controller.egg-info/dependency_links.txt
[1.567s] writing top-level names to my_robot_controller.egg-info/top_level.txt
[1.568s] writing manifest file 'my_robot_controller.egg-info/SOURCES.txt'
[1.570s] reading manifest file 'my_robot_controller.egg-info/SOURCES.txt'
[1.570s] writing manifest file 'my_robot_controller.egg-info/SOURCES.txt'
[1.571s] [ 22%] [32m[1mLinking C shared library libmy_robot_controller__rosidl_generator_c.so[0m
[1.600s] [ 22%] Built target ament_cmake_python_build_my_robot_controller_egg
[1.606s] [ 22%] Built target my_robot_controller__rosidl_generator_c
[1.616s] [ 32%] [34m[1mGenerating C type support for eProsima Fast-RTPS[0m
[1.616s] [ 32%] [34m[1mGenerating C type support dispatch for ROS interfaces[0m
[1.617s] [ 32%] [34m[1mGenerating C introspection for ROS interfaces[0m
[1.720s] [ 35%] [32mBuilding CXX object CMakeFiles/my_robot_controller__rosidl_typesupport_cpp.dir/rosidl_typesupport_cpp/my_robot_controller/msg/hardware_status__type_support.cpp.o[0m
[1.736s] [ 38%] [32mBuilding CXX object CMakeFiles/my_robot_controller__rosidl_typesupport_introspection_cpp.dir/rosidl_typesupport_introspection_cpp/my_robot_controller/msg/detail/hardware_status__type_support.cpp.o[0m
[1.746s] [ 41%] [32mBuilding CXX object CMakeFiles/my_robot_controller__rosidl_typesupport_fastrtps_cpp.dir/rosidl_typesupport_fastrtps_cpp/my_robot_controller/msg/detail/dds_fastrtps/hardware_status__type_support.cpp.o[0m
[1.804s] [ 45%] [32mBuilding CXX object CMakeFiles/my_robot_controller__rosidl_typesupport_c.dir/rosidl_typesupport_c/my_robot_controller/msg/hardware_status__type_support.cpp.o[0m
[1.822s] [ 48%] [32mBuilding C object CMakeFiles/my_robot_controller__rosidl_typesupport_introspection_c.dir/rosidl_typesupport_introspection_c/my_robot_controller/msg/detail/hardware_status__type_support.c.o[0m
[1.828s] [ 51%] [32mBuilding CXX object CMakeFiles/my_robot_controller__rosidl_typesupport_fastrtps_c.dir/rosidl_typesupport_fastrtps_c/my_robot_controller/msg/detail/hardware_status__type_support_c.cpp.o[0m
[1.835s] [ 54%] [32m[1mLinking CXX shared library libmy_robot_controller__rosidl_typesupport_c.so[0m
[1.860s] [ 58%] [32m[1mLinking C shared library libmy_robot_controller__rosidl_typesupport_introspection_c.so[0m
[1.873s] [ 58%] Built target my_robot_controller__rosidl_typesupport_c
[1.888s] [ 58%] Built target my_robot_controller__rosidl_typesupport_introspection_c
[1.936s] [ 61%] [32m[1mLinking CXX shared library libmy_robot_controller__rosidl_typesupport_cpp.so[0m
[1.972s] [ 61%] Built target my_robot_controller__rosidl_typesupport_cpp
[2.033s] [ 64%] [32m[1mLinking CXX shared library libmy_robot_controller__rosidl_typesupport_introspection_cpp.so[0m
[2.056s] [ 67%] [32m[1mLinking CXX shared library libmy_robot_controller__rosidl_typesupport_fastrtps_cpp.so[0m
[2.086s] [ 67%] Built target my_robot_controller__rosidl_typesupport_introspection_cpp
[2.095s] [ 70%] [32m[1mLinking CXX shared library libmy_robot_controller__rosidl_typesupport_fastrtps_c.so[0m
[2.117s] [ 70%] Built target my_robot_controller__rosidl_typesupport_fastrtps_cpp
[2.154s] [ 70%] Built target my_robot_controller__rosidl_typesupport_fastrtps_c
[2.172s] [ 70%] Built target my_robot_controller
[2.192s] [ 74%] [34m[1mGenerating Python code for ROS interfaces[0m
[2.399s] [ 74%] Built target my_robot_controller__py
[2.417s] [ 77%] [32mBuilding C object CMakeFiles/my_robot_controller__rosidl_generator_py.dir/rosidl_generator_py/my_robot_controller/msg/_hardware_status_s.c.o[0m
[2.499s] [ 80%] [32m[1mLinking C shared library rosidl_generator_py/my_robot_controller/libmy_robot_controller__rosidl_generator_py.so[0m
[2.535s] [ 80%] Built target my_robot_controller__rosidl_generator_py
[2.553s] [ 90%] [32mBuilding C object CMakeFiles/my_robot_controller__rosidl_typesupport_introspection_c__pyext.dir/rosidl_generator_py/my_robot_controller/_my_robot_controller_s.ep.rosidl_typesupport_introspection_c.c.o[0m
[2.553s] [ 90%] [32mBuilding C object CMakeFiles/my_robot_controller__rosidl_typesupport_fastrtps_c__pyext.dir/rosidl_generator_py/my_robot_controller/_my_robot_controller_s.ep.rosidl_typesupport_fastrtps_c.c.o[0m
[2.553s] [ 90%] [32mBuilding C object CMakeFiles/my_robot_controller__rosidl_typesupport_c__pyext.dir/rosidl_generator_py/my_robot_controller/_my_robot_controller_s.ep.rosidl_typesupport_c.c.o[0m
[2.622s] [ 96%] [32m[1mLinking C shared library rosidl_generator_py/my_robot_controller/my_robot_controller_s__rosidl_typesupport_introspection_c.cpython-310-x86_64-linux-gnu.so[0m
[2.622s] [ 96%] [32m[1mLinking C shared library rosidl_generator_py/my_robot_controller/my_robot_controller_s__rosidl_typesupport_c.cpython-310-x86_64-linux-gnu.so[0m
[2.626s] [100%] [32m[1mLinking C shared library rosidl_generator_py/my_robot_controller/my_robot_controller_s__rosidl_typesupport_fastrtps_c.cpython-310-x86_64-linux-gnu.so[0m
[2.652s] [100%] Built target my_robot_controller__rosidl_typesupport_c__pyext
[2.652s] [100%] Built target my_robot_controller__rosidl_typesupport_introspection_c__pyext
[2.656s] [100%] Built target my_robot_controller__rosidl_typesupport_fastrtps_c__pyext
[2.667s] Invoked command in '/home/praveen/msgandsrv/build/my_robot_controller' returned '0': CMAKE_PREFIX_PATH=${CMAKE_PREFIX_PATH}:/home/praveen/udmey/install/activity:/home/praveen/manik/install/manikrobotic:/home/praveen/ros2_ws/install/hello:/opt/ros/humble /usr/bin/cmake --build /home/praveen/msgandsrv/build/my_robot_controller -- -j12 -l12
[2.738s] Invoking command in '/home/praveen/msgandsrv/build/my_robot_controller': CMAKE_PREFIX_PATH=${CMAKE_PREFIX_PATH}:/home/praveen/udmey/install/activity:/home/praveen/manik/install/manikrobotic:/home/praveen/ros2_ws/install/hello:/opt/ros/humble /usr/bin/cmake --install /home/praveen/msgandsrv/build/my_robot_controller
[2.745s] -- Install configuration: ""
[2.745s] -- Execute custom install script
[2.746s] -- Symlinking: /home/praveen/msgandsrv/install/my_robot_controller/share/ament_index/resource_index/rosidl_interfaces/my_robot_controller
[2.755s] -- Symlinking: /home/praveen/msgandsrv/install/my_robot_controller/include/my_robot_controller/my_robot_controller/msg/detail/hardware_status__functions.h
[2.762s] -- Symlinking: /home/praveen/msgandsrv/install/my_robot_controller/include/my_robot_controller/my_robot_controller/msg/detail/hardware_status__struct.h
[2.770s] -- Symlinking: /home/praveen/msgandsrv/install/my_robot_controller/include/my_robot_controller/my_robot_controller/msg/detail/hardware_status__type_support.h
[2.777s] -- Symlinking: /home/praveen/msgandsrv/install/my_robot_controller/include/my_robot_controller/my_robot_controller/msg/hardware_status.h
[2.785s] -- Symlinking: /home/praveen/msgandsrv/install/my_robot_controller/include/my_robot_controller/my_robot_controller/msg/rosidl_generator_c__visibility_control.h
[2.792s] -- Symlinking: /home/praveen/msgandsrv/install/my_robot_controller/share/my_robot_controller/environment/library_path.sh
[2.800s] -- Symlinking: /home/praveen/msgandsrv/install/my_robot_controller/share/my_robot_controller/environment/library_path.dsv
[2.808s] -- Symlinking: /home/praveen/msgandsrv/install/my_robot_controller/include/my_robot_controller/my_robot_controller/msg/detail/hardware_status__rosidl_typesupport_fastrtps_c.h
[2.816s] -- Symlinking: /home/praveen/msgandsrv/install/my_robot_controller/include/my_robot_controller/my_robot_controller/msg/rosidl_typesupport_fastrtps_c__visibility_control.h
[2.824s] -- Symlinking: /home/praveen/msgandsrv/install/my_robot_controller/include/my_robot_controller/my_robot_controller/msg/detail/hardware_status__rosidl_typesupport_introspection_c.h
[2.834s] -- Symlinking: /home/praveen/msgandsrv/install/my_robot_controller/include/my_robot_controller/my_robot_controller/msg/rosidl_typesupport_introspection_c__visibility_control.h
[2.842s] -- Symlinking: /home/praveen/msgandsrv/install/my_robot_controller/include/my_robot_controller/my_robot_controller/msg/detail/hardware_status__builder.hpp
[2.852s] -- Symlinking: /home/praveen/msgandsrv/install/my_robot_controller/include/my_robot_controller/my_robot_controller/msg/detail/hardware_status__struct.hpp
[2.858s] -- Symlinking: /home/praveen/msgandsrv/install/my_robot_controller/include/my_robot_controller/my_robot_controller/msg/detail/hardware_status__traits.hpp
[2.866s] -- Symlinking: /home/praveen/msgandsrv/install/my_robot_controller/include/my_robot_controller/my_robot_controller/msg/hardware_status.hpp
[2.874s] -- Symlinking: /home/praveen/msgandsrv/install/my_robot_controller/include/my_robot_controller/my_robot_controller/msg/detail/hardware_status__rosidl_typesupport_fastrtps_cpp.hpp
[2.881s] -- Symlinking: /home/praveen/msgandsrv/install/my_robot_controller/include/my_robot_controller/my_robot_controller/msg/rosidl_typesupport_fastrtps_cpp__visibility_control.h
[2.889s] -- Symlinking: /home/praveen/msgandsrv/install/my_robot_controller/include/my_robot_controller/my_robot_controller/msg/detail/hardware_status__rosidl_typesupport_introspection_cpp.hpp
[2.897s] -- Symlinking: /home/praveen/msgandsrv/install/my_robot_controller/share/my_robot_controller/environment/pythonpath.sh
[2.904s] -- Symlinking: /home/praveen/msgandsrv/install/my_robot_controller/share/my_robot_controller/environment/pythonpath.dsv
[2.911s] -- Symlinking: /home/praveen/msgandsrv/install/my_robot_controller/local/lib/python3.10/dist-packages/my_robot_controller-0.0.0-py3.10.egg-info/PKG-INFO
[2.920s] -- Symlinking: /home/praveen/msgandsrv/install/my_robot_controller/local/lib/python3.10/dist-packages/my_robot_controller-0.0.0-py3.10.egg-info/SOURCES.txt
[2.928s] -- Symlinking: /home/praveen/msgandsrv/install/my_robot_controller/local/lib/python3.10/dist-packages/my_robot_controller-0.0.0-py3.10.egg-info/dependency_links.txt
[2.937s] -- Symlinking: /home/praveen/msgandsrv/install/my_robot_controller/local/lib/python3.10/dist-packages/my_robot_controller-0.0.0-py3.10.egg-info/top_level.txt
[2.945s] -- Symlinking: /home/praveen/msgandsrv/install/my_robot_controller/local/lib/python3.10/dist-packages/my_robot_controller/__init__.py
[2.952s] -- Symlinking: /home/praveen/msgandsrv/install/my_robot_controller/local/lib/python3.10/dist-packages/my_robot_controller/_my_robot_controller_s.ep.rosidl_typesupport_c.c
[2.960s] -- Symlinking: /home/praveen/msgandsrv/install/my_robot_controller/local/lib/python3.10/dist-packages/my_robot_controller/_my_robot_controller_s.ep.rosidl_typesupport_fastrtps_c.c
[2.968s] -- Symlinking: /home/praveen/msgandsrv/install/my_robot_controller/local/lib/python3.10/dist-packages/my_robot_controller/_my_robot_controller_s.ep.rosidl_typesupport_introspection_c.c
[2.976s] -- Symlinking: /home/praveen/msgandsrv/install/my_robot_controller/local/lib/python3.10/dist-packages/my_robot_controller/libmy_robot_controller__rosidl_generator_py.so
[2.984s] -- Symlinking: /home/praveen/msgandsrv/install/my_robot_controller/local/lib/python3.10/dist-packages/my_robot_controller/msg/__init__.py
[2.991s] -- Symlinking: /home/praveen/msgandsrv/install/my_robot_controller/local/lib/python3.10/dist-packages/my_robot_controller/msg/_hardware_status.py
[2.999s] -- Symlinking: /home/praveen/msgandsrv/install/my_robot_controller/local/lib/python3.10/dist-packages/my_robot_controller/msg/_hardware_status_s.c
[3.007s] -- Symlinking: /home/praveen/msgandsrv/install/my_robot_controller/local/lib/python3.10/dist-packages/my_robot_controller/my_robot_controller_s__rosidl_typesupport_c.cpython-310-x86_64-linux-gnu.so
[3.016s] -- Symlinking: /home/praveen/msgandsrv/install/my_robot_controller/local/lib/python3.10/dist-packages/my_robot_controller/my_robot_controller_s__rosidl_typesupport_fastrtps_c.cpython-310-x86_64-linux-gnu.so
[3.023s] -- Symlinking: /home/praveen/msgandsrv/install/my_robot_controller/local/lib/python3.10/dist-packages/my_robot_controller/my_robot_controller_s__rosidl_typesupport_introspection_c.cpython-310-x86_64-linux-gnu.so
[3.031s] -- Up-to-date symlink: /home/praveen/msgandsrv/install/my_robot_controller/local/lib/python3.10/dist-packages/my_robot_controller/my_robot_controller_s__rosidl_typesupport_fastrtps_c.cpython-310-x86_64-linux-gnu.so
[3.032s] -- Up-to-date symlink: /home/praveen/msgandsrv/install/my_robot_controller/local/lib/python3.10/dist-packages/my_robot_controller/my_robot_controller_s__rosidl_typesupport_introspection_c.cpython-310-x86_64-linux-gnu.so
[3.032s] -- Up-to-date symlink: /home/praveen/msgandsrv/install/my_robot_controller/local/lib/python3.10/dist-packages/my_robot_controller/my_robot_controller_s__rosidl_typesupport_c.cpython-310-x86_64-linux-gnu.so
[3.032s] -- Symlinking: /home/praveen/msgandsrv/install/my_robot_controller/share/my_robot_controller/msg/HardwareStatus.idl
[3.041s] -- Symlinking: /home/praveen/msgandsrv/install/my_robot_controller/share/my_robot_controller/msg/HardwareStatus.msg
[3.050s] -- Symlinking: /home/praveen/msgandsrv/install/my_robot_controller/share/ament_index/resource_index/package_run_dependencies/my_robot_controller
[3.057s] -- Symlinking: /home/praveen/msgandsrv/install/my_robot_controller/share/ament_index/resource_index/parent_prefix_path/my_robot_controller
[3.065s] -- Symlinking: /home/praveen/msgandsrv/install/my_robot_controller/share/my_robot_controller/environment/ament_prefix_path.sh
[3.072s] -- Symlinking: /home/praveen/msgandsrv/install/my_robot_controller/share/my_robot_controller/environment/ament_prefix_path.dsv
[3.080s] -- Symlinking: /home/praveen/msgandsrv/install/my_robot_controller/share/my_robot_controller/environment/path.sh
[3.088s] -- Symlinking: /home/praveen/msgandsrv/install/my_robot_controller/share/my_robot_controller/environment/path.dsv
[3.096s] -- Symlinking: /home/praveen/msgandsrv/install/my_robot_controller/share/my_robot_controller/local_setup.bash
[3.104s] -- Symlinking: /home/praveen/msgandsrv/install/my_robot_controller/share/my_robot_controller/local_setup.sh
[3.112s] -- Symlinking: /home/praveen/msgandsrv/install/my_robot_controller/share/my_robot_controller/local_setup.zsh
[3.129s] -- Symlinking: /home/praveen/msgandsrv/install/my_robot_controller/share/my_robot_controller/local_setup.dsv
[3.132s] -- Symlinking: /home/praveen/msgandsrv/install/my_robot_controller/share/my_robot_controller/package.dsv
[3.141s] -- Symlinking: /home/praveen/msgandsrv/install/my_robot_controller/share/ament_index/resource_index/packages/my_robot_controller
[3.150s] -- Symlinking: /home/praveen/msgandsrv/install/my_robot_controller/share/my_robot_controller/cmake/rosidl_cmake-extras.cmake
[3.160s] -- Symlinking: /home/praveen/msgandsrv/install/my_robot_controller/share/my_robot_controller/cmake/ament_cmake_export_include_directories-extras.cmake
[3.169s] -- Symlinking: /home/praveen/msgandsrv/install/my_robot_controller/share/my_robot_controller/cmake/ament_cmake_export_libraries-extras.cmake
[3.177s] -- Symlinking: /home/praveen/msgandsrv/install/my_robot_controller/share/my_robot_controller/cmake/ament_cmake_export_targets-extras.cmake
[3.187s] -- Symlinking: /home/praveen/msgandsrv/install/my_robot_controller/share/my_robot_controller/cmake/rosidl_cmake_export_typesupport_targets-extras.cmake
[3.195s] -- Symlinking: /home/praveen/msgandsrv/install/my_robot_controller/share/my_robot_controller/cmake/ament_cmake_export_dependencies-extras.cmake
[3.203s] -- Symlinking: /home/praveen/msgandsrv/install/my_robot_controller/share/my_robot_controller/cmake/rosidl_cmake_export_typesupport_libraries-extras.cmake
[3.211s] -- Symlinking: /home/praveen/msgandsrv/install/my_robot_controller/share/my_robot_controller/cmake/my_robot_controllerConfig.cmake
[3.218s] -- Symlinking: /home/praveen/msgandsrv/install/my_robot_controller/share/my_robot_controller/cmake/my_robot_controllerConfig-version.cmake
[3.225s] -- Symlinking: /home/praveen/msgandsrv/install/my_robot_controller/share/my_robot_controller/package.xml
[3.235s] -- Installing: /home/praveen/msgandsrv/install/my_robot_controller/lib/libmy_robot_controller__rosidl_generator_c.so
[3.235s] -- Set runtime path of "/home/praveen/msgandsrv/install/my_robot_controller/lib/libmy_robot_controller__rosidl_generator_c.so" to ""
[3.235s] -- Installing: /home/praveen/msgandsrv/install/my_robot_controller/lib/libmy_robot_controller__rosidl_typesupport_fastrtps_c.so
[3.236s] -- Set runtime path of "/home/praveen/msgandsrv/install/my_robot_controller/lib/libmy_robot_controller__rosidl_typesupport_fastrtps_c.so" to ""
[3.236s] -- Installing: /home/praveen/msgandsrv/install/my_robot_controller/lib/libmy_robot_controller__rosidl_typesupport_introspection_c.so
[3.237s] -- Set runtime path of "/home/praveen/msgandsrv/install/my_robot_controller/lib/libmy_robot_controller__rosidl_typesupport_introspection_c.so" to ""
[3.237s] -- Installing: /home/praveen/msgandsrv/install/my_robot_controller/lib/libmy_robot_controller__rosidl_typesupport_c.so
[3.237s] -- Set runtime path of "/home/praveen/msgandsrv/install/my_robot_controller/lib/libmy_robot_controller__rosidl_typesupport_c.so" to ""
[3.237s] -- Installing: /home/praveen/msgandsrv/install/my_robot_controller/lib/libmy_robot_controller__rosidl_typesupport_fastrtps_cpp.so
[3.237s] -- Set runtime path of "/home/praveen/msgandsrv/install/my_robot_controller/lib/libmy_robot_controller__rosidl_typesupport_fastrtps_cpp.so" to ""
[3.238s] -- Installing: /home/praveen/msgandsrv/install/my_robot_controller/lib/libmy_robot_controller__rosidl_typesupport_introspection_cpp.so
[3.238s] -- Set runtime path of "/home/praveen/msgandsrv/install/my_robot_controller/lib/libmy_robot_controller__rosidl_typesupport_introspection_cpp.so" to ""
[3.238s] -- Installing: /home/praveen/msgandsrv/install/my_robot_controller/lib/libmy_robot_controller__rosidl_typesupport_cpp.so
[3.238s] -- Set runtime path of "/home/praveen/msgandsrv/install/my_robot_controller/lib/libmy_robot_controller__rosidl_typesupport_cpp.so" to ""
[3.265s] Listing '/home/praveen/msgandsrv/install/my_robot_controller/local/lib/python3.10/dist-packages/my_robot_controller'...
[3.265s] Compiling '/home/praveen/msgandsrv/install/my_robot_controller/local/lib/python3.10/dist-packages/my_robot_controller/__init__.py'...
[3.265s] Listing '/home/praveen/msgandsrv/install/my_robot_controller/local/lib/python3.10/dist-packages/my_robot_controller/msg'...
[3.265s] Compiling '/home/praveen/msgandsrv/install/my_robot_controller/local/lib/python3.10/dist-packages/my_robot_controller/msg/__init__.py'...
[3.265s] Compiling '/home/praveen/msgandsrv/install/my_robot_controller/local/lib/python3.10/dist-packages/my_robot_controller/msg/_hardware_status.py'...
[3.268s] -- Installing: /home/praveen/msgandsrv/install/my_robot_controller/lib/libmy_robot_controller__rosidl_generator_py.so
[3.268s] -- Set runtime path of "/home/praveen/msgandsrv/install/my_robot_controller/lib/libmy_robot_controller__rosidl_generator_py.so" to ""
[3.268s] -- Installing: /home/praveen/msgandsrv/install/my_robot_controller/share/my_robot_controller/cmake/export_my_robot_controller__rosidl_generator_cExport.cmake
[3.269s] -- Installing: /home/praveen/msgandsrv/install/my_robot_controller/share/my_robot_controller/cmake/export_my_robot_controller__rosidl_generator_cExport-noconfig.cmake
[3.269s] -- Installing: /home/praveen/msgandsrv/install/my_robot_controller/share/my_robot_controller/cmake/export_my_robot_controller__rosidl_typesupport_fastrtps_cExport.cmake
[3.269s] -- Installing: /home/praveen/msgandsrv/install/my_robot_controller/share/my_robot_controller/cmake/export_my_robot_controller__rosidl_typesupport_fastrtps_cExport-noconfig.cmake
[3.269s] -- Installing: /home/praveen/msgandsrv/install/my_robot_controller/share/my_robot_controller/cmake/my_robot_controller__rosidl_typesupport_introspection_cExport.cmake
[3.269s] -- Installing: /home/praveen/msgandsrv/install/my_robot_controller/share/my_robot_controller/cmake/my_robot_controller__rosidl_typesupport_introspection_cExport-noconfig.cmake
[3.270s] -- Installing: /home/praveen/msgandsrv/install/my_robot_controller/share/my_robot_controller/cmake/my_robot_controller__rosidl_typesupport_cExport.cmake
[3.270s] -- Installing: /home/praveen/msgandsrv/install/my_robot_controller/share/my_robot_controller/cmake/my_robot_controller__rosidl_typesupport_cExport-noconfig.cmake
[3.270s] -- Installing: /home/praveen/msgandsrv/install/my_robot_controller/share/my_robot_controller/cmake/export_my_robot_controller__rosidl_generator_cppExport.cmake
[3.270s] -- Installing: /home/praveen/msgandsrv/install/my_robot_controller/share/my_robot_controller/cmake/export_my_robot_controller__rosidl_typesupport_fastrtps_cppExport.cmake
[3.270s] -- Installing: /home/praveen/msgandsrv/install/my_robot_controller/share/my_robot_controller/cmake/export_my_robot_controller__rosidl_typesupport_fastrtps_cppExport-noconfig.cmake
[3.270s] -- Installing: /home/praveen/msgandsrv/install/my_robot_controller/share/my_robot_controller/cmake/my_robot_controller__rosidl_typesupport_introspection_cppExport.cmake
[3.270s] -- Installing: /home/praveen/msgandsrv/install/my_robot_controller/share/my_robot_controller/cmake/my_robot_controller__rosidl_typesupport_introspection_cppExport-noconfig.cmake
[3.271s] -- Installing: /home/praveen/msgandsrv/install/my_robot_controller/share/my_robot_controller/cmake/my_robot_controller__rosidl_typesupport_cppExport.cmake
[3.271s] -- Installing: /home/praveen/msgandsrv/install/my_robot_controller/share/my_robot_controller/cmake/my_robot_controller__rosidl_typesupport_cppExport-noconfig.cmake
[3.271s] -- Installing: /home/praveen/msgandsrv/install/my_robot_controller/share/my_robot_controller/cmake/export_my_robot_controller__rosidl_generator_pyExport.cmake
[3.271s] -- Installing: /home/praveen/msgandsrv/install/my_robot_controller/share/my_robot_controller/cmake/export_my_robot_controller__rosidl_generator_pyExport-noconfig.cmake
[3.273s] Invoked command in '/home/praveen/msgandsrv/build/my_robot_controller' returned '0': CMAKE_PREFIX_PATH=${CMAKE_PREFIX_PATH}:/home/praveen/udmey/install/activity:/home/praveen/manik/install/manikrobotic:/home/praveen/ros2_ws/install/hello:/opt/ros/humble /usr/bin/cmake --install /home/praveen/msgandsrv/build/my_robot_controller
