[0.272s] Invoking command in '/home/praveen/msgandsrv/build/my_robot_controller': CMAKE_PREFIX_PATH=${CMAKE_PREFIX_PATH}:/home/praveen/udmey/install/activity:/home/praveen/manik/install/manikrobotic:/home/praveen/ros2_ws/install/hello:/opt/ros/humble /usr/bin/cmake --build /home/praveen/msgandsrv/build/my_robot_controller -- -j12 -l12
[0.297s] -- Found ament_cmake: 1.3.9 (/opt/ros/humble/share/ament_cmake/cmake)
[0.412s] -- Override CMake install command with custom implementation using symlinks instead of copying resources
[0.417s] -- Found rosidl_default_generators: 1.2.0 (/opt/ros/humble/share/rosidl_default_generators/cmake)
[0.419s] -- Using all available rosidl_typesupport_c: rosidl_typesupport_fastrtps_c;rosidl_typesupport_introspection_c
[0.421s] -- Found rosidl_adapter: 3.1.5 (/opt/ros/humble/share/rosidl_adapter/cmake)
[0.446s] -- Using all available rosidl_typesupport_cpp: rosidl_typesupport_fastrtps_cpp;rosidl_typesupport_introspection_cpp
[0.675s] -- Found ament_cmake_ros: 0.10.0 (/opt/ros/humble/share/ament_cmake_ros/cmake)
[0.825s] -- Using all available rosidl_typesupport_c: rosidl_typesupport_fastrtps_c;rosidl_typesupport_introspection_c
[1.027s] -- Using all available rosidl_typesupport_cpp: rosidl_typesupport_fastrtps_cpp;rosidl_typesupport_introspection_cpp
[1.046s] -- Found python_cmake_module: 0.10.0 (/opt/ros/humble/share/python_cmake_module/cmake)
[1.066s] -- Using PYTHON_EXECUTABLE: /usr/bin/python3
[1.066s] -- Using PYTHON_INCLUDE_DIRS: /usr/include/python3.10
[1.066s] -- Using PYTHON_LIBRARIES: /usr/lib/x86_64-linux-gnu/libpython3.10.so
[1.083s] -- Configuring done
[1.112s] -- Generating done
[1.115s] -- Build files have been written to: /home/praveen/msgandsrv/build/my_robot_controller
[1.139s] [  2%] [34m[1mGenerating C code for ROS interfaces[0m
[1.148s] [  5%] [34m[1mGenerating C++ code for ROS interfaces[0m
[1.156s] [  5%] Built target ament_cmake_python_symlink_my_robot_controller
[1.421s] running egg_info
[1.435s] writing my_robot_controller.egg-info/PKG-INFO
[1.439s] writing dependency_links to my_robot_controller.egg-info/dependency_links.txt
[1.440s] writing top-level names to my_robot_controller.egg-info/top_level.txt
[1.454s] reading manifest file 'my_robot_controller.egg-info/SOURCES.txt'
[1.461s] writing manifest file 'my_robot_controller.egg-info/SOURCES.txt'
[1.484s] [  5%] Built target my_robot_controller__cpp
[1.494s] [ 12%] [34m[1mGenerating C++ introspection for ROS interfaces[0m
[1.494s] [ 12%] [34m[1mGenerating C++ type support dispatch for ROS interfaces[0m
[1.494s] [ 12%] [34m[1mGenerating C++ type support for eProsima Fast-RTPS[0m
[1.494s] [35m[1mConsolidate compiler generated dependencies of target my_robot_controller__rosidl_generator_c[0m
[1.507s] [ 17%] [32mBuilding C object CMakeFiles/my_robot_controller__rosidl_generator_c.dir/rosidl_generator_c/my_robot_controller/srv/detail/compute_rectangle_area__functions.c.o[0m
[1.507s] [ 17%] [32mBuilding C object CMakeFiles/my_robot_controller__rosidl_generator_c.dir/rosidl_generator_c/my_robot_controller/msg/detail/hardware_status__functions.c.o[0m
[1.511s] [ 17%] Built target ament_cmake_python_build_my_robot_controller_egg
[1.555s] [ 20%] [32m[1mLinking C shared library libmy_robot_controller__rosidl_generator_c.so[0m
[1.589s] [ 20%] Built target my_robot_controller__rosidl_generator_c
[1.600s] [ 23%] [34m[1mGenerating C type support dispatch for ROS interfaces[0m
[1.601s] [ 28%] [34m[1mGenerating C introspection for ROS interfaces[0m
[1.601s] [ 28%] [34m[1mGenerating C type support for eProsima Fast-RTPS[0m
[1.704s] [35m[1mConsolidate compiler generated dependencies of target my_robot_controller__rosidl_typesupport_cpp[0m
[1.719s] [ 30%] [32mBuilding CXX object CMakeFiles/my_robot_controller__rosidl_typesupport_cpp.dir/rosidl_typesupport_cpp/my_robot_controller/msg/hardware_status__type_support.cpp.o[0m
[1.722s] [ 33%] [32mBuilding CXX object CMakeFiles/my_robot_controller__rosidl_typesupport_cpp.dir/rosidl_typesupport_cpp/my_robot_controller/srv/compute_rectangle_area__type_support.cpp.o[0m
[1.723s] [35m[1mConsolidate compiler generated dependencies of target my_robot_controller__rosidl_typesupport_introspection_cpp[0m
[1.740s] [ 35%] [32mBuilding CXX object CMakeFiles/my_robot_controller__rosidl_typesupport_introspection_cpp.dir/rosidl_typesupport_introspection_cpp/my_robot_controller/msg/detail/hardware_status__type_support.cpp.o[0m
[1.741s] [ 38%] [32mBuilding CXX object CMakeFiles/my_robot_controller__rosidl_typesupport_introspection_cpp.dir/rosidl_typesupport_introspection_cpp/my_robot_controller/srv/detail/compute_rectangle_area__type_support.cpp.o[0m
[1.742s] [35m[1mConsolidate compiler generated dependencies of target my_robot_controller__rosidl_typesupport_fastrtps_cpp[0m
[1.758s] [ 41%] [32mBuilding CXX object CMakeFiles/my_robot_controller__rosidl_typesupport_fastrtps_cpp.dir/rosidl_typesupport_fastrtps_cpp/my_robot_controller/msg/detail/dds_fastrtps/hardware_status__type_support.cpp.o[0m
[1.759s] [ 43%] [32mBuilding CXX object CMakeFiles/my_robot_controller__rosidl_typesupport_fastrtps_cpp.dir/rosidl_typesupport_fastrtps_cpp/my_robot_controller/srv/detail/dds_fastrtps/compute_rectangle_area__type_support.cpp.o[0m
[1.870s] [35m[1mConsolidate compiler generated dependencies of target my_robot_controller__rosidl_typesupport_c[0m
[1.885s] [ 46%] [32mBuilding CXX object CMakeFiles/my_robot_controller__rosidl_typesupport_c.dir/rosidl_typesupport_c/my_robot_controller/msg/hardware_status__type_support.cpp.o[0m
[1.900s] [35m[1mConsolidate compiler generated dependencies of target my_robot_controller__rosidl_typesupport_introspection_c[0m
[1.901s] [ 48%] [32mBuilding CXX object CMakeFiles/my_robot_controller__rosidl_typesupport_c.dir/rosidl_typesupport_c/my_robot_controller/srv/compute_rectangle_area__type_support.cpp.o[0m
[1.920s] [ 51%] [32mBuilding C object CMakeFiles/my_robot_controller__rosidl_typesupport_introspection_c.dir/rosidl_typesupport_introspection_c/my_robot_controller/srv/detail/compute_rectangle_area__type_support.c.o[0m
[1.920s] [35m[1mConsolidate compiler generated dependencies of target my_robot_controller__rosidl_typesupport_fastrtps_c[0m
[1.920s] [ 53%] [32mBuilding C object CMakeFiles/my_robot_controller__rosidl_typesupport_introspection_c.dir/rosidl_typesupport_introspection_c/my_robot_controller/msg/detail/hardware_status__type_support.c.o[0m
[1.949s] [ 56%] [32mBuilding CXX object CMakeFiles/my_robot_controller__rosidl_typesupport_fastrtps_c.dir/rosidl_typesupport_fastrtps_c/my_robot_controller/msg/detail/hardware_status__type_support_c.cpp.o[0m
[1.952s] [ 58%] [32mBuilding CXX object CMakeFiles/my_robot_controller__rosidl_typesupport_fastrtps_c.dir/rosidl_typesupport_fastrtps_c/my_robot_controller/srv/detail/compute_rectangle_area__type_support_c.cpp.o[0m
[1.961s] [ 61%] [32m[1mLinking CXX shared library libmy_robot_controller__rosidl_typesupport_c.so[0m
[1.972s] [ 64%] [32m[1mLinking C shared library libmy_robot_controller__rosidl_typesupport_introspection_c.so[0m
[2.032s] [ 64%] Built target my_robot_controller__rosidl_typesupport_c
[2.033s] [ 64%] Built target my_robot_controller__rosidl_typesupport_introspection_c
[2.049s] [ 66%] [32m[1mLinking CXX shared library libmy_robot_controller__rosidl_typesupport_cpp.so[0m
[2.095s] [ 66%] Built target my_robot_controller__rosidl_typesupport_cpp
[2.231s] [ 69%] [32m[1mLinking CXX shared library libmy_robot_controller__rosidl_typesupport_introspection_cpp.so[0m
[2.295s] [ 69%] Built target my_robot_controller__rosidl_typesupport_introspection_cpp
[2.297s] [ 71%] [32m[1mLinking CXX shared library libmy_robot_controller__rosidl_typesupport_fastrtps_cpp.so[0m
[2.364s] [ 71%] Built target my_robot_controller__rosidl_typesupport_fastrtps_cpp
[2.370s] [ 74%] [32m[1mLinking CXX shared library libmy_robot_controller__rosidl_typesupport_fastrtps_c.so[0m
[2.431s] [ 74%] Built target my_robot_controller__rosidl_typesupport_fastrtps_c
[2.450s] [ 74%] Built target my_robot_controller
[2.470s] [ 76%] [34m[1mGenerating Python code for ROS interfaces[0m
[2.822s] [ 76%] Built target my_robot_controller__py
[2.833s] [35m[1mConsolidate compiler generated dependencies of target my_robot_controller__rosidl_generator_py[0m
[2.847s] [ 82%] [32mBuilding C object CMakeFiles/my_robot_controller__rosidl_generator_py.dir/rosidl_generator_py/my_robot_controller/msg/_hardware_status_s.c.o[0m
[2.847s] [ 82%] [32mBuilding C object CMakeFiles/my_robot_controller__rosidl_generator_py.dir/rosidl_generator_py/my_robot_controller/srv/_compute_rectangle_area_s.c.o[0m
[2.929s] [ 84%] [32m[1mLinking C shared library rosidl_generator_py/my_robot_controller/libmy_robot_controller__rosidl_generator_py.so[0m
[2.966s] [ 84%] Built target my_robot_controller__rosidl_generator_py
[2.976s] [35m[1mConsolidate compiler generated dependencies of target my_robot_controller__rosidl_typesupport_c__pyext[0m
[2.977s] [35m[1mConsolidate compiler generated dependencies of target my_robot_controller__rosidl_typesupport_fastrtps_c__pyext[0m
[2.977s] [35m[1mConsolidate compiler generated dependencies of target my_robot_controller__rosidl_typesupport_introspection_c__pyext[0m
[2.990s] [ 92%] [32mBuilding C object CMakeFiles/my_robot_controller__rosidl_typesupport_c__pyext.dir/rosidl_generator_py/my_robot_controller/_my_robot_controller_s.ep.rosidl_typesupport_c.c.o[0m
[2.990s] [ 92%] [32mBuilding C object CMakeFiles/my_robot_controller__rosidl_typesupport_fastrtps_c__pyext.dir/rosidl_generator_py/my_robot_controller/_my_robot_controller_s.ep.rosidl_typesupport_fastrtps_c.c.o[0m
[2.990s] [ 92%] [32mBuilding C object CMakeFiles/my_robot_controller__rosidl_typesupport_introspection_c__pyext.dir/rosidl_generator_py/my_robot_controller/_my_robot_controller_s.ep.rosidl_typesupport_introspection_c.c.o[0m
[3.075s] [ 97%] [32m[1mLinking C shared library rosidl_generator_py/my_robot_controller/my_robot_controller_s__rosidl_typesupport_c.cpython-310-x86_64-linux-gnu.so[0m
[3.075s] [ 97%] [32m[1mLinking C shared library rosidl_generator_py/my_robot_controller/my_robot_controller_s__rosidl_typesupport_introspection_c.cpython-310-x86_64-linux-gnu.so[0m
[3.081s] [100%] [32m[1mLinking C shared library rosidl_generator_py/my_robot_controller/my_robot_controller_s__rosidl_typesupport_fastrtps_c.cpython-310-x86_64-linux-gnu.so[0m
[3.107s] [100%] Built target my_robot_controller__rosidl_typesupport_introspection_c__pyext
[3.107s] [100%] Built target my_robot_controller__rosidl_typesupport_c__pyext
[3.114s] [100%] Built target my_robot_controller__rosidl_typesupport_fastrtps_c__pyext
[3.126s] Invoked command in '/home/praveen/msgandsrv/build/my_robot_controller' returned '0': CMAKE_PREFIX_PATH=${CMAKE_PREFIX_PATH}:/home/praveen/udmey/install/activity:/home/praveen/manik/install/manikrobotic:/home/praveen/ros2_ws/install/hello:/opt/ros/humble /usr/bin/cmake --build /home/praveen/msgandsrv/build/my_robot_controller -- -j12 -l12
[3.220s] Invoking command in '/home/praveen/msgandsrv/build/my_robot_controller': CMAKE_PREFIX_PATH=${CMAKE_PREFIX_PATH}:/home/praveen/udmey/install/activity:/home/praveen/manik/install/manikrobotic:/home/praveen/ros2_ws/install/hello:/opt/ros/humble /usr/bin/cmake --install /home/praveen/msgandsrv/build/my_robot_controller
[3.227s] -- Install configuration: ""
[3.228s] -- Execute custom install script
[3.228s] -- Up-to-date symlink: /home/praveen/msgandsrv/install/my_robot_controller/share/ament_index/resource_index/rosidl_interfaces/my_robot_controller
[3.228s] -- Up-to-date symlink: /home/praveen/msgandsrv/install/my_robot_controller/include/my_robot_controller/my_robot_controller/msg/detail/hardware_status__functions.h
[3.228s] -- Up-to-date symlink: /home/praveen/msgandsrv/install/my_robot_controller/include/my_robot_controller/my_robot_controller/msg/detail/hardware_status__struct.h
[3.229s] -- Up-to-date symlink: /home/praveen/msgandsrv/install/my_robot_controller/include/my_robot_controller/my_robot_controller/msg/detail/hardware_status__type_support.h
[3.229s] -- Up-to-date symlink: /home/praveen/msgandsrv/install/my_robot_controller/include/my_robot_controller/my_robot_controller/msg/hardware_status.h
[3.229s] -- Up-to-date symlink: /home/praveen/msgandsrv/install/my_robot_controller/include/my_robot_controller/my_robot_controller/msg/rosidl_generator_c__visibility_control.h
[3.229s] -- Symlinking: /home/praveen/msgandsrv/install/my_robot_controller/include/my_robot_controller/my_robot_controller/srv/compute_rectangle_area.h
[3.237s] -- Symlinking: /home/praveen/msgandsrv/install/my_robot_controller/include/my_robot_controller/my_robot_controller/srv/detail/compute_rectangle_area__functions.h
[3.246s] -- Symlinking: /home/praveen/msgandsrv/install/my_robot_controller/include/my_robot_controller/my_robot_controller/srv/detail/compute_rectangle_area__struct.h
[3.254s] -- Symlinking: /home/praveen/msgandsrv/install/my_robot_controller/include/my_robot_controller/my_robot_controller/srv/detail/compute_rectangle_area__type_support.h
[3.263s] -- Up-to-date symlink: /home/praveen/msgandsrv/install/my_robot_controller/share/my_robot_controller/environment/library_path.sh
[3.263s] -- Up-to-date symlink: /home/praveen/msgandsrv/install/my_robot_controller/share/my_robot_controller/environment/library_path.dsv
[3.264s] -- Up-to-date symlink: /home/praveen/msgandsrv/install/my_robot_controller/include/my_robot_controller/my_robot_controller/msg/detail/hardware_status__rosidl_typesupport_fastrtps_c.h
[3.264s] -- Up-to-date symlink: /home/praveen/msgandsrv/install/my_robot_controller/include/my_robot_controller/my_robot_controller/msg/rosidl_typesupport_fastrtps_c__visibility_control.h
[3.264s] -- Symlinking: /home/praveen/msgandsrv/install/my_robot_controller/include/my_robot_controller/my_robot_controller/srv/detail/compute_rectangle_area__rosidl_typesupport_fastrtps_c.h
[3.273s] -- Up-to-date symlink: /home/praveen/msgandsrv/install/my_robot_controller/include/my_robot_controller/my_robot_controller/msg/detail/hardware_status__rosidl_typesupport_introspection_c.h
[3.273s] -- Up-to-date symlink: /home/praveen/msgandsrv/install/my_robot_controller/include/my_robot_controller/my_robot_controller/msg/rosidl_typesupport_introspection_c__visibility_control.h
[3.273s] -- Symlinking: /home/praveen/msgandsrv/install/my_robot_controller/include/my_robot_controller/my_robot_controller/srv/detail/compute_rectangle_area__rosidl_typesupport_introspection_c.h
[3.283s] -- Up-to-date symlink: /home/praveen/msgandsrv/install/my_robot_controller/include/my_robot_controller/my_robot_controller/msg/detail/hardware_status__builder.hpp
[3.283s] -- Up-to-date symlink: /home/praveen/msgandsrv/install/my_robot_controller/include/my_robot_controller/my_robot_controller/msg/detail/hardware_status__struct.hpp
[3.283s] -- Up-to-date symlink: /home/praveen/msgandsrv/install/my_robot_controller/include/my_robot_controller/my_robot_controller/msg/detail/hardware_status__traits.hpp
[3.283s] -- Up-to-date symlink: /home/praveen/msgandsrv/install/my_robot_controller/include/my_robot_controller/my_robot_controller/msg/hardware_status.hpp
[3.283s] -- Symlinking: /home/praveen/msgandsrv/install/my_robot_controller/include/my_robot_controller/my_robot_controller/srv/compute_rectangle_area.hpp
[3.292s] -- Symlinking: /home/praveen/msgandsrv/install/my_robot_controller/include/my_robot_controller/my_robot_controller/srv/detail/compute_rectangle_area__builder.hpp
[3.301s] -- Symlinking: /home/praveen/msgandsrv/install/my_robot_controller/include/my_robot_controller/my_robot_controller/srv/detail/compute_rectangle_area__struct.hpp
[3.309s] -- Symlinking: /home/praveen/msgandsrv/install/my_robot_controller/include/my_robot_controller/my_robot_controller/srv/detail/compute_rectangle_area__traits.hpp
[3.318s] -- Up-to-date symlink: /home/praveen/msgandsrv/install/my_robot_controller/include/my_robot_controller/my_robot_controller/msg/detail/hardware_status__rosidl_typesupport_fastrtps_cpp.hpp
[3.318s] -- Up-to-date symlink: /home/praveen/msgandsrv/install/my_robot_controller/include/my_robot_controller/my_robot_controller/msg/rosidl_typesupport_fastrtps_cpp__visibility_control.h
[3.319s] -- Symlinking: /home/praveen/msgandsrv/install/my_robot_controller/include/my_robot_controller/my_robot_controller/srv/detail/compute_rectangle_area__rosidl_typesupport_fastrtps_cpp.hpp
[3.327s] -- Up-to-date symlink: /home/praveen/msgandsrv/install/my_robot_controller/include/my_robot_controller/my_robot_controller/msg/detail/hardware_status__rosidl_typesupport_introspection_cpp.hpp
[3.327s] -- Symlinking: /home/praveen/msgandsrv/install/my_robot_controller/include/my_robot_controller/my_robot_controller/srv/detail/compute_rectangle_area__rosidl_typesupport_introspection_cpp.hpp
[3.336s] -- Up-to-date symlink: /home/praveen/msgandsrv/install/my_robot_controller/share/my_robot_controller/environment/pythonpath.sh
[3.337s] -- Up-to-date symlink: /home/praveen/msgandsrv/install/my_robot_controller/share/my_robot_controller/environment/pythonpath.dsv
[3.337s] -- Up-to-date symlink: /home/praveen/msgandsrv/install/my_robot_controller/local/lib/python3.10/dist-packages/my_robot_controller-0.0.0-py3.10.egg-info/PKG-INFO
[3.337s] -- Up-to-date symlink: /home/praveen/msgandsrv/install/my_robot_controller/local/lib/python3.10/dist-packages/my_robot_controller-0.0.0-py3.10.egg-info/SOURCES.txt
[3.337s] -- Up-to-date symlink: /home/praveen/msgandsrv/install/my_robot_controller/local/lib/python3.10/dist-packages/my_robot_controller-0.0.0-py3.10.egg-info/dependency_links.txt
[3.337s] -- Up-to-date symlink: /home/praveen/msgandsrv/install/my_robot_controller/local/lib/python3.10/dist-packages/my_robot_controller-0.0.0-py3.10.egg-info/top_level.txt
[3.338s] -- Up-to-date symlink: /home/praveen/msgandsrv/install/my_robot_controller/local/lib/python3.10/dist-packages/my_robot_controller/__init__.py
[3.338s] -- Up-to-date symlink: /home/praveen/msgandsrv/install/my_robot_controller/local/lib/python3.10/dist-packages/my_robot_controller/_my_robot_controller_s.ep.rosidl_typesupport_c.c
[3.338s] -- Up-to-date symlink: /home/praveen/msgandsrv/install/my_robot_controller/local/lib/python3.10/dist-packages/my_robot_controller/_my_robot_controller_s.ep.rosidl_typesupport_fastrtps_c.c
[3.338s] -- Up-to-date symlink: /home/praveen/msgandsrv/install/my_robot_controller/local/lib/python3.10/dist-packages/my_robot_controller/_my_robot_controller_s.ep.rosidl_typesupport_introspection_c.c
[3.339s] -- Up-to-date symlink: /home/praveen/msgandsrv/install/my_robot_controller/local/lib/python3.10/dist-packages/my_robot_controller/libmy_robot_controller__rosidl_generator_py.so
[3.339s] -- Up-to-date symlink: /home/praveen/msgandsrv/install/my_robot_controller/local/lib/python3.10/dist-packages/my_robot_controller/msg/__init__.py
[3.339s] -- Up-to-date symlink: /home/praveen/msgandsrv/install/my_robot_controller/local/lib/python3.10/dist-packages/my_robot_controller/msg/_hardware_status.py
[3.339s] -- Up-to-date symlink: /home/praveen/msgandsrv/install/my_robot_controller/local/lib/python3.10/dist-packages/my_robot_controller/msg/_hardware_status_s.c
[3.339s] -- Up-to-date symlink: /home/praveen/msgandsrv/install/my_robot_controller/local/lib/python3.10/dist-packages/my_robot_controller/my_robot_controller_s__rosidl_typesupport_c.cpython-310-x86_64-linux-gnu.so
[3.339s] -- Up-to-date symlink: /home/praveen/msgandsrv/install/my_robot_controller/local/lib/python3.10/dist-packages/my_robot_controller/my_robot_controller_s__rosidl_typesupport_fastrtps_c.cpython-310-x86_64-linux-gnu.so
[3.339s] -- Up-to-date symlink: /home/praveen/msgandsrv/install/my_robot_controller/local/lib/python3.10/dist-packages/my_robot_controller/my_robot_controller_s__rosidl_typesupport_introspection_c.cpython-310-x86_64-linux-gnu.so
[3.339s] -- Symlinking: /home/praveen/msgandsrv/install/my_robot_controller/local/lib/python3.10/dist-packages/my_robot_controller/srv/__init__.py
[3.348s] -- Symlinking: /home/praveen/msgandsrv/install/my_robot_controller/local/lib/python3.10/dist-packages/my_robot_controller/srv/_compute_rectangle_area.py
[3.357s] -- Symlinking: /home/praveen/msgandsrv/install/my_robot_controller/local/lib/python3.10/dist-packages/my_robot_controller/srv/_compute_rectangle_area_s.c
[3.365s] -- Up-to-date symlink: /home/praveen/msgandsrv/install/my_robot_controller/local/lib/python3.10/dist-packages/my_robot_controller/my_robot_controller_s__rosidl_typesupport_fastrtps_c.cpython-310-x86_64-linux-gnu.so
[3.365s] -- Up-to-date symlink: /home/praveen/msgandsrv/install/my_robot_controller/local/lib/python3.10/dist-packages/my_robot_controller/my_robot_controller_s__rosidl_typesupport_introspection_c.cpython-310-x86_64-linux-gnu.so
[3.365s] -- Up-to-date symlink: /home/praveen/msgandsrv/install/my_robot_controller/local/lib/python3.10/dist-packages/my_robot_controller/my_robot_controller_s__rosidl_typesupport_c.cpython-310-x86_64-linux-gnu.so
[3.365s] -- Up-to-date symlink: /home/praveen/msgandsrv/install/my_robot_controller/share/my_robot_controller/msg/HardwareStatus.idl
[3.365s] -- Symlinking: /home/praveen/msgandsrv/install/my_robot_controller/share/my_robot_controller/srv/ComputeRectangleArea.idl
[3.374s] -- Up-to-date symlink: /home/praveen/msgandsrv/install/my_robot_controller/share/my_robot_controller/msg/HardwareStatus.msg
[3.375s] -- Symlinking: /home/praveen/msgandsrv/install/my_robot_controller/share/my_robot_controller/srv/ComputeRectangleArea.srv
[3.383s] -- Symlinking: /home/praveen/msgandsrv/install/my_robot_controller/share/my_robot_controller/srv/ComputeRectangleArea_Request.msg
[3.392s] -- Symlinking: /home/praveen/msgandsrv/install/my_robot_controller/share/my_robot_controller/srv/ComputeRectangleArea_Response.msg
[3.400s] -- Up-to-date symlink: /home/praveen/msgandsrv/install/my_robot_controller/share/ament_index/resource_index/package_run_dependencies/my_robot_controller
[3.400s] -- Up-to-date symlink: /home/praveen/msgandsrv/install/my_robot_controller/share/ament_index/resource_index/parent_prefix_path/my_robot_controller
[3.400s] -- Up-to-date symlink: /home/praveen/msgandsrv/install/my_robot_controller/share/my_robot_controller/environment/ament_prefix_path.sh
[3.400s] -- Up-to-date symlink: /home/praveen/msgandsrv/install/my_robot_controller/share/my_robot_controller/environment/ament_prefix_path.dsv
[3.401s] -- Up-to-date symlink: /home/praveen/msgandsrv/install/my_robot_controller/share/my_robot_controller/environment/path.sh
[3.401s] -- Up-to-date symlink: /home/praveen/msgandsrv/install/my_robot_controller/share/my_robot_controller/environment/path.dsv
[3.401s] -- Up-to-date symlink: /home/praveen/msgandsrv/install/my_robot_controller/share/my_robot_controller/local_setup.bash
[3.401s] -- Up-to-date symlink: /home/praveen/msgandsrv/install/my_robot_controller/share/my_robot_controller/local_setup.sh
[3.401s] -- Up-to-date symlink: /home/praveen/msgandsrv/install/my_robot_controller/share/my_robot_controller/local_setup.zsh
[3.401s] -- Up-to-date symlink: /home/praveen/msgandsrv/install/my_robot_controller/share/my_robot_controller/local_setup.dsv
[3.401s] -- Symlinking: /home/praveen/msgandsrv/install/my_robot_controller/share/my_robot_controller/package.dsv
[3.411s] -- Up-to-date symlink: /home/praveen/msgandsrv/install/my_robot_controller/share/ament_index/resource_index/packages/my_robot_controller
[3.411s] -- Up-to-date symlink: /home/praveen/msgandsrv/install/my_robot_controller/share/my_robot_controller/cmake/rosidl_cmake-extras.cmake
[3.411s] -- Up-to-date symlink: /home/praveen/msgandsrv/install/my_robot_controller/share/my_robot_controller/cmake/ament_cmake_export_include_directories-extras.cmake
[3.411s] -- Up-to-date symlink: /home/praveen/msgandsrv/install/my_robot_controller/share/my_robot_controller/cmake/ament_cmake_export_libraries-extras.cmake
[3.411s] -- Up-to-date symlink: /home/praveen/msgandsrv/install/my_robot_controller/share/my_robot_controller/cmake/ament_cmake_export_targets-extras.cmake
[3.411s] -- Up-to-date symlink: /home/praveen/msgandsrv/install/my_robot_controller/share/my_robot_controller/cmake/rosidl_cmake_export_typesupport_targets-extras.cmake
[3.412s] -- Up-to-date symlink: /home/praveen/msgandsrv/install/my_robot_controller/share/my_robot_controller/cmake/ament_cmake_export_dependencies-extras.cmake
[3.412s] -- Up-to-date symlink: /home/praveen/msgandsrv/install/my_robot_controller/share/my_robot_controller/cmake/rosidl_cmake_export_typesupport_libraries-extras.cmake
[3.412s] -- Up-to-date symlink: /home/praveen/msgandsrv/install/my_robot_controller/share/my_robot_controller/cmake/my_robot_controllerConfig.cmake
[3.412s] -- Up-to-date symlink: /home/praveen/msgandsrv/install/my_robot_controller/share/my_robot_controller/cmake/my_robot_controllerConfig-version.cmake
[3.412s] -- Up-to-date symlink: /home/praveen/msgandsrv/install/my_robot_controller/share/my_robot_controller/package.xml
[3.413s] -- Installing: /home/praveen/msgandsrv/install/my_robot_controller/lib/libmy_robot_controller__rosidl_generator_c.so
[3.413s] -- Set runtime path of "/home/praveen/msgandsrv/install/my_robot_controller/lib/libmy_robot_controller__rosidl_generator_c.so" to ""
[3.413s] -- Installing: /home/praveen/msgandsrv/install/my_robot_controller/lib/libmy_robot_controller__rosidl_typesupport_fastrtps_c.so
[3.414s] -- Set runtime path of "/home/praveen/msgandsrv/install/my_robot_controller/lib/libmy_robot_controller__rosidl_typesupport_fastrtps_c.so" to ""
[3.414s] -- Installing: /home/praveen/msgandsrv/install/my_robot_controller/lib/libmy_robot_controller__rosidl_typesupport_introspection_c.so
[3.415s] -- Set runtime path of "/home/praveen/msgandsrv/install/my_robot_controller/lib/libmy_robot_controller__rosidl_typesupport_introspection_c.so" to ""
[3.415s] -- Installing: /home/praveen/msgandsrv/install/my_robot_controller/lib/libmy_robot_controller__rosidl_typesupport_c.so
[3.416s] -- Set runtime path of "/home/praveen/msgandsrv/install/my_robot_controller/lib/libmy_robot_controller__rosidl_typesupport_c.so" to ""
[3.416s] -- Installing: /home/praveen/msgandsrv/install/my_robot_controller/lib/libmy_robot_controller__rosidl_typesupport_fastrtps_cpp.so
[3.416s] -- Set runtime path of "/home/praveen/msgandsrv/install/my_robot_controller/lib/libmy_robot_controller__rosidl_typesupport_fastrtps_cpp.so" to ""
[3.417s] -- Installing: /home/praveen/msgandsrv/install/my_robot_controller/lib/libmy_robot_controller__rosidl_typesupport_introspection_cpp.so
[3.417s] -- Set runtime path of "/home/praveen/msgandsrv/install/my_robot_controller/lib/libmy_robot_controller__rosidl_typesupport_introspection_cpp.so" to ""
[3.417s] -- Installing: /home/praveen/msgandsrv/install/my_robot_controller/lib/libmy_robot_controller__rosidl_typesupport_cpp.so
[3.418s] -- Set runtime path of "/home/praveen/msgandsrv/install/my_robot_controller/lib/libmy_robot_controller__rosidl_typesupport_cpp.so" to ""
[3.449s] Listing '/home/praveen/msgandsrv/install/my_robot_controller/local/lib/python3.10/dist-packages/my_robot_controller'...
[3.449s] Compiling '/home/praveen/msgandsrv/install/my_robot_controller/local/lib/python3.10/dist-packages/my_robot_controller/__init__.py'...
[3.449s] Listing '/home/praveen/msgandsrv/install/my_robot_controller/local/lib/python3.10/dist-packages/my_robot_controller/msg'...
[3.449s] Compiling '/home/praveen/msgandsrv/install/my_robot_controller/local/lib/python3.10/dist-packages/my_robot_controller/msg/__init__.py'...
[3.449s] Compiling '/home/praveen/msgandsrv/install/my_robot_controller/local/lib/python3.10/dist-packages/my_robot_controller/msg/_hardware_status.py'...
[3.449s] Listing '/home/praveen/msgandsrv/install/my_robot_controller/local/lib/python3.10/dist-packages/my_robot_controller/srv'...
[3.449s] Compiling '/home/praveen/msgandsrv/install/my_robot_controller/local/lib/python3.10/dist-packages/my_robot_controller/srv/__init__.py'...
[3.449s] Compiling '/home/praveen/msgandsrv/install/my_robot_controller/local/lib/python3.10/dist-packages/my_robot_controller/srv/_compute_rectangle_area.py'...
[3.452s] -- Installing: /home/praveen/msgandsrv/install/my_robot_controller/lib/libmy_robot_controller__rosidl_generator_py.so
[3.453s] -- Set runtime path of "/home/praveen/msgandsrv/install/my_robot_controller/lib/libmy_robot_controller__rosidl_generator_py.so" to ""
[3.453s] -- Up-to-date: /home/praveen/msgandsrv/install/my_robot_controller/share/my_robot_controller/cmake/export_my_robot_controller__rosidl_generator_cExport.cmake
[3.453s] -- Up-to-date: /home/praveen/msgandsrv/install/my_robot_controller/share/my_robot_controller/cmake/export_my_robot_controller__rosidl_generator_cExport-noconfig.cmake
[3.453s] -- Up-to-date: /home/praveen/msgandsrv/install/my_robot_controller/share/my_robot_controller/cmake/export_my_robot_controller__rosidl_typesupport_fastrtps_cExport.cmake
[3.453s] -- Up-to-date: /home/praveen/msgandsrv/install/my_robot_controller/share/my_robot_controller/cmake/export_my_robot_controller__rosidl_typesupport_fastrtps_cExport-noconfig.cmake
[3.454s] -- Up-to-date: /home/praveen/msgandsrv/install/my_robot_controller/share/my_robot_controller/cmake/my_robot_controller__rosidl_typesupport_introspection_cExport.cmake
[3.454s] -- Up-to-date: /home/praveen/msgandsrv/install/my_robot_controller/share/my_robot_controller/cmake/my_robot_controller__rosidl_typesupport_introspection_cExport-noconfig.cmake
[3.454s] -- Up-to-date: /home/praveen/msgandsrv/install/my_robot_controller/share/my_robot_controller/cmake/my_robot_controller__rosidl_typesupport_cExport.cmake
[3.454s] -- Up-to-date: /home/praveen/msgandsrv/install/my_robot_controller/share/my_robot_controller/cmake/my_robot_controller__rosidl_typesupport_cExport-noconfig.cmake
[3.454s] -- Up-to-date: /home/praveen/msgandsrv/install/my_robot_controller/share/my_robot_controller/cmake/export_my_robot_controller__rosidl_generator_cppExport.cmake
[3.454s] -- Up-to-date: /home/praveen/msgandsrv/install/my_robot_controller/share/my_robot_controller/cmake/export_my_robot_controller__rosidl_typesupport_fastrtps_cppExport.cmake
[3.454s] -- Up-to-date: /home/praveen/msgandsrv/install/my_robot_controller/share/my_robot_controller/cmake/export_my_robot_controller__rosidl_typesupport_fastrtps_cppExport-noconfig.cmake
[3.454s] -- Up-to-date: /home/praveen/msgandsrv/install/my_robot_controller/share/my_robot_controller/cmake/my_robot_controller__rosidl_typesupport_introspection_cppExport.cmake
[3.454s] -- Up-to-date: /home/praveen/msgandsrv/install/my_robot_controller/share/my_robot_controller/cmake/my_robot_controller__rosidl_typesupport_introspection_cppExport-noconfig.cmake
[3.454s] -- Up-to-date: /home/praveen/msgandsrv/install/my_robot_controller/share/my_robot_controller/cmake/my_robot_controller__rosidl_typesupport_cppExport.cmake
[3.454s] -- Up-to-date: /home/praveen/msgandsrv/install/my_robot_controller/share/my_robot_controller/cmake/my_robot_controller__rosidl_typesupport_cppExport-noconfig.cmake
[3.454s] -- Up-to-date: /home/praveen/msgandsrv/install/my_robot_controller/share/my_robot_controller/cmake/export_my_robot_controller__rosidl_generator_pyExport.cmake
[3.454s] -- Up-to-date: /home/praveen/msgandsrv/install/my_robot_controller/share/my_robot_controller/cmake/export_my_robot_controller__rosidl_generator_pyExport-noconfig.cmake
[3.458s] Invoked command in '/home/praveen/msgandsrv/build/my_robot_controller' returned '0': CMAKE_PREFIX_PATH=${CMAKE_PREFIX_PATH}:/home/praveen/udmey/install/activity:/home/praveen/manik/install/manikrobotic:/home/praveen/ros2_ws/install/hello:/opt/ros/humble /usr/bin/cmake --install /home/praveen/msgandsrv/build/my_robot_controller
