[35m[1mConsolidate compiler generated dependencies of target my_robot_controller__rosidl_generator_c[0m
[  3%] Built target my_robot_controller__cpp
[ 12%] Built target my_robot_controller__rosidl_generator_c
[ 12%] Built target ament_cmake_python_symlink_my_robot_controller
[35m[1mConsolidate compiler generated dependencies of target my_robot_controller__rosidl_typesupport_cpp[0m
[35m[1mConsolidate compiler generated dependencies of target my_robot_controller__rosidl_typesupport_fastrtps_c[0m
[35m[1mConsolidate compiler generated dependencies of target my_robot_controller__rosidl_typesupport_fastrtps_cpp[0m
[35m[1mConsolidate compiler generated dependencies of target my_robot_controller__rosidl_typesupport_introspection_cpp[0m
[35m[1mConsolidate compiler generated dependencies of target my_robot_controller__rosidl_typesupport_introspection_c[0m
[35m[1mConsolidate compiler generated dependencies of target my_robot_controller__rosidl_typesupport_c[0m
[ 32%] Built target my_robot_controller__rosidl_typesupport_c
[ 32%] Built target my_robot_controller__rosidl_typesupport_cpp
[ 41%] Built target my_robot_controller__rosidl_typesupport_fastrtps_cpp
[ 51%] Built target my_robot_controller__rosidl_typesupport_introspection_c
[ 70%] Built target my_robot_controller__rosidl_typesupport_fastrtps_c
[ 70%] Built target my_robot_controller__rosidl_typesupport_introspection_cpp
[ 70%] Built target my_robot_controller
[ 74%] Built target my_robot_controller__py
[35m[1mConsolidate compiler generated dependencies of target my_robot_controller__rosidl_generator_py[0m
[ 80%] Built target my_robot_controller__rosidl_generator_py
[35m[1mConsolidate compiler generated dependencies of target my_robot_controller__rosidl_typesupport_fastrtps_c__pyext[0m
[35m[1mConsolidate compiler generated dependencies of target my_robot_controller__rosidl_typesupport_c__pyext[0m
[35m[1mConsolidate compiler generated dependencies of target my_robot_controller__rosidl_typesupport_introspection_c__pyext[0m
[100%] Built target my_robot_controller__rosidl_typesupport_c__pyext
[100%] Built target my_robot_controller__rosidl_typesupport_fastrtps_c__pyext
[100%] Built target my_robot_controller__rosidl_typesupport_introspection_c__pyext
running egg_info
writing my_robot_controller.egg-info/PKG-INFO
writing dependency_links to my_robot_controller.egg-info/dependency_links.txt
writing top-level names to my_robot_controller.egg-info/top_level.txt
reading manifest file 'my_robot_controller.egg-info/SOURCES.txt'
writing manifest file 'my_robot_controller.egg-info/SOURCES.txt'
[100%] Built target ament_cmake_python_build_my_robot_controller_egg
-- Install configuration: ""
-- Execute custom install script
-- Up-to-date symlink: /home/praveen/msgandsrv/install/my_robot_controller/share/ament_index/resource_index/rosidl_interfaces/my_robot_controller
-- Up-to-date symlink: /home/praveen/msgandsrv/install/my_robot_controller/include/my_robot_controller/my_robot_controller/msg/detail/hardware_status__functions.h
-- Up-to-date symlink: /home/praveen/msgandsrv/install/my_robot_controller/include/my_robot_controller/my_robot_controller/msg/detail/hardware_status__struct.h
-- Up-to-date symlink: /home/praveen/msgandsrv/install/my_robot_controller/include/my_robot_controller/my_robot_controller/msg/detail/hardware_status__type_support.h
-- Up-to-date symlink: /home/praveen/msgandsrv/install/my_robot_controller/include/my_robot_controller/my_robot_controller/msg/hardware_status.h
-- Up-to-date symlink: /home/praveen/msgandsrv/install/my_robot_controller/include/my_robot_controller/my_robot_controller/msg/rosidl_generator_c__visibility_control.h
-- Up-to-date symlink: /home/praveen/msgandsrv/install/my_robot_controller/share/my_robot_controller/environment/library_path.sh
-- Up-to-date symlink: /home/praveen/msgandsrv/install/my_robot_controller/share/my_robot_controller/environment/library_path.dsv
-- Up-to-date symlink: /home/praveen/msgandsrv/install/my_robot_controller/include/my_robot_controller/my_robot_controller/msg/detail/hardware_status__rosidl_typesupport_fastrtps_c.h
-- Up-to-date symlink: /home/praveen/msgandsrv/install/my_robot_controller/include/my_robot_controller/my_robot_controller/msg/rosidl_typesupport_fastrtps_c__visibility_control.h
-- Up-to-date symlink: /home/praveen/msgandsrv/install/my_robot_controller/include/my_robot_controller/my_robot_controller/msg/detail/hardware_status__rosidl_typesupport_introspection_c.h
-- Up-to-date symlink: /home/praveen/msgandsrv/install/my_robot_controller/include/my_robot_controller/my_robot_controller/msg/rosidl_typesupport_introspection_c__visibility_control.h
-- Up-to-date symlink: /home/praveen/msgandsrv/install/my_robot_controller/include/my_robot_controller/my_robot_controller/msg/detail/hardware_status__builder.hpp
-- Up-to-date symlink: /home/praveen/msgandsrv/install/my_robot_controller/include/my_robot_controller/my_robot_controller/msg/detail/hardware_status__struct.hpp
-- Up-to-date symlink: /home/praveen/msgandsrv/install/my_robot_controller/include/my_robot_controller/my_robot_controller/msg/detail/hardware_status__traits.hpp
-- Up-to-date symlink: /home/praveen/msgandsrv/install/my_robot_controller/include/my_robot_controller/my_robot_controller/msg/hardware_status.hpp
-- Up-to-date symlink: /home/praveen/msgandsrv/install/my_robot_controller/include/my_robot_controller/my_robot_controller/msg/detail/hardware_status__rosidl_typesupport_fastrtps_cpp.hpp
-- Up-to-date symlink: /home/praveen/msgandsrv/install/my_robot_controller/include/my_robot_controller/my_robot_controller/msg/rosidl_typesupport_fastrtps_cpp__visibility_control.h
-- Up-to-date symlink: /home/praveen/msgandsrv/install/my_robot_controller/include/my_robot_controller/my_robot_controller/msg/detail/hardware_status__rosidl_typesupport_introspection_cpp.hpp
-- Up-to-date symlink: /home/praveen/msgandsrv/install/my_robot_controller/share/my_robot_controller/environment/pythonpath.sh
-- Up-to-date symlink: /home/praveen/msgandsrv/install/my_robot_controller/share/my_robot_controller/environment/pythonpath.dsv
-- Up-to-date symlink: /home/praveen/msgandsrv/install/my_robot_controller/local/lib/python3.10/dist-packages/my_robot_controller-0.0.0-py3.10.egg-info/PKG-INFO
-- Up-to-date symlink: /home/praveen/msgandsrv/install/my_robot_controller/local/lib/python3.10/dist-packages/my_robot_controller-0.0.0-py3.10.egg-info/SOURCES.txt
-- Up-to-date symlink: /home/praveen/msgandsrv/install/my_robot_controller/local/lib/python3.10/dist-packages/my_robot_controller-0.0.0-py3.10.egg-info/dependency_links.txt
-- Up-to-date symlink: /home/praveen/msgandsrv/install/my_robot_controller/local/lib/python3.10/dist-packages/my_robot_controller-0.0.0-py3.10.egg-info/top_level.txt
-- Up-to-date symlink: /home/praveen/msgandsrv/install/my_robot_controller/local/lib/python3.10/dist-packages/my_robot_controller/__init__.py
-- Up-to-date symlink: /home/praveen/msgandsrv/install/my_robot_controller/local/lib/python3.10/dist-packages/my_robot_controller/_my_robot_controller_s.ep.rosidl_typesupport_c.c
-- Up-to-date symlink: /home/praveen/msgandsrv/install/my_robot_controller/local/lib/python3.10/dist-packages/my_robot_controller/_my_robot_controller_s.ep.rosidl_typesupport_fastrtps_c.c
-- Up-to-date symlink: /home/praveen/msgandsrv/install/my_robot_controller/local/lib/python3.10/dist-packages/my_robot_controller/_my_robot_controller_s.ep.rosidl_typesupport_introspection_c.c
-- Up-to-date symlink: /home/praveen/msgandsrv/install/my_robot_controller/local/lib/python3.10/dist-packages/my_robot_controller/libmy_robot_controller__rosidl_generator_py.so
-- Up-to-date symlink: /home/praveen/msgandsrv/install/my_robot_controller/local/lib/python3.10/dist-packages/my_robot_controller/msg/__init__.py
-- Up-to-date symlink: /home/praveen/msgandsrv/install/my_robot_controller/local/lib/python3.10/dist-packages/my_robot_controller/msg/_hardware_status.py
-- Up-to-date symlink: /home/praveen/msgandsrv/install/my_robot_controller/local/lib/python3.10/dist-packages/my_robot_controller/msg/_hardware_status_s.c
-- Up-to-date symlink: /home/praveen/msgandsrv/install/my_robot_controller/local/lib/python3.10/dist-packages/my_robot_controller/my_robot_controller_s__rosidl_typesupport_c.cpython-310-x86_64-linux-gnu.so
-- Up-to-date symlink: /home/praveen/msgandsrv/install/my_robot_controller/local/lib/python3.10/dist-packages/my_robot_controller/my_robot_controller_s__rosidl_typesupport_fastrtps_c.cpython-310-x86_64-linux-gnu.so
-- Up-to-date symlink: /home/praveen/msgandsrv/install/my_robot_controller/local/lib/python3.10/dist-packages/my_robot_controller/my_robot_controller_s__rosidl_typesupport_introspection_c.cpython-310-x86_64-linux-gnu.so
-- Up-to-date symlink: /home/praveen/msgandsrv/install/my_robot_controller/local/lib/python3.10/dist-packages/my_robot_controller/my_robot_controller_s__rosidl_typesupport_fastrtps_c.cpython-310-x86_64-linux-gnu.so
-- Up-to-date symlink: /home/praveen/msgandsrv/install/my_robot_controller/local/lib/python3.10/dist-packages/my_robot_controller/my_robot_controller_s__rosidl_typesupport_introspection_c.cpython-310-x86_64-linux-gnu.so
-- Up-to-date symlink: /home/praveen/msgandsrv/install/my_robot_controller/local/lib/python3.10/dist-packages/my_robot_controller/my_robot_controller_s__rosidl_typesupport_c.cpython-310-x86_64-linux-gnu.so
-- Up-to-date symlink: /home/praveen/msgandsrv/install/my_robot_controller/share/my_robot_controller/msg/HardwareStatus.idl
-- Up-to-date symlink: /home/praveen/msgandsrv/install/my_robot_controller/share/my_robot_controller/msg/HardwareStatus.msg
-- Up-to-date symlink: /home/praveen/msgandsrv/install/my_robot_controller/share/ament_index/resource_index/package_run_dependencies/my_robot_controller
-- Up-to-date symlink: /home/praveen/msgandsrv/install/my_robot_controller/share/ament_index/resource_index/parent_prefix_path/my_robot_controller
-- Up-to-date symlink: /home/praveen/msgandsrv/install/my_robot_controller/share/my_robot_controller/environment/ament_prefix_path.sh
-- Up-to-date symlink: /home/praveen/msgandsrv/install/my_robot_controller/share/my_robot_controller/environment/ament_prefix_path.dsv
-- Up-to-date symlink: /home/praveen/msgandsrv/install/my_robot_controller/share/my_robot_controller/environment/path.sh
-- Up-to-date symlink: /home/praveen/msgandsrv/install/my_robot_controller/share/my_robot_controller/environment/path.dsv
-- Up-to-date symlink: /home/praveen/msgandsrv/install/my_robot_controller/share/my_robot_controller/local_setup.bash
-- Up-to-date symlink: /home/praveen/msgandsrv/install/my_robot_controller/share/my_robot_controller/local_setup.sh
-- Up-to-date symlink: /home/praveen/msgandsrv/install/my_robot_controller/share/my_robot_controller/local_setup.zsh
-- Up-to-date symlink: /home/praveen/msgandsrv/install/my_robot_controller/share/my_robot_controller/local_setup.dsv
-- Symlinking: /home/praveen/msgandsrv/install/my_robot_controller/share/my_robot_controller/package.dsv
-- Up-to-date symlink: /home/praveen/msgandsrv/install/my_robot_controller/share/ament_index/resource_index/packages/my_robot_controller
-- Up-to-date symlink: /home/praveen/msgandsrv/install/my_robot_controller/share/my_robot_controller/cmake/rosidl_cmake-extras.cmake
-- Up-to-date symlink: /home/praveen/msgandsrv/install/my_robot_controller/share/my_robot_controller/cmake/ament_cmake_export_include_directories-extras.cmake
-- Up-to-date symlink: /home/praveen/msgandsrv/install/my_robot_controller/share/my_robot_controller/cmake/ament_cmake_export_libraries-extras.cmake
-- Up-to-date symlink: /home/praveen/msgandsrv/install/my_robot_controller/share/my_robot_controller/cmake/ament_cmake_export_targets-extras.cmake
-- Up-to-date symlink: /home/praveen/msgandsrv/install/my_robot_controller/share/my_robot_controller/cmake/rosidl_cmake_export_typesupport_targets-extras.cmake
-- Up-to-date symlink: /home/praveen/msgandsrv/install/my_robot_controller/share/my_robot_controller/cmake/ament_cmake_export_dependencies-extras.cmake
-- Up-to-date symlink: /home/praveen/msgandsrv/install/my_robot_controller/share/my_robot_controller/cmake/rosidl_cmake_export_typesupport_libraries-extras.cmake
-- Up-to-date symlink: /home/praveen/msgandsrv/install/my_robot_controller/share/my_robot_controller/cmake/my_robot_controllerConfig.cmake
-- Up-to-date symlink: /home/praveen/msgandsrv/install/my_robot_controller/share/my_robot_controller/cmake/my_robot_controllerConfig-version.cmake
-- Up-to-date symlink: /home/praveen/msgandsrv/install/my_robot_controller/share/my_robot_controller/package.xml
-- Up-to-date: /home/praveen/msgandsrv/install/my_robot_controller/lib/libmy_robot_controller__rosidl_generator_c.so
-- Up-to-date: /home/praveen/msgandsrv/install/my_robot_controller/lib/libmy_robot_controller__rosidl_typesupport_fastrtps_c.so
-- Up-to-date: /home/praveen/msgandsrv/install/my_robot_controller/lib/libmy_robot_controller__rosidl_typesupport_introspection_c.so
-- Up-to-date: /home/praveen/msgandsrv/install/my_robot_controller/lib/libmy_robot_controller__rosidl_typesupport_c.so
-- Up-to-date: /home/praveen/msgandsrv/install/my_robot_controller/lib/libmy_robot_controller__rosidl_typesupport_fastrtps_cpp.so
-- Up-to-date: /home/praveen/msgandsrv/install/my_robot_controller/lib/libmy_robot_controller__rosidl_typesupport_introspection_cpp.so
-- Up-to-date: /home/praveen/msgandsrv/install/my_robot_controller/lib/libmy_robot_controller__rosidl_typesupport_cpp.so
Listing '/home/praveen/msgandsrv/install/my_robot_controller/local/lib/python3.10/dist-packages/my_robot_controller'...
Listing '/home/praveen/msgandsrv/install/my_robot_controller/local/lib/python3.10/dist-packages/my_robot_controller/msg'...
-- Up-to-date: /home/praveen/msgandsrv/install/my_robot_controller/lib/libmy_robot_controller__rosidl_generator_py.so
-- Up-to-date: /home/praveen/msgandsrv/install/my_robot_controller/share/my_robot_controller/cmake/export_my_robot_controller__rosidl_generator_cExport.cmake
-- Up-to-date: /home/praveen/msgandsrv/install/my_robot_controller/share/my_robot_controller/cmake/export_my_robot_controller__rosidl_generator_cExport-noconfig.cmake
-- Up-to-date: /home/praveen/msgandsrv/install/my_robot_controller/share/my_robot_controller/cmake/export_my_robot_controller__rosidl_typesupport_fastrtps_cExport.cmake
-- Up-to-date: /home/praveen/msgandsrv/install/my_robot_controller/share/my_robot_controller/cmake/export_my_robot_controller__rosidl_typesupport_fastrtps_cExport-noconfig.cmake
-- Up-to-date: /home/praveen/msgandsrv/install/my_robot_controller/share/my_robot_controller/cmake/my_robot_controller__rosidl_typesupport_introspection_cExport.cmake
-- Up-to-date: /home/praveen/msgandsrv/install/my_robot_controller/share/my_robot_controller/cmake/my_robot_controller__rosidl_typesupport_introspection_cExport-noconfig.cmake
-- Up-to-date: /home/praveen/msgandsrv/install/my_robot_controller/share/my_robot_controller/cmake/my_robot_controller__rosidl_typesupport_cExport.cmake
-- Up-to-date: /home/praveen/msgandsrv/install/my_robot_controller/share/my_robot_controller/cmake/my_robot_controller__rosidl_typesupport_cExport-noconfig.cmake
-- Up-to-date: /home/praveen/msgandsrv/install/my_robot_controller/share/my_robot_controller/cmake/export_my_robot_controller__rosidl_generator_cppExport.cmake
-- Up-to-date: /home/praveen/msgandsrv/install/my_robot_controller/share/my_robot_controller/cmake/export_my_robot_controller__rosidl_typesupport_fastrtps_cppExport.cmake
-- Up-to-date: /home/praveen/msgandsrv/install/my_robot_controller/share/my_robot_controller/cmake/export_my_robot_controller__rosidl_typesupport_fastrtps_cppExport-noconfig.cmake
-- Up-to-date: /home/praveen/msgandsrv/install/my_robot_controller/share/my_robot_controller/cmake/my_robot_controller__rosidl_typesupport_introspection_cppExport.cmake
-- Up-to-date: /home/praveen/msgandsrv/install/my_robot_controller/share/my_robot_controller/cmake/my_robot_controller__rosidl_typesupport_introspection_cppExport-noconfig.cmake
-- Up-to-date: /home/praveen/msgandsrv/install/my_robot_controller/share/my_robot_controller/cmake/my_robot_controller__rosidl_typesupport_cppExport.cmake
-- Up-to-date: /home/praveen/msgandsrv/install/my_robot_controller/share/my_robot_controller/cmake/my_robot_controller__rosidl_typesupport_cppExport-noconfig.cmake
-- Up-to-date: /home/praveen/msgandsrv/install/my_robot_controller/share/my_robot_controller/cmake/export_my_robot_controller__rosidl_generator_pyExport.cmake
-- Up-to-date: /home/praveen/msgandsrv/install/my_robot_controller/share/my_robot_controller/cmake/export_my_robot_controller__rosidl_generator_pyExport-noconfig.cmake
