[0.084s] DEBUG:colcon:Command line arguments: ['/usr/bin/colcon', 'build', '--symlink-install']
[0.084s] DEBUG:colcon:Parsed command line arguments: Namespace(log_base=None, log_level=None, verb_name='build', build_base='build', install_base='install', merge_install=False, symlink_install=True, test_result_base=None, continue_on_error=False, executor='parallel', parallel_workers=12, event_handlers=None, ignore_user_meta=False, metas=['./colcon.meta'], base_paths=['.'], packages_ignore=None, packages_ignore_regex=None, paths=None, packages_up_to=None, packages_up_to_regex=None, packages_above=None, packages_above_and_dependencies=None, packages_above_depth=None, packages_select_by_dep=None, packages_skip_by_dep=None, packages_skip_up_to=None, packages_select_build_failed=False, packages_skip_build_finished=False, packages_select_test_failures=False, packages_skip_test_passed=False, packages_select=None, packages_skip=None, packages_select_regex=None, packages_skip_regex=None, packages_start=None, packages_end=None, allow_overriding=[], cmake_args=None, cmake_target=None, cmake_target_skip_unavailable=False, cmake_clean_cache=False, cmake_clean_first=False, cmake_force_configure=False, ament_cmake_args=None, catkin_cmake_args=None, catkin_skip_building_tests=False, verb_parser=<colcon_defaults.argument_parser.defaults.DefaultArgumentsDecorator object at 0x763ab8834400>, verb_extension=<colcon_core.verb.build.BuildVerb object at 0x763ab89ac310>, main=<bound method BuildVerb.main of <colcon_core.verb.build.BuildVerb object at 0x763ab89ac310>>)
[0.207s] Level 1:colcon.colcon_core.package_discovery:discover_packages(colcon_meta) check parameters
[0.208s] Level 1:colcon.colcon_core.package_discovery:discover_packages(recursive) check parameters
[0.208s] Level 1:colcon.colcon_core.package_discovery:discover_packages(ignore) check parameters
[0.208s] Level 1:colcon.colcon_core.package_discovery:discover_packages(path) check parameters
[0.208s] Level 1:colcon.colcon_core.package_discovery:discover_packages(colcon_meta) discover
[0.208s] Level 1:colcon.colcon_core.package_discovery:discover_packages(recursive) discover
[0.208s] INFO:colcon.colcon_core.package_discovery:Crawling recursively for packages in '/home/praveen/msgandsrv'
[0.208s] Level 1:colcon.colcon_core.package_identification:_identify(.) by extensions ['ignore', 'ignore_ament_install']
[0.208s] Level 1:colcon.colcon_core.package_identification:_identify(.) by extension 'ignore'
[0.208s] Level 1:colcon.colcon_core.package_identification:_identify(.) by extension 'ignore_ament_install'
[0.208s] Level 1:colcon.colcon_core.package_identification:_identify(.) by extensions ['colcon_pkg']
[0.208s] Level 1:colcon.colcon_core.package_identification:_identify(.) by extension 'colcon_pkg'
[0.208s] Level 1:colcon.colcon_core.package_identification:_identify(.) by extensions ['colcon_meta']
[0.208s] Level 1:colcon.colcon_core.package_identification:_identify(.) by extension 'colcon_meta'
[0.208s] Level 1:colcon.colcon_core.package_identification:_identify(.) by extensions ['ros']
[0.208s] Level 1:colcon.colcon_core.package_identification:_identify(.) by extension 'ros'
[0.217s] Level 1:colcon.colcon_core.package_identification:_identify(.) by extensions ['cmake', 'python']
[0.217s] Level 1:colcon.colcon_core.package_identification:_identify(.) by extension 'cmake'
[0.217s] Level 1:colcon.colcon_core.package_identification:_identify(.) by extension 'python'
[0.217s] Level 1:colcon.colcon_core.package_identification:_identify(.) by extensions ['python_setup_py']
[0.217s] Level 1:colcon.colcon_core.package_identification:_identify(.) by extension 'python_setup_py'
[0.217s] Level 1:colcon.colcon_core.package_identification:_identify(build) by extensions ['ignore', 'ignore_ament_install']
[0.217s] Level 1:colcon.colcon_core.package_identification:_identify(build) by extension 'ignore'
[0.217s] Level 1:colcon.colcon_core.package_identification:_identify(build) ignored
[0.217s] Level 1:colcon.colcon_core.package_identification:_identify(install) by extensions ['ignore', 'ignore_ament_install']
[0.218s] Level 1:colcon.colcon_core.package_identification:_identify(install) by extension 'ignore'
[0.218s] Level 1:colcon.colcon_core.package_identification:_identify(install) ignored
[0.218s] Level 1:colcon.colcon_core.package_identification:_identify(log) by extensions ['ignore', 'ignore_ament_install']
[0.218s] Level 1:colcon.colcon_core.package_identification:_identify(log) by extension 'ignore'
[0.218s] Level 1:colcon.colcon_core.package_identification:_identify(log) ignored
[0.218s] Level 1:colcon.colcon_core.package_identification:_identify(src) by extensions ['ignore', 'ignore_ament_install']
[0.218s] Level 1:colcon.colcon_core.package_identification:_identify(src) by extension 'ignore'
[0.218s] Level 1:colcon.colcon_core.package_identification:_identify(src) by extension 'ignore_ament_install'
[0.218s] Level 1:colcon.colcon_core.package_identification:_identify(src) by extensions ['colcon_pkg']
[0.218s] Level 1:colcon.colcon_core.package_identification:_identify(src) by extension 'colcon_pkg'
[0.218s] Level 1:colcon.colcon_core.package_identification:_identify(src) by extensions ['colcon_meta']
[0.218s] Level 1:colcon.colcon_core.package_identification:_identify(src) by extension 'colcon_meta'
[0.218s] Level 1:colcon.colcon_core.package_identification:_identify(src) by extensions ['ros']
[0.218s] Level 1:colcon.colcon_core.package_identification:_identify(src) by extension 'ros'
[0.218s] Level 1:colcon.colcon_core.package_identification:_identify(src) by extensions ['cmake', 'python']
[0.218s] Level 1:colcon.colcon_core.package_identification:_identify(src) by extension 'cmake'
[0.218s] Level 1:colcon.colcon_core.package_identification:_identify(src) by extension 'python'
[0.218s] Level 1:colcon.colcon_core.package_identification:_identify(src) by extensions ['python_setup_py']
[0.218s] Level 1:colcon.colcon_core.package_identification:_identify(src) by extension 'python_setup_py'
[0.218s] Level 1:colcon.colcon_core.package_identification:_identify(src/HardwareStatus) by extensions ['ignore', 'ignore_ament_install']
[0.219s] Level 1:colcon.colcon_core.package_identification:_identify(src/HardwareStatus) by extension 'ignore'
[0.219s] Level 1:colcon.colcon_core.package_identification:_identify(src/HardwareStatus) by extension 'ignore_ament_install'
[0.219s] Level 1:colcon.colcon_core.package_identification:_identify(src/HardwareStatus) by extensions ['colcon_pkg']
[0.219s] Level 1:colcon.colcon_core.package_identification:_identify(src/HardwareStatus) by extension 'colcon_pkg'
[0.219s] Level 1:colcon.colcon_core.package_identification:_identify(src/HardwareStatus) by extensions ['colcon_meta']
[0.219s] Level 1:colcon.colcon_core.package_identification:_identify(src/HardwareStatus) by extension 'colcon_meta'
[0.219s] Level 1:colcon.colcon_core.package_identification:_identify(src/HardwareStatus) by extensions ['ros']
[0.219s] Level 1:colcon.colcon_core.package_identification:_identify(src/HardwareStatus) by extension 'ros'
[0.221s] DEBUG:colcon.colcon_core.package_identification:Package 'src/HardwareStatus' with type 'ros.ament_python' and name 'HardwareStatus'
[0.221s] Level 1:colcon.colcon_core.package_identification:_identify(src/my_robot_controller) by extensions ['ignore', 'ignore_ament_install']
[0.221s] Level 1:colcon.colcon_core.package_identification:_identify(src/my_robot_controller) by extension 'ignore'
[0.221s] Level 1:colcon.colcon_core.package_identification:_identify(src/my_robot_controller) by extension 'ignore_ament_install'
[0.221s] Level 1:colcon.colcon_core.package_identification:_identify(src/my_robot_controller) by extensions ['colcon_pkg']
[0.221s] Level 1:colcon.colcon_core.package_identification:_identify(src/my_robot_controller) by extension 'colcon_pkg'
[0.221s] Level 1:colcon.colcon_core.package_identification:_identify(src/my_robot_controller) by extensions ['colcon_meta']
[0.221s] Level 1:colcon.colcon_core.package_identification:_identify(src/my_robot_controller) by extension 'colcon_meta'
[0.221s] Level 1:colcon.colcon_core.package_identification:_identify(src/my_robot_controller) by extensions ['ros']
[0.221s] Level 1:colcon.colcon_core.package_identification:_identify(src/my_robot_controller) by extension 'ros'
[0.222s] DEBUG:colcon.colcon_core.package_identification:Package 'src/my_robot_controller' with type 'ros.ament_cmake' and name 'my_robot_controller'
[0.222s] Level 1:colcon.colcon_core.package_discovery:discover_packages(recursive) using defaults
[0.222s] Level 1:colcon.colcon_core.package_discovery:discover_packages(ignore) discover
[0.222s] Level 1:colcon.colcon_core.package_discovery:discover_packages(ignore) using defaults
[0.222s] Level 1:colcon.colcon_core.package_discovery:discover_packages(path) discover
[0.222s] Level 1:colcon.colcon_core.package_discovery:discover_packages(path) using defaults
[0.237s] Level 1:colcon.colcon_core.package_discovery:discover_packages(prefix_path) check parameters
[0.238s] Level 1:colcon.colcon_core.package_discovery:discover_packages(prefix_path) discover
[0.240s] DEBUG:colcon.colcon_installed_package_information.package_discovery:Found 1 installed packages in /home/praveen/msgandsrv/install
[0.240s] DEBUG:colcon.colcon_installed_package_information.package_discovery:Found 0 installed packages in /home/praveen/my/install
[0.241s] DEBUG:colcon.colcon_installed_package_information.package_discovery:Found 3 installed packages in /home/praveen/udmey/install
[0.241s] DEBUG:colcon.colcon_installed_package_information.package_discovery:Found 1 installed packages in /home/praveen/manik/install
[0.241s] DEBUG:colcon.colcon_installed_package_information.package_discovery:Found 1 installed packages in /home/praveen/ros2_ws/install
[0.242s] DEBUG:colcon.colcon_installed_package_information.package_discovery:Found 270 installed packages in /opt/ros/humble
[0.243s] Level 1:colcon.colcon_core.package_discovery:discover_packages(prefix_path) using defaults
[0.273s] Level 5:colcon.colcon_core.verb:set package 'HardwareStatus' build argument 'cmake_args' from command line to 'None'
[0.273s] Level 5:colcon.colcon_core.verb:set package 'HardwareStatus' build argument 'cmake_target' from command line to 'None'
[0.273s] Level 5:colcon.colcon_core.verb:set package 'HardwareStatus' build argument 'cmake_target_skip_unavailable' from command line to 'False'
[0.273s] Level 5:colcon.colcon_core.verb:set package 'HardwareStatus' build argument 'cmake_clean_cache' from command line to 'False'
[0.273s] Level 5:colcon.colcon_core.verb:set package 'HardwareStatus' build argument 'cmake_clean_first' from command line to 'False'
[0.273s] Level 5:colcon.colcon_core.verb:set package 'HardwareStatus' build argument 'cmake_force_configure' from command line to 'False'
[0.273s] Level 5:colcon.colcon_core.verb:set package 'HardwareStatus' build argument 'ament_cmake_args' from command line to 'None'
[0.273s] Level 5:colcon.colcon_core.verb:set package 'HardwareStatus' build argument 'catkin_cmake_args' from command line to 'None'
[0.273s] Level 5:colcon.colcon_core.verb:set package 'HardwareStatus' build argument 'catkin_skip_building_tests' from command line to 'False'
[0.273s] DEBUG:colcon.colcon_core.verb:Building package 'HardwareStatus' with the following arguments: {'ament_cmake_args': None, 'build_base': '/home/praveen/msgandsrv/build/HardwareStatus', 'catkin_cmake_args': None, 'catkin_skip_building_tests': False, 'cmake_args': None, 'cmake_clean_cache': False, 'cmake_clean_first': False, 'cmake_force_configure': False, 'cmake_target': None, 'cmake_target_skip_unavailable': False, 'install_base': '/home/praveen/msgandsrv/install/HardwareStatus', 'merge_install': False, 'path': '/home/praveen/msgandsrv/src/HardwareStatus', 'symlink_install': True, 'test_result_base': None}
[0.273s] Level 5:colcon.colcon_core.verb:set package 'my_robot_controller' build argument 'cmake_args' from command line to 'None'
[0.273s] Level 5:colcon.colcon_core.verb:set package 'my_robot_controller' build argument 'cmake_target' from command line to 'None'
[0.273s] Level 5:colcon.colcon_core.verb:set package 'my_robot_controller' build argument 'cmake_target_skip_unavailable' from command line to 'False'
[0.273s] Level 5:colcon.colcon_core.verb:set package 'my_robot_controller' build argument 'cmake_clean_cache' from command line to 'False'
[0.273s] Level 5:colcon.colcon_core.verb:set package 'my_robot_controller' build argument 'cmake_clean_first' from command line to 'False'
[0.273s] Level 5:colcon.colcon_core.verb:set package 'my_robot_controller' build argument 'cmake_force_configure' from command line to 'False'
[0.273s] Level 5:colcon.colcon_core.verb:set package 'my_robot_controller' build argument 'ament_cmake_args' from command line to 'None'
[0.273s] Level 5:colcon.colcon_core.verb:set package 'my_robot_controller' build argument 'catkin_cmake_args' from command line to 'None'
[0.273s] Level 5:colcon.colcon_core.verb:set package 'my_robot_controller' build argument 'catkin_skip_building_tests' from command line to 'False'
[0.273s] DEBUG:colcon.colcon_core.verb:Building package 'my_robot_controller' with the following arguments: {'ament_cmake_args': None, 'build_base': '/home/praveen/msgandsrv/build/my_robot_controller', 'catkin_cmake_args': None, 'catkin_skip_building_tests': False, 'cmake_args': None, 'cmake_clean_cache': False, 'cmake_clean_first': False, 'cmake_force_configure': False, 'cmake_target': None, 'cmake_target_skip_unavailable': False, 'install_base': '/home/praveen/msgandsrv/install/my_robot_controller', 'merge_install': False, 'path': '/home/praveen/msgandsrv/src/my_robot_controller', 'symlink_install': True, 'test_result_base': None}
[0.274s] INFO:colcon.colcon_core.executor:Executing jobs using 'parallel' executor
[0.275s] DEBUG:colcon.colcon_parallel_executor.executor.parallel:run_until_complete
[0.275s] INFO:colcon.colcon_ros.task.ament_python.build:Building ROS package in '/home/praveen/msgandsrv/src/HardwareStatus' with build type 'ament_python'
[0.275s] Level 1:colcon.colcon_core.shell:create_environment_hook('HardwareStatus', 'ament_prefix_path')
[0.277s] INFO:colcon.colcon_core.plugin_system:Skipping extension 'colcon_core.shell.bat': Not used on non-Windows systems
[0.277s] INFO:colcon.colcon_core.shell:Creating environment hook '/home/praveen/msgandsrv/install/HardwareStatus/share/HardwareStatus/hook/ament_prefix_path.ps1'
[0.277s] INFO:colcon.colcon_core.shell:Creating environment descriptor '/home/praveen/msgandsrv/install/HardwareStatus/share/HardwareStatus/hook/ament_prefix_path.dsv'
[0.278s] INFO:colcon.colcon_core.shell:Creating environment hook '/home/praveen/msgandsrv/install/HardwareStatus/share/HardwareStatus/hook/ament_prefix_path.sh'
[0.278s] INFO:colcon.colcon_core.shell:Skip shell extension 'powershell' for command environment: Not usable outside of PowerShell
[0.278s] DEBUG:colcon.colcon_core.shell:Skip shell extension 'dsv' for command environment
[0.282s] INFO:colcon.colcon_ros.task.ament_cmake.build:Building ROS package in '/home/praveen/msgandsrv/src/my_robot_controller' with build type 'ament_cmake'
[0.282s] INFO:colcon.colcon_cmake.task.cmake.build:Building CMake package in '/home/praveen/msgandsrv/src/my_robot_controller'
[0.282s] INFO:colcon.colcon_core.shell:Skip shell extension 'powershell' for command environment: Not usable outside of PowerShell
[0.283s] DEBUG:colcon.colcon_core.shell:Skip shell extension 'dsv' for command environment
[0.502s] INFO:colcon.colcon_core.task.python.build:Building Python package in '/home/praveen/msgandsrv/src/HardwareStatus'
[0.502s] INFO:colcon.colcon_core.shell:Skip shell extension 'powershell' for command environment: Not usable outside of PowerShell
[0.503s] DEBUG:colcon.colcon_core.shell:Skip shell extension 'dsv' for command environment
[0.511s] DEBUG:colcon.colcon_core.event_handler.log_command:Invoking command in '/home/praveen/msgandsrv/build/my_robot_controller': CMAKE_PREFIX_PATH=${CMAKE_PREFIX_PATH}:/home/praveen/udmey/install/activity:/home/praveen/manik/install/manikrobotic:/home/praveen/ros2_ws/install/hello:/opt/ros/humble /usr/bin/cmake --build /home/praveen/msgandsrv/build/my_robot_controller -- -j12 -l12
[0.861s] DEBUG:colcon.colcon_core.event_handler.log_command:Invoking command in '/home/praveen/msgandsrv/build/HardwareStatus': PYTHONPATH=/home/praveen/msgandsrv/build/HardwareStatus/prefix_override:/usr/lib/python3/dist-packages/colcon_core/task/python/colcon_distutils_commands:/home/praveen/msgandsrv/install/HardwareStatus/lib/python3.10/site-packages:${PYTHONPATH} /usr/bin/python3 -W ignore:setup.py install is deprecated setup.py develop --editable --build-directory /home/praveen/msgandsrv/build/HardwareStatus/build --no-deps symlink_data
[0.887s] DEBUG:colcon.colcon_core.event_handler.log_command:Invoked command in '/home/praveen/msgandsrv/build/my_robot_controller' returned '0': CMAKE_PREFIX_PATH=${CMAKE_PREFIX_PATH}:/home/praveen/udmey/install/activity:/home/praveen/manik/install/manikrobotic:/home/praveen/ros2_ws/install/hello:/opt/ros/humble /usr/bin/cmake --build /home/praveen/msgandsrv/build/my_robot_controller -- -j12 -l12
[0.964s] DEBUG:colcon.colcon_core.event_handler.log_command:Invoking command in '/home/praveen/msgandsrv/build/my_robot_controller': CMAKE_PREFIX_PATH=${CMAKE_PREFIX_PATH}:/home/praveen/udmey/install/activity:/home/praveen/manik/install/manikrobotic:/home/praveen/ros2_ws/install/hello:/opt/ros/humble /usr/bin/cmake --install /home/praveen/msgandsrv/build/my_robot_controller
[1.035s] Level 1:colcon.colcon_core.environment:create_environment_scripts_only(my_robot_controller)
[1.035s] DEBUG:colcon.colcon_core.event_handler.log_command:Invoked command in '/home/praveen/msgandsrv/build/my_robot_controller' returned '0': CMAKE_PREFIX_PATH=${CMAKE_PREFIX_PATH}:/home/praveen/udmey/install/activity:/home/praveen/manik/install/manikrobotic:/home/praveen/ros2_ws/install/hello:/opt/ros/humble /usr/bin/cmake --install /home/praveen/msgandsrv/build/my_robot_controller
[1.050s] Level 1:colcon.colcon_core.environment:checking '/home/praveen/msgandsrv/install/my_robot_controller' for CMake module files
[1.051s] Level 1:colcon.colcon_core.environment:checking '/home/praveen/msgandsrv/install/my_robot_controller' for CMake config files
[1.052s] Level 1:colcon.colcon_core.shell:create_environment_hook('my_robot_controller', 'cmake_prefix_path')
[1.052s] INFO:colcon.colcon_core.shell:Creating environment hook '/home/praveen/msgandsrv/install/my_robot_controller/share/my_robot_controller/hook/cmake_prefix_path.ps1'
[1.052s] INFO:colcon.colcon_core.shell:Creating environment descriptor '/home/praveen/msgandsrv/install/my_robot_controller/share/my_robot_controller/hook/cmake_prefix_path.dsv'
[1.053s] INFO:colcon.colcon_core.shell:Creating environment hook '/home/praveen/msgandsrv/install/my_robot_controller/share/my_robot_controller/hook/cmake_prefix_path.sh'
[1.053s] Level 1:colcon.colcon_core.environment:checking '/home/praveen/msgandsrv/install/my_robot_controller/lib'
[1.053s] Level 1:colcon.colcon_core.shell:create_environment_hook('my_robot_controller', 'ld_library_path_lib')
[1.053s] INFO:colcon.colcon_core.shell:Creating environment hook '/home/praveen/msgandsrv/install/my_robot_controller/share/my_robot_controller/hook/ld_library_path_lib.ps1'
[1.054s] INFO:colcon.colcon_core.shell:Creating environment descriptor '/home/praveen/msgandsrv/install/my_robot_controller/share/my_robot_controller/hook/ld_library_path_lib.dsv'
[1.054s] INFO:colcon.colcon_core.shell:Creating environment hook '/home/praveen/msgandsrv/install/my_robot_controller/share/my_robot_controller/hook/ld_library_path_lib.sh'
[1.054s] Level 1:colcon.colcon_core.environment:checking '/home/praveen/msgandsrv/install/my_robot_controller/bin'
[1.054s] Level 1:colcon.colcon_core.environment:checking '/home/praveen/msgandsrv/install/my_robot_controller/lib/pkgconfig/my_robot_controller.pc'
[1.055s] Level 1:colcon.colcon_core.environment:checking '/home/praveen/msgandsrv/install/my_robot_controller/lib/python3.10/site-packages'
[1.055s] Level 1:colcon.colcon_core.environment:checking '/home/praveen/msgandsrv/install/my_robot_controller/bin'
[1.055s] INFO:colcon.colcon_core.shell:Creating package script '/home/praveen/msgandsrv/install/my_robot_controller/share/my_robot_controller/package.ps1'
[1.056s] INFO:colcon.colcon_core.shell:Creating package descriptor '/home/praveen/msgandsrv/install/my_robot_controller/share/my_robot_controller/package.dsv'
[1.056s] INFO:colcon.colcon_core.shell:Creating package script '/home/praveen/msgandsrv/install/my_robot_controller/share/my_robot_controller/package.sh'
[1.057s] INFO:colcon.colcon_core.shell:Creating package script '/home/praveen/msgandsrv/install/my_robot_controller/share/my_robot_controller/package.bash'
[1.057s] INFO:colcon.colcon_core.shell:Creating package script '/home/praveen/msgandsrv/install/my_robot_controller/share/my_robot_controller/package.zsh'
[1.058s] Level 1:colcon.colcon_core.environment:create_file_with_runtime_dependencies(/home/praveen/msgandsrv/install/my_robot_controller/share/colcon-core/packages/my_robot_controller)
[1.124s] Level 1:colcon.colcon_core.environment:create_environment_scripts_only(my_robot_controller)
[1.124s] Level 1:colcon.colcon_core.environment:checking '/home/praveen/msgandsrv/install/my_robot_controller' for CMake module files
[1.125s] Level 1:colcon.colcon_core.environment:checking '/home/praveen/msgandsrv/install/my_robot_controller' for CMake config files
[1.126s] Level 1:colcon.colcon_core.shell:create_environment_hook('my_robot_controller', 'cmake_prefix_path')
[1.126s] INFO:colcon.colcon_core.shell:Creating environment hook '/home/praveen/msgandsrv/install/my_robot_controller/share/my_robot_controller/hook/cmake_prefix_path.ps1'
[1.126s] INFO:colcon.colcon_core.shell:Creating environment descriptor '/home/praveen/msgandsrv/install/my_robot_controller/share/my_robot_controller/hook/cmake_prefix_path.dsv'
[1.127s] INFO:colcon.colcon_core.shell:Creating environment hook '/home/praveen/msgandsrv/install/my_robot_controller/share/my_robot_controller/hook/cmake_prefix_path.sh'
[1.127s] Level 1:colcon.colcon_core.environment:checking '/home/praveen/msgandsrv/install/my_robot_controller/lib'
[1.127s] Level 1:colcon.colcon_core.shell:create_environment_hook('my_robot_controller', 'ld_library_path_lib')
[1.127s] INFO:colcon.colcon_core.shell:Creating environment hook '/home/praveen/msgandsrv/install/my_robot_controller/share/my_robot_controller/hook/ld_library_path_lib.ps1'
[1.128s] INFO:colcon.colcon_core.shell:Creating environment descriptor '/home/praveen/msgandsrv/install/my_robot_controller/share/my_robot_controller/hook/ld_library_path_lib.dsv'
[1.128s] INFO:colcon.colcon_core.shell:Creating environment hook '/home/praveen/msgandsrv/install/my_robot_controller/share/my_robot_controller/hook/ld_library_path_lib.sh'
[1.128s] Level 1:colcon.colcon_core.environment:checking '/home/praveen/msgandsrv/install/my_robot_controller/bin'
[1.128s] Level 1:colcon.colcon_core.environment:checking '/home/praveen/msgandsrv/install/my_robot_controller/lib/pkgconfig/my_robot_controller.pc'
[1.128s] Level 1:colcon.colcon_core.environment:checking '/home/praveen/msgandsrv/install/my_robot_controller/lib/python3.10/site-packages'
[1.129s] Level 1:colcon.colcon_core.environment:checking '/home/praveen/msgandsrv/install/my_robot_controller/bin'
[1.129s] INFO:colcon.colcon_core.shell:Creating package script '/home/praveen/msgandsrv/install/my_robot_controller/share/my_robot_controller/package.ps1'
[1.129s] INFO:colcon.colcon_core.shell:Creating package descriptor '/home/praveen/msgandsrv/install/my_robot_controller/share/my_robot_controller/package.dsv'
[1.130s] INFO:colcon.colcon_core.shell:Creating package script '/home/praveen/msgandsrv/install/my_robot_controller/share/my_robot_controller/package.sh'
[1.130s] INFO:colcon.colcon_core.shell:Creating package script '/home/praveen/msgandsrv/install/my_robot_controller/share/my_robot_controller/package.bash'
[1.130s] INFO:colcon.colcon_core.shell:Creating package script '/home/praveen/msgandsrv/install/my_robot_controller/share/my_robot_controller/package.zsh'
[1.130s] Level 1:colcon.colcon_core.environment:create_file_with_runtime_dependencies(/home/praveen/msgandsrv/install/my_robot_controller/share/colcon-core/packages/my_robot_controller)
[1.263s] Level 1:colcon.colcon_core.shell:create_environment_hook('HardwareStatus', 'pythonpath_develop')
[1.263s] INFO:colcon.colcon_core.shell:Creating environment hook '/home/praveen/msgandsrv/build/HardwareStatus/share/HardwareStatus/hook/pythonpath_develop.ps1'
[1.264s] DEBUG:colcon.colcon_core.event_handler.log_command:Invoked command in '/home/praveen/msgandsrv/build/HardwareStatus' returned '0': PYTHONPATH=/home/praveen/msgandsrv/build/HardwareStatus/prefix_override:/usr/lib/python3/dist-packages/colcon_core/task/python/colcon_distutils_commands:/home/praveen/msgandsrv/install/HardwareStatus/lib/python3.10/site-packages:${PYTHONPATH} /usr/bin/python3 -W ignore:setup.py install is deprecated setup.py develop --editable --build-directory /home/praveen/msgandsrv/build/HardwareStatus/build --no-deps symlink_data
[1.265s] INFO:colcon.colcon_core.shell:Creating environment descriptor '/home/praveen/msgandsrv/build/HardwareStatus/share/HardwareStatus/hook/pythonpath_develop.dsv'
[1.265s] INFO:colcon.colcon_core.shell:Creating environment hook '/home/praveen/msgandsrv/build/HardwareStatus/share/HardwareStatus/hook/pythonpath_develop.sh'
[1.265s] Level 1:colcon.colcon_core.environment:checking '/home/praveen/msgandsrv/install/HardwareStatus' for CMake module files
[1.266s] Level 1:colcon.colcon_core.environment:checking '/home/praveen/msgandsrv/install/HardwareStatus' for CMake config files
[1.266s] Level 1:colcon.colcon_core.environment:checking '/home/praveen/msgandsrv/install/HardwareStatus/lib'
[1.266s] Level 1:colcon.colcon_core.environment:checking '/home/praveen/msgandsrv/install/HardwareStatus/bin'
[1.266s] Level 1:colcon.colcon_core.environment:checking '/home/praveen/msgandsrv/install/HardwareStatus/lib/pkgconfig/HardwareStatus.pc'
[1.267s] Level 1:colcon.colcon_core.environment:checking '/home/praveen/msgandsrv/install/HardwareStatus/lib/python3.10/site-packages'
[1.267s] Level 1:colcon.colcon_core.shell:create_environment_hook('HardwareStatus', 'pythonpath')
[1.267s] INFO:colcon.colcon_core.shell:Creating environment hook '/home/praveen/msgandsrv/install/HardwareStatus/share/HardwareStatus/hook/pythonpath.ps1'
[1.267s] INFO:colcon.colcon_core.shell:Creating environment descriptor '/home/praveen/msgandsrv/install/HardwareStatus/share/HardwareStatus/hook/pythonpath.dsv'
[1.267s] INFO:colcon.colcon_core.shell:Creating environment hook '/home/praveen/msgandsrv/install/HardwareStatus/share/HardwareStatus/hook/pythonpath.sh'
[1.268s] Level 1:colcon.colcon_core.environment:checking '/home/praveen/msgandsrv/install/HardwareStatus/bin'
[1.268s] Level 1:colcon.colcon_core.environment:create_environment_scripts_only(HardwareStatus)
[1.268s] INFO:colcon.colcon_core.shell:Creating package script '/home/praveen/msgandsrv/install/HardwareStatus/share/HardwareStatus/package.ps1'
[1.268s] INFO:colcon.colcon_core.shell:Creating package descriptor '/home/praveen/msgandsrv/install/HardwareStatus/share/HardwareStatus/package.dsv'
[1.269s] INFO:colcon.colcon_core.shell:Creating package script '/home/praveen/msgandsrv/install/HardwareStatus/share/HardwareStatus/package.sh'
[1.269s] INFO:colcon.colcon_core.shell:Creating package script '/home/praveen/msgandsrv/install/HardwareStatus/share/HardwareStatus/package.bash'
[1.269s] INFO:colcon.colcon_core.shell:Creating package script '/home/praveen/msgandsrv/install/HardwareStatus/share/HardwareStatus/package.zsh'
[1.269s] Level 1:colcon.colcon_core.environment:create_file_with_runtime_dependencies(/home/praveen/msgandsrv/install/HardwareStatus/share/colcon-core/packages/HardwareStatus)
[1.270s] DEBUG:colcon.colcon_parallel_executor.executor.parallel:closing loop
[1.270s] DEBUG:colcon.colcon_parallel_executor.executor.parallel:loop closed
[1.270s] DEBUG:colcon.colcon_parallel_executor.executor.parallel:run_until_complete finished with '0'
[1.270s] DEBUG:colcon.colcon_core.event_reactor:joining thread
[1.275s] INFO:colcon.colcon_core.plugin_system:Skipping extension 'colcon_notification.desktop_notification.terminal_notifier': Not used on non-Darwin systems
[1.275s] INFO:colcon.colcon_core.plugin_system:Skipping extension 'colcon_notification.desktop_notification.win32': Not used on non-Windows systems
[1.275s] INFO:colcon.colcon_notification.desktop_notification:Sending desktop notification using 'notify2'
[1.286s] DEBUG:colcon.colcon_core.event_reactor:joined thread
[1.286s] INFO:colcon.colcon_core.shell:Creating prefix script '/home/praveen/msgandsrv/install/local_setup.ps1'
[1.287s] INFO:colcon.colcon_core.shell:Creating prefix util module '/home/praveen/msgandsrv/install/_local_setup_util_ps1.py'
[1.288s] INFO:colcon.colcon_core.shell:Creating prefix chain script '/home/praveen/msgandsrv/install/setup.ps1'
[1.290s] INFO:colcon.colcon_core.shell:Creating prefix script '/home/praveen/msgandsrv/install/local_setup.sh'
[1.290s] INFO:colcon.colcon_core.shell:Creating prefix util module '/home/praveen/msgandsrv/install/_local_setup_util_sh.py'
[1.290s] INFO:colcon.colcon_core.shell:Creating prefix chain script '/home/praveen/msgandsrv/install/setup.sh'
[1.291s] INFO:colcon.colcon_core.shell:Creating prefix script '/home/praveen/msgandsrv/install/local_setup.bash'
[1.292s] INFO:colcon.colcon_core.shell:Creating prefix chain script '/home/praveen/msgandsrv/install/setup.bash'
[1.293s] INFO:colcon.colcon_core.shell:Creating prefix script '/home/praveen/msgandsrv/install/local_setup.zsh'
[1.293s] INFO:colcon.colcon_core.shell:Creating prefix chain script '/home/praveen/msgandsrv/install/setup.zsh'
