[0.011s] Invoking command in '/home/praveen/msgandsrv/build/my_robot_controller': CMAKE_PREFIX_PATH=${CMAKE_PREFIX_PATH}:/home/praveen/msgandsrv/install/msgandservice:/home/praveen/msgandsrv/install/HardwareStatus:/home/praveen/udmey/install/activity:/home/praveen/manik/install/manikrobotic:/home/praveen/ros2_ws/install/hello:/opt/ros/humble /usr/bin/cmake --build /home/praveen/msgandsrv/build/my_robot_controller -- -j12 -l12
[0.036s] -- Found ament_cmake: 1.3.9 (/opt/ros/humble/share/ament_cmake/cmake)
[0.140s] -- Override CMake install command with custom implementation using symlinks instead of copying resources
[0.145s] -- Found rosidl_default_generators: 1.2.0 (/opt/ros/humble/share/rosidl_default_generators/cmake)
[0.147s] -- Using all available rosidl_typesupport_c: rosidl_typesupport_fastrtps_c;rosidl_typesupport_introspection_c
[0.149s] -- Found rosidl_adapter: 3.1.5 (/opt/ros/humble/share/rosidl_adapter/cmake)
[0.172s] -- Using all available rosidl_typesupport_cpp: rosidl_typesupport_fastrtps_cpp;rosidl_typesupport_introspection_cpp
[0.414s] -- Found ament_cmake_ros: 0.10.0 (/opt/ros/humble/share/ament_cmake_ros/cmake)
[0.578s] -- Using all available rosidl_typesupport_c: rosidl_typesupport_fastrtps_c;rosidl_typesupport_introspection_c
[0.790s] -- Using all available rosidl_typesupport_cpp: rosidl_typesupport_fastrtps_cpp;rosidl_typesupport_introspection_cpp
[0.811s] -- Found python_cmake_module: 0.10.0 (/opt/ros/humble/share/python_cmake_module/cmake)
[0.833s] -- Using PYTHON_EXECUTABLE: /usr/bin/python3
[0.833s] -- Using PYTHON_INCLUDE_DIRS: /usr/include/python3.10
[0.833s] -- Using PYTHON_LIBRARIES: /usr/lib/x86_64-linux-gnu/libpython3.10.so
[0.855s] -- Configuring done
[0.895s] -- Generating done
[0.898s] -- Build files have been written to: /home/praveen/msgandsrv/build/my_robot_controller
[0.926s] [  2%] [34m[1mGenerating C code for ROS interfaces[0m
[0.936s] [  4%] [34m[1mGenerating C++ code for ROS interfaces[0m
[0.946s] [  4%] Built target ament_cmake_python_symlink_my_robot_controller
[1.163s] running egg_info
[1.163s] writing my_robot_controller.egg-info/PKG-INFO
[1.163s] writing dependency_links to my_robot_controller.egg-info/dependency_links.txt
[1.164s] writing top-level names to my_robot_controller.egg-info/top_level.txt
[1.166s] reading manifest file 'my_robot_controller.egg-info/SOURCES.txt'
[1.166s] writing manifest file 'my_robot_controller.egg-info/SOURCES.txt'
[1.200s] [  4%] Built target ament_cmake_python_build_my_robot_controller_egg
[1.243s] [35m[1mConsolidate compiler generated dependencies of target my_robot_controller__rosidl_generator_c[0m
[1.252s] [  4%] Built target my_robot_controller__cpp
[1.255s] [ 10%] [32mBuilding C object CMakeFiles/my_robot_controller__rosidl_generator_c.dir/rosidl_generator_c/my_robot_controller/msg/detail/led_state__functions.c.o[0m
[1.255s] [ 10%] [32mBuilding C object CMakeFiles/my_robot_controller__rosidl_generator_c.dir/rosidl_generator_c/my_robot_controller/msg/detail/hardware_status__functions.c.o[0m
[1.255s] [ 10%] [32mBuilding C object CMakeFiles/my_robot_controller__rosidl_generator_c.dir/rosidl_generator_c/my_robot_controller/srv/detail/compute_rectangle_area__functions.c.o[0m
[1.264s] [ 17%] [34m[1mGenerating C++ type support for eProsima Fast-RTPS[0m
[1.264s] [ 17%] [34m[1mGenerating C++ introspection for ROS interfaces[0m
[1.264s] [ 17%] [34m[1mGenerating C++ type support dispatch for ROS interfaces[0m
[1.315s] [ 19%] [32m[1mLinking C shared library libmy_robot_controller__rosidl_generator_c.so[0m
[1.360s] [ 19%] Built target my_robot_controller__rosidl_generator_c
[1.371s] [ 25%] [34m[1mGenerating C type support dispatch for ROS interfaces[0m
[1.371s] [ 25%] [34m[1mGenerating C introspection for ROS interfaces[0m
[1.371s] [ 25%] [34m[1mGenerating C type support for eProsima Fast-RTPS[0m
[1.497s] [35m[1mConsolidate compiler generated dependencies of target my_robot_controller__rosidl_typesupport_cpp[0m
[1.513s] [ 27%] [32mBuilding CXX object CMakeFiles/my_robot_controller__rosidl_typesupport_cpp.dir/rosidl_typesupport_cpp/my_robot_controller/msg/hardware_status__type_support.cpp.o[0m
[1.513s] [ 29%] [32mBuilding CXX object CMakeFiles/my_robot_controller__rosidl_typesupport_cpp.dir/rosidl_typesupport_cpp/my_robot_controller/msg/led_state__type_support.cpp.o[0m
[1.513s] [ 31%] [32mBuilding CXX object CMakeFiles/my_robot_controller__rosidl_typesupport_cpp.dir/rosidl_typesupport_cpp/my_robot_controller/srv/compute_rectangle_area__type_support.cpp.o[0m
[1.526s] [35m[1mConsolidate compiler generated dependencies of target my_robot_controller__rosidl_typesupport_introspection_cpp[0m
[1.543s] [ 34%] [32mBuilding CXX object CMakeFiles/my_robot_controller__rosidl_typesupport_introspection_cpp.dir/rosidl_typesupport_introspection_cpp/my_robot_controller/msg/detail/hardware_status__type_support.cpp.o[0m
[1.553s] [ 38%] [32mBuilding CXX object CMakeFiles/my_robot_controller__rosidl_typesupport_introspection_cpp.dir/rosidl_typesupport_introspection_cpp/my_robot_controller/srv/detail/compute_rectangle_area__type_support.cpp.o[0m
[1.554s] [ 38%] [32mBuilding CXX object CMakeFiles/my_robot_controller__rosidl_typesupport_introspection_cpp.dir/rosidl_typesupport_introspection_cpp/my_robot_controller/msg/detail/led_state__type_support.cpp.o[0m
[1.555s] [35m[1mConsolidate compiler generated dependencies of target my_robot_controller__rosidl_typesupport_fastrtps_cpp[0m
[1.576s] [ 40%] [32mBuilding CXX object CMakeFiles/my_robot_controller__rosidl_typesupport_fastrtps_cpp.dir/rosidl_typesupport_fastrtps_cpp/my_robot_controller/msg/detail/dds_fastrtps/hardware_status__type_support.cpp.o[0m
[1.576s] [ 42%] [32mBuilding CXX object CMakeFiles/my_robot_controller__rosidl_typesupport_fastrtps_cpp.dir/rosidl_typesupport_fastrtps_cpp/my_robot_controller/msg/detail/dds_fastrtps/led_state__type_support.cpp.o[0m
[1.576s] [ 44%] [32mBuilding CXX object CMakeFiles/my_robot_controller__rosidl_typesupport_fastrtps_cpp.dir/rosidl_typesupport_fastrtps_cpp/my_robot_controller/srv/detail/dds_fastrtps/compute_rectangle_area__type_support.cpp.o[0m
[1.681s] [35m[1mConsolidate compiler generated dependencies of target my_robot_controller__rosidl_typesupport_c[0m
[1.700s] [ 46%] [32mBuilding CXX object CMakeFiles/my_robot_controller__rosidl_typesupport_c.dir/rosidl_typesupport_c/my_robot_controller/msg/hardware_status__type_support.cpp.o[0m
[1.757s] [ 48%] [32mBuilding CXX object CMakeFiles/my_robot_controller__rosidl_typesupport_c.dir/rosidl_typesupport_c/my_robot_controller/msg/led_state__type_support.cpp.o[0m
[1.796s] [35m[1mConsolidate compiler generated dependencies of target my_robot_controller__rosidl_typesupport_fastrtps_c[0m
[1.798s] [35m[1mConsolidate compiler generated dependencies of target my_robot_controller__rosidl_typesupport_introspection_c[0m
[1.817s] [ 51%] [32mBuilding CXX object CMakeFiles/my_robot_controller__rosidl_typesupport_c.dir/rosidl_typesupport_c/my_robot_controller/srv/compute_rectangle_area__type_support.cpp.o[0m
[1.823s] [ 53%] [32mBuilding CXX object CMakeFiles/my_robot_controller__rosidl_typesupport_fastrtps_c.dir/rosidl_typesupport_fastrtps_c/my_robot_controller/msg/detail/hardware_status__type_support_c.cpp.o[0m
[1.824s] [ 55%] [32mBuilding C object CMakeFiles/my_robot_controller__rosidl_typesupport_introspection_c.dir/rosidl_typesupport_introspection_c/my_robot_controller/msg/detail/hardware_status__type_support.c.o[0m
[1.868s] [ 57%] [32m[1mLinking CXX shared library libmy_robot_controller__rosidl_typesupport_c.so[0m
[1.878s] [ 59%] [32mBuilding C object CMakeFiles/my_robot_controller__rosidl_typesupport_introspection_c.dir/rosidl_typesupport_introspection_c/my_robot_controller/msg/detail/led_state__type_support.c.o[0m
[1.891s] [ 61%] [32mBuilding CXX object CMakeFiles/my_robot_controller__rosidl_typesupport_fastrtps_c.dir/rosidl_typesupport_fastrtps_c/my_robot_controller/msg/detail/led_state__type_support_c.cpp.o[0m
[1.891s] [ 63%] [32mBuilding C object CMakeFiles/my_robot_controller__rosidl_typesupport_introspection_c.dir/rosidl_typesupport_introspection_c/my_robot_controller/srv/detail/compute_rectangle_area__type_support.c.o[0m
[1.901s] [ 65%] [32m[1mLinking CXX shared library libmy_robot_controller__rosidl_typesupport_cpp.so[0m
[1.939s] [ 65%] Built target my_robot_controller__rosidl_typesupport_c
[1.943s] [ 68%] [32mBuilding CXX object CMakeFiles/my_robot_controller__rosidl_typesupport_fastrtps_c.dir/rosidl_typesupport_fastrtps_c/my_robot_controller/srv/detail/compute_rectangle_area__type_support_c.cpp.o[0m
[1.950s] [ 70%] [32m[1mLinking C shared library libmy_robot_controller__rosidl_typesupport_introspection_c.so[0m
[1.978s] [ 70%] Built target my_robot_controller__rosidl_typesupport_cpp
[2.004s] [ 70%] Built target my_robot_controller__rosidl_typesupport_introspection_c
[2.121s] [ 72%] [32m[1mLinking CXX shared library libmy_robot_controller__rosidl_typesupport_introspection_cpp.so[0m
[2.130s] [ 74%] [32m[1mLinking CXX shared library libmy_robot_controller__rosidl_typesupport_fastrtps_cpp.so[0m
[2.204s] [ 74%] Built target my_robot_controller__rosidl_typesupport_introspection_cpp
[2.211s] [ 74%] Built target my_robot_controller__rosidl_typesupport_fastrtps_cpp
[2.284s] [ 76%] [32m[1mLinking CXX shared library libmy_robot_controller__rosidl_typesupport_fastrtps_c.so[0m
[2.349s] [ 76%] Built target my_robot_controller__rosidl_typesupport_fastrtps_c
[2.369s] [ 76%] Built target my_robot_controller
[2.390s] [ 78%] [34m[1mGenerating Python code for ROS interfaces[0m
[2.821s] [ 78%] Built target my_robot_controller__py
[2.832s] [35m[1mConsolidate compiler generated dependencies of target my_robot_controller__rosidl_generator_py[0m
[2.845s] [ 85%] [32mBuilding C object CMakeFiles/my_robot_controller__rosidl_generator_py.dir/rosidl_generator_py/my_robot_controller/msg/_hardware_status_s.c.o[0m
[2.846s] [ 85%] [32mBuilding C object CMakeFiles/my_robot_controller__rosidl_generator_py.dir/rosidl_generator_py/my_robot_controller/msg/_led_state_s.c.o[0m
[2.846s] [ 85%] [32mBuilding C object CMakeFiles/my_robot_controller__rosidl_generator_py.dir/rosidl_generator_py/my_robot_controller/srv/_compute_rectangle_area_s.c.o[0m
[2.928s] [ 87%] [32m[1mLinking C shared library rosidl_generator_py/my_robot_controller/libmy_robot_controller__rosidl_generator_py.so[0m
[2.965s] [ 87%] Built target my_robot_controller__rosidl_generator_py
[2.975s] [35m[1mConsolidate compiler generated dependencies of target my_robot_controller__rosidl_typesupport_introspection_c__pyext[0m
[2.975s] [35m[1mConsolidate compiler generated dependencies of target my_robot_controller__rosidl_typesupport_fastrtps_c__pyext[0m
[2.975s] [35m[1mConsolidate compiler generated dependencies of target my_robot_controller__rosidl_typesupport_c__pyext[0m
[2.988s] [ 93%] [32mBuilding C object CMakeFiles/my_robot_controller__rosidl_typesupport_c__pyext.dir/rosidl_generator_py/my_robot_controller/_my_robot_controller_s.ep.rosidl_typesupport_c.c.o[0m
[2.988s] [ 93%] [32mBuilding C object CMakeFiles/my_robot_controller__rosidl_typesupport_fastrtps_c__pyext.dir/rosidl_generator_py/my_robot_controller/_my_robot_controller_s.ep.rosidl_typesupport_fastrtps_c.c.o[0m
[2.988s] [ 93%] [32mBuilding C object CMakeFiles/my_robot_controller__rosidl_typesupport_introspection_c__pyext.dir/rosidl_generator_py/my_robot_controller/_my_robot_controller_s.ep.rosidl_typesupport_introspection_c.c.o[0m
[3.070s] [ 97%] [32m[1mLinking C shared library rosidl_generator_py/my_robot_controller/my_robot_controller_s__rosidl_typesupport_introspection_c.cpython-310-x86_64-linux-gnu.so[0m
[3.070s] [ 97%] [32m[1mLinking C shared library rosidl_generator_py/my_robot_controller/my_robot_controller_s__rosidl_typesupport_c.cpython-310-x86_64-linux-gnu.so[0m
[3.073s] [100%] [32m[1mLinking C shared library rosidl_generator_py/my_robot_controller/my_robot_controller_s__rosidl_typesupport_fastrtps_c.cpython-310-x86_64-linux-gnu.so[0m
[3.099s] [100%] Built target my_robot_controller__rosidl_typesupport_introspection_c__pyext
[3.099s] [100%] Built target my_robot_controller__rosidl_typesupport_c__pyext
[3.103s] [100%] Built target my_robot_controller__rosidl_typesupport_fastrtps_c__pyext
[3.114s] Invoked command in '/home/praveen/msgandsrv/build/my_robot_controller' returned '0': CMAKE_PREFIX_PATH=${CMAKE_PREFIX_PATH}:/home/praveen/msgandsrv/install/msgandservice:/home/praveen/msgandsrv/install/HardwareStatus:/home/praveen/udmey/install/activity:/home/praveen/manik/install/manikrobotic:/home/praveen/ros2_ws/install/hello:/opt/ros/humble /usr/bin/cmake --build /home/praveen/msgandsrv/build/my_robot_controller -- -j12 -l12
[3.236s] Invoking command in '/home/praveen/msgandsrv/build/my_robot_controller': CMAKE_PREFIX_PATH=${CMAKE_PREFIX_PATH}:/home/praveen/msgandsrv/install/msgandservice:/home/praveen/msgandsrv/install/HardwareStatus:/home/praveen/udmey/install/activity:/home/praveen/manik/install/manikrobotic:/home/praveen/ros2_ws/install/hello:/opt/ros/humble /usr/bin/cmake --install /home/praveen/msgandsrv/build/my_robot_controller
[3.242s] -- Install configuration: ""
[3.242s] -- Execute custom install script
[3.243s] -- Up-to-date symlink: /home/praveen/msgandsrv/install/my_robot_controller/share/ament_index/resource_index/rosidl_interfaces/my_robot_controller
[3.243s] -- Up-to-date symlink: /home/praveen/msgandsrv/install/my_robot_controller/include/my_robot_controller/my_robot_controller/msg/detail/hardware_status__functions.h
[3.243s] -- Up-to-date symlink: /home/praveen/msgandsrv/install/my_robot_controller/include/my_robot_controller/my_robot_controller/msg/detail/hardware_status__struct.h
[3.243s] -- Up-to-date symlink: /home/praveen/msgandsrv/install/my_robot_controller/include/my_robot_controller/my_robot_controller/msg/detail/hardware_status__type_support.h
[3.243s] -- Symlinking: /home/praveen/msgandsrv/install/my_robot_controller/include/my_robot_controller/my_robot_controller/msg/detail/led_state__functions.h
[3.251s] -- Symlinking: /home/praveen/msgandsrv/install/my_robot_controller/include/my_robot_controller/my_robot_controller/msg/detail/led_state__struct.h
[3.259s] -- Symlinking: /home/praveen/msgandsrv/install/my_robot_controller/include/my_robot_controller/my_robot_controller/msg/detail/led_state__type_support.h
[3.267s] -- Up-to-date symlink: /home/praveen/msgandsrv/install/my_robot_controller/include/my_robot_controller/my_robot_controller/msg/hardware_status.h
[3.267s] -- Symlinking: /home/praveen/msgandsrv/install/my_robot_controller/include/my_robot_controller/my_robot_controller/msg/led_state.h
[3.275s] -- Up-to-date symlink: /home/praveen/msgandsrv/install/my_robot_controller/include/my_robot_controller/my_robot_controller/msg/rosidl_generator_c__visibility_control.h
[3.275s] -- Up-to-date symlink: /home/praveen/msgandsrv/install/my_robot_controller/include/my_robot_controller/my_robot_controller/srv/compute_rectangle_area.h
[3.275s] -- Up-to-date symlink: /home/praveen/msgandsrv/install/my_robot_controller/include/my_robot_controller/my_robot_controller/srv/detail/compute_rectangle_area__functions.h
[3.275s] -- Up-to-date symlink: /home/praveen/msgandsrv/install/my_robot_controller/include/my_robot_controller/my_robot_controller/srv/detail/compute_rectangle_area__struct.h
[3.275s] -- Up-to-date symlink: /home/praveen/msgandsrv/install/my_robot_controller/include/my_robot_controller/my_robot_controller/srv/detail/compute_rectangle_area__type_support.h
[3.283s] -- Up-to-date symlink: /home/praveen/msgandsrv/install/my_robot_controller/share/my_robot_controller/environment/library_path.sh
[3.284s] -- Up-to-date symlink: /home/praveen/msgandsrv/install/my_robot_controller/share/my_robot_controller/environment/library_path.dsv
[3.284s] -- Up-to-date symlink: /home/praveen/msgandsrv/install/my_robot_controller/include/my_robot_controller/my_robot_controller/msg/detail/hardware_status__rosidl_typesupport_fastrtps_c.h
[3.284s] -- Symlinking: /home/praveen/msgandsrv/install/my_robot_controller/include/my_robot_controller/my_robot_controller/msg/detail/led_state__rosidl_typesupport_fastrtps_c.h
[3.292s] -- Up-to-date symlink: /home/praveen/msgandsrv/install/my_robot_controller/include/my_robot_controller/my_robot_controller/msg/rosidl_typesupport_fastrtps_c__visibility_control.h
[3.293s] -- Up-to-date symlink: /home/praveen/msgandsrv/install/my_robot_controller/include/my_robot_controller/my_robot_controller/srv/detail/compute_rectangle_area__rosidl_typesupport_fastrtps_c.h
[3.293s] -- Up-to-date symlink: /home/praveen/msgandsrv/install/my_robot_controller/include/my_robot_controller/my_robot_controller/msg/detail/hardware_status__rosidl_typesupport_introspection_c.h
[3.293s] -- Symlinking: /home/praveen/msgandsrv/install/my_robot_controller/include/my_robot_controller/my_robot_controller/msg/detail/led_state__rosidl_typesupport_introspection_c.h
[3.302s] -- Up-to-date symlink: /home/praveen/msgandsrv/install/my_robot_controller/include/my_robot_controller/my_robot_controller/msg/rosidl_typesupport_introspection_c__visibility_control.h
[3.302s] -- Up-to-date symlink: /home/praveen/msgandsrv/install/my_robot_controller/include/my_robot_controller/my_robot_controller/srv/detail/compute_rectangle_area__rosidl_typesupport_introspection_c.h
[3.302s] -- Up-to-date symlink: /home/praveen/msgandsrv/install/my_robot_controller/include/my_robot_controller/my_robot_controller/msg/detail/hardware_status__builder.hpp
[3.302s] -- Up-to-date symlink: /home/praveen/msgandsrv/install/my_robot_controller/include/my_robot_controller/my_robot_controller/msg/detail/hardware_status__struct.hpp
[3.302s] -- Up-to-date symlink: /home/praveen/msgandsrv/install/my_robot_controller/include/my_robot_controller/my_robot_controller/msg/detail/hardware_status__traits.hpp
[3.302s] -- Symlinking: /home/praveen/msgandsrv/install/my_robot_controller/include/my_robot_controller/my_robot_controller/msg/detail/led_state__builder.hpp
[3.311s] -- Symlinking: /home/praveen/msgandsrv/install/my_robot_controller/include/my_robot_controller/my_robot_controller/msg/detail/led_state__struct.hpp
[3.319s] -- Symlinking: /home/praveen/msgandsrv/install/my_robot_controller/include/my_robot_controller/my_robot_controller/msg/detail/led_state__traits.hpp
[3.326s] -- Up-to-date symlink: /home/praveen/msgandsrv/install/my_robot_controller/include/my_robot_controller/my_robot_controller/msg/hardware_status.hpp
[3.326s] -- Symlinking: /home/praveen/msgandsrv/install/my_robot_controller/include/my_robot_controller/my_robot_controller/msg/led_state.hpp
[3.336s] -- Up-to-date symlink: /home/praveen/msgandsrv/install/my_robot_controller/include/my_robot_controller/my_robot_controller/srv/compute_rectangle_area.hpp
[3.336s] -- Up-to-date symlink: /home/praveen/msgandsrv/install/my_robot_controller/include/my_robot_controller/my_robot_controller/srv/detail/compute_rectangle_area__builder.hpp
[3.336s] -- Up-to-date symlink: /home/praveen/msgandsrv/install/my_robot_controller/include/my_robot_controller/my_robot_controller/srv/detail/compute_rectangle_area__struct.hpp
[3.336s] -- Up-to-date symlink: /home/praveen/msgandsrv/install/my_robot_controller/include/my_robot_controller/my_robot_controller/srv/detail/compute_rectangle_area__traits.hpp
[3.337s] -- Up-to-date symlink: /home/praveen/msgandsrv/install/my_robot_controller/include/my_robot_controller/my_robot_controller/msg/detail/hardware_status__rosidl_typesupport_fastrtps_cpp.hpp
[3.337s] -- Symlinking: /home/praveen/msgandsrv/install/my_robot_controller/include/my_robot_controller/my_robot_controller/msg/detail/led_state__rosidl_typesupport_fastrtps_cpp.hpp
[3.345s] -- Up-to-date symlink: /home/praveen/msgandsrv/install/my_robot_controller/include/my_robot_controller/my_robot_controller/msg/rosidl_typesupport_fastrtps_cpp__visibility_control.h
[3.345s] -- Up-to-date symlink: /home/praveen/msgandsrv/install/my_robot_controller/include/my_robot_controller/my_robot_controller/srv/detail/compute_rectangle_area__rosidl_typesupport_fastrtps_cpp.hpp
[3.346s] -- Up-to-date symlink: /home/praveen/msgandsrv/install/my_robot_controller/include/my_robot_controller/my_robot_controller/msg/detail/hardware_status__rosidl_typesupport_introspection_cpp.hpp
[3.346s] -- Symlinking: /home/praveen/msgandsrv/install/my_robot_controller/include/my_robot_controller/my_robot_controller/msg/detail/led_state__rosidl_typesupport_introspection_cpp.hpp
[3.354s] -- Up-to-date symlink: /home/praveen/msgandsrv/install/my_robot_controller/include/my_robot_controller/my_robot_controller/srv/detail/compute_rectangle_area__rosidl_typesupport_introspection_cpp.hpp
[3.354s] -- Up-to-date symlink: /home/praveen/msgandsrv/install/my_robot_controller/share/my_robot_controller/environment/pythonpath.sh
[3.354s] -- Up-to-date symlink: /home/praveen/msgandsrv/install/my_robot_controller/share/my_robot_controller/environment/pythonpath.dsv
[3.355s] -- Up-to-date symlink: /home/praveen/msgandsrv/install/my_robot_controller/local/lib/python3.10/dist-packages/my_robot_controller-0.0.0-py3.10.egg-info/PKG-INFO
[3.355s] -- Up-to-date symlink: /home/praveen/msgandsrv/install/my_robot_controller/local/lib/python3.10/dist-packages/my_robot_controller-0.0.0-py3.10.egg-info/SOURCES.txt
[3.355s] -- Up-to-date symlink: /home/praveen/msgandsrv/install/my_robot_controller/local/lib/python3.10/dist-packages/my_robot_controller-0.0.0-py3.10.egg-info/dependency_links.txt
[3.355s] -- Up-to-date symlink: /home/praveen/msgandsrv/install/my_robot_controller/local/lib/python3.10/dist-packages/my_robot_controller-0.0.0-py3.10.egg-info/top_level.txt
[3.356s] -- Up-to-date symlink: /home/praveen/msgandsrv/install/my_robot_controller/local/lib/python3.10/dist-packages/my_robot_controller/__init__.py
[3.356s] -- Up-to-date symlink: /home/praveen/msgandsrv/install/my_robot_controller/local/lib/python3.10/dist-packages/my_robot_controller/_my_robot_controller_s.ep.rosidl_typesupport_c.c
[3.356s] -- Up-to-date symlink: /home/praveen/msgandsrv/install/my_robot_controller/local/lib/python3.10/dist-packages/my_robot_controller/_my_robot_controller_s.ep.rosidl_typesupport_fastrtps_c.c
[3.356s] -- Up-to-date symlink: /home/praveen/msgandsrv/install/my_robot_controller/local/lib/python3.10/dist-packages/my_robot_controller/_my_robot_controller_s.ep.rosidl_typesupport_introspection_c.c
[3.356s] -- Up-to-date symlink: /home/praveen/msgandsrv/install/my_robot_controller/local/lib/python3.10/dist-packages/my_robot_controller/libmy_robot_controller__rosidl_generator_py.so
[3.356s] -- Up-to-date symlink: /home/praveen/msgandsrv/install/my_robot_controller/local/lib/python3.10/dist-packages/my_robot_controller/msg/__init__.py
[3.356s] -- Up-to-date symlink: /home/praveen/msgandsrv/install/my_robot_controller/local/lib/python3.10/dist-packages/my_robot_controller/msg/_hardware_status.py
[3.356s] -- Up-to-date symlink: /home/praveen/msgandsrv/install/my_robot_controller/local/lib/python3.10/dist-packages/my_robot_controller/msg/_hardware_status_s.c
[3.356s] -- Symlinking: /home/praveen/msgandsrv/install/my_robot_controller/local/lib/python3.10/dist-packages/my_robot_controller/msg/_led_state.py
[3.364s] -- Symlinking: /home/praveen/msgandsrv/install/my_robot_controller/local/lib/python3.10/dist-packages/my_robot_controller/msg/_led_state_s.c
[3.372s] -- Up-to-date symlink: /home/praveen/msgandsrv/install/my_robot_controller/local/lib/python3.10/dist-packages/my_robot_controller/my_robot_controller_s__rosidl_typesupport_c.cpython-310-x86_64-linux-gnu.so
[3.372s] -- Up-to-date symlink: /home/praveen/msgandsrv/install/my_robot_controller/local/lib/python3.10/dist-packages/my_robot_controller/my_robot_controller_s__rosidl_typesupport_fastrtps_c.cpython-310-x86_64-linux-gnu.so
[3.372s] -- Up-to-date symlink: /home/praveen/msgandsrv/install/my_robot_controller/local/lib/python3.10/dist-packages/my_robot_controller/my_robot_controller_s__rosidl_typesupport_introspection_c.cpython-310-x86_64-linux-gnu.so
[3.372s] -- Up-to-date symlink: /home/praveen/msgandsrv/install/my_robot_controller/local/lib/python3.10/dist-packages/my_robot_controller/srv/__init__.py
[3.372s] -- Up-to-date symlink: /home/praveen/msgandsrv/install/my_robot_controller/local/lib/python3.10/dist-packages/my_robot_controller/srv/_compute_rectangle_area.py
[3.372s] -- Up-to-date symlink: /home/praveen/msgandsrv/install/my_robot_controller/local/lib/python3.10/dist-packages/my_robot_controller/srv/_compute_rectangle_area_s.c
[3.373s] -- Up-to-date symlink: /home/praveen/msgandsrv/install/my_robot_controller/local/lib/python3.10/dist-packages/my_robot_controller/my_robot_controller_s__rosidl_typesupport_fastrtps_c.cpython-310-x86_64-linux-gnu.so
[3.373s] -- Up-to-date symlink: /home/praveen/msgandsrv/install/my_robot_controller/local/lib/python3.10/dist-packages/my_robot_controller/my_robot_controller_s__rosidl_typesupport_introspection_c.cpython-310-x86_64-linux-gnu.so
[3.373s] -- Up-to-date symlink: /home/praveen/msgandsrv/install/my_robot_controller/local/lib/python3.10/dist-packages/my_robot_controller/my_robot_controller_s__rosidl_typesupport_c.cpython-310-x86_64-linux-gnu.so
[3.373s] -- Up-to-date symlink: /home/praveen/msgandsrv/install/my_robot_controller/share/my_robot_controller/msg/HardwareStatus.idl
[3.373s] -- Symlinking: /home/praveen/msgandsrv/install/my_robot_controller/share/my_robot_controller/msg/LedState.idl
[3.381s] -- Up-to-date symlink: /home/praveen/msgandsrv/install/my_robot_controller/share/my_robot_controller/srv/ComputeRectangleArea.idl
[3.381s] -- Up-to-date symlink: /home/praveen/msgandsrv/install/my_robot_controller/share/my_robot_controller/msg/HardwareStatus.msg
[3.381s] -- Symlinking: /home/praveen/msgandsrv/install/my_robot_controller/share/my_robot_controller/msg/LedState.msg
[3.389s] -- Up-to-date symlink: /home/praveen/msgandsrv/install/my_robot_controller/share/my_robot_controller/srv/ComputeRectangleArea.srv
[3.389s] -- Up-to-date symlink: /home/praveen/msgandsrv/install/my_robot_controller/share/my_robot_controller/srv/ComputeRectangleArea_Request.msg
[3.389s] -- Up-to-date symlink: /home/praveen/msgandsrv/install/my_robot_controller/share/my_robot_controller/srv/ComputeRectangleArea_Response.msg
[3.389s] -- Up-to-date symlink: /home/praveen/msgandsrv/install/my_robot_controller/share/ament_index/resource_index/package_run_dependencies/my_robot_controller
[3.389s] -- Up-to-date symlink: /home/praveen/msgandsrv/install/my_robot_controller/share/ament_index/resource_index/parent_prefix_path/my_robot_controller
[3.390s] -- Up-to-date symlink: /home/praveen/msgandsrv/install/my_robot_controller/share/my_robot_controller/environment/ament_prefix_path.sh
[3.390s] -- Up-to-date symlink: /home/praveen/msgandsrv/install/my_robot_controller/share/my_robot_controller/environment/ament_prefix_path.dsv
[3.390s] -- Up-to-date symlink: /home/praveen/msgandsrv/install/my_robot_controller/share/my_robot_controller/environment/path.sh
[3.390s] -- Up-to-date symlink: /home/praveen/msgandsrv/install/my_robot_controller/share/my_robot_controller/environment/path.dsv
[3.391s] -- Up-to-date symlink: /home/praveen/msgandsrv/install/my_robot_controller/share/my_robot_controller/local_setup.bash
[3.391s] -- Up-to-date symlink: /home/praveen/msgandsrv/install/my_robot_controller/share/my_robot_controller/local_setup.sh
[3.391s] -- Up-to-date symlink: /home/praveen/msgandsrv/install/my_robot_controller/share/my_robot_controller/local_setup.zsh
[3.391s] -- Up-to-date symlink: /home/praveen/msgandsrv/install/my_robot_controller/share/my_robot_controller/local_setup.dsv
[3.391s] -- Symlinking: /home/praveen/msgandsrv/install/my_robot_controller/share/my_robot_controller/package.dsv
[3.399s] -- Up-to-date symlink: /home/praveen/msgandsrv/install/my_robot_controller/share/ament_index/resource_index/packages/my_robot_controller
[3.399s] -- Up-to-date symlink: /home/praveen/msgandsrv/install/my_robot_controller/share/my_robot_controller/cmake/rosidl_cmake-extras.cmake
[3.399s] -- Up-to-date symlink: /home/praveen/msgandsrv/install/my_robot_controller/share/my_robot_controller/cmake/ament_cmake_export_include_directories-extras.cmake
[3.399s] -- Up-to-date symlink: /home/praveen/msgandsrv/install/my_robot_controller/share/my_robot_controller/cmake/ament_cmake_export_libraries-extras.cmake
[3.399s] -- Up-to-date symlink: /home/praveen/msgandsrv/install/my_robot_controller/share/my_robot_controller/cmake/ament_cmake_export_targets-extras.cmake
[3.400s] -- Up-to-date symlink: /home/praveen/msgandsrv/install/my_robot_controller/share/my_robot_controller/cmake/rosidl_cmake_export_typesupport_targets-extras.cmake
[3.400s] -- Up-to-date symlink: /home/praveen/msgandsrv/install/my_robot_controller/share/my_robot_controller/cmake/ament_cmake_export_dependencies-extras.cmake
[3.400s] -- Up-to-date symlink: /home/praveen/msgandsrv/install/my_robot_controller/share/my_robot_controller/cmake/rosidl_cmake_export_typesupport_libraries-extras.cmake
[3.400s] -- Up-to-date symlink: /home/praveen/msgandsrv/install/my_robot_controller/share/my_robot_controller/cmake/my_robot_controllerConfig.cmake
[3.400s] -- Up-to-date symlink: /home/praveen/msgandsrv/install/my_robot_controller/share/my_robot_controller/cmake/my_robot_controllerConfig-version.cmake
[3.400s] -- Up-to-date symlink: /home/praveen/msgandsrv/install/my_robot_controller/share/my_robot_controller/package.xml
[3.400s] -- Installing: /home/praveen/msgandsrv/install/my_robot_controller/lib/libmy_robot_controller__rosidl_generator_c.so
[3.401s] -- Set runtime path of "/home/praveen/msgandsrv/install/my_robot_controller/lib/libmy_robot_controller__rosidl_generator_c.so" to ""
[3.401s] -- Installing: /home/praveen/msgandsrv/install/my_robot_controller/lib/libmy_robot_controller__rosidl_typesupport_fastrtps_c.so
[3.401s] -- Set runtime path of "/home/praveen/msgandsrv/install/my_robot_controller/lib/libmy_robot_controller__rosidl_typesupport_fastrtps_c.so" to ""
[3.402s] -- Installing: /home/praveen/msgandsrv/install/my_robot_controller/lib/libmy_robot_controller__rosidl_typesupport_introspection_c.so
[3.402s] -- Set runtime path of "/home/praveen/msgandsrv/install/my_robot_controller/lib/libmy_robot_controller__rosidl_typesupport_introspection_c.so" to ""
[3.402s] -- Installing: /home/praveen/msgandsrv/install/my_robot_controller/lib/libmy_robot_controller__rosidl_typesupport_c.so
[3.402s] -- Set runtime path of "/home/praveen/msgandsrv/install/my_robot_controller/lib/libmy_robot_controller__rosidl_typesupport_c.so" to ""
[3.403s] -- Installing: /home/praveen/msgandsrv/install/my_robot_controller/lib/libmy_robot_controller__rosidl_typesupport_fastrtps_cpp.so
[3.403s] -- Set runtime path of "/home/praveen/msgandsrv/install/my_robot_controller/lib/libmy_robot_controller__rosidl_typesupport_fastrtps_cpp.so" to ""
[3.404s] -- Installing: /home/praveen/msgandsrv/install/my_robot_controller/lib/libmy_robot_controller__rosidl_typesupport_introspection_cpp.so
[3.404s] -- Set runtime path of "/home/praveen/msgandsrv/install/my_robot_controller/lib/libmy_robot_controller__rosidl_typesupport_introspection_cpp.so" to ""
[3.405s] -- Installing: /home/praveen/msgandsrv/install/my_robot_controller/lib/libmy_robot_controller__rosidl_typesupport_cpp.so
[3.405s] -- Set runtime path of "/home/praveen/msgandsrv/install/my_robot_controller/lib/libmy_robot_controller__rosidl_typesupport_cpp.so" to ""
[3.437s] Listing '/home/praveen/msgandsrv/install/my_robot_controller/local/lib/python3.10/dist-packages/my_robot_controller'...
[3.437s] Compiling '/home/praveen/msgandsrv/install/my_robot_controller/local/lib/python3.10/dist-packages/my_robot_controller/__init__.py'...
[3.437s] Listing '/home/praveen/msgandsrv/install/my_robot_controller/local/lib/python3.10/dist-packages/my_robot_controller/msg'...
[3.437s] Compiling '/home/praveen/msgandsrv/install/my_robot_controller/local/lib/python3.10/dist-packages/my_robot_controller/msg/__init__.py'...
[3.437s] Compiling '/home/praveen/msgandsrv/install/my_robot_controller/local/lib/python3.10/dist-packages/my_robot_controller/msg/_hardware_status.py'...
[3.437s] Compiling '/home/praveen/msgandsrv/install/my_robot_controller/local/lib/python3.10/dist-packages/my_robot_controller/msg/_led_state.py'...
[3.437s] Listing '/home/praveen/msgandsrv/install/my_robot_controller/local/lib/python3.10/dist-packages/my_robot_controller/srv'...
[3.437s] Compiling '/home/praveen/msgandsrv/install/my_robot_controller/local/lib/python3.10/dist-packages/my_robot_controller/srv/__init__.py'...
[3.437s] Compiling '/home/praveen/msgandsrv/install/my_robot_controller/local/lib/python3.10/dist-packages/my_robot_controller/srv/_compute_rectangle_area.py'...
[3.440s] -- Installing: /home/praveen/msgandsrv/install/my_robot_controller/lib/libmy_robot_controller__rosidl_generator_py.so
[3.441s] -- Set runtime path of "/home/praveen/msgandsrv/install/my_robot_controller/lib/libmy_robot_controller__rosidl_generator_py.so" to ""
[3.441s] -- Up-to-date: /home/praveen/msgandsrv/install/my_robot_controller/share/my_robot_controller/cmake/export_my_robot_controller__rosidl_generator_cExport.cmake
[3.441s] -- Up-to-date: /home/praveen/msgandsrv/install/my_robot_controller/share/my_robot_controller/cmake/export_my_robot_controller__rosidl_generator_cExport-noconfig.cmake
[3.441s] -- Up-to-date: /home/praveen/msgandsrv/install/my_robot_controller/share/my_robot_controller/cmake/export_my_robot_controller__rosidl_typesupport_fastrtps_cExport.cmake
[3.441s] -- Up-to-date: /home/praveen/msgandsrv/install/my_robot_controller/share/my_robot_controller/cmake/export_my_robot_controller__rosidl_typesupport_fastrtps_cExport-noconfig.cmake
[3.441s] -- Up-to-date: /home/praveen/msgandsrv/install/my_robot_controller/share/my_robot_controller/cmake/my_robot_controller__rosidl_typesupport_introspection_cExport.cmake
[3.441s] -- Up-to-date: /home/praveen/msgandsrv/install/my_robot_controller/share/my_robot_controller/cmake/my_robot_controller__rosidl_typesupport_introspection_cExport-noconfig.cmake
[3.441s] -- Up-to-date: /home/praveen/msgandsrv/install/my_robot_controller/share/my_robot_controller/cmake/my_robot_controller__rosidl_typesupport_cExport.cmake
[3.441s] -- Up-to-date: /home/praveen/msgandsrv/install/my_robot_controller/share/my_robot_controller/cmake/my_robot_controller__rosidl_typesupport_cExport-noconfig.cmake
[3.442s] -- Up-to-date: /home/praveen/msgandsrv/install/my_robot_controller/share/my_robot_controller/cmake/export_my_robot_controller__rosidl_generator_cppExport.cmake
[3.442s] -- Up-to-date: /home/praveen/msgandsrv/install/my_robot_controller/share/my_robot_controller/cmake/export_my_robot_controller__rosidl_typesupport_fastrtps_cppExport.cmake
[3.442s] -- Up-to-date: /home/praveen/msgandsrv/install/my_robot_controller/share/my_robot_controller/cmake/export_my_robot_controller__rosidl_typesupport_fastrtps_cppExport-noconfig.cmake
[3.442s] -- Up-to-date: /home/praveen/msgandsrv/install/my_robot_controller/share/my_robot_controller/cmake/my_robot_controller__rosidl_typesupport_introspection_cppExport.cmake
[3.442s] -- Up-to-date: /home/praveen/msgandsrv/install/my_robot_controller/share/my_robot_controller/cmake/my_robot_controller__rosidl_typesupport_introspection_cppExport-noconfig.cmake
[3.442s] -- Up-to-date: /home/praveen/msgandsrv/install/my_robot_controller/share/my_robot_controller/cmake/my_robot_controller__rosidl_typesupport_cppExport.cmake
[3.442s] -- Up-to-date: /home/praveen/msgandsrv/install/my_robot_controller/share/my_robot_controller/cmake/my_robot_controller__rosidl_typesupport_cppExport-noconfig.cmake
[3.442s] -- Up-to-date: /home/praveen/msgandsrv/install/my_robot_controller/share/my_robot_controller/cmake/export_my_robot_controller__rosidl_generator_pyExport.cmake
[3.443s] -- Up-to-date: /home/praveen/msgandsrv/install/my_robot_controller/share/my_robot_controller/cmake/export_my_robot_controller__rosidl_generator_pyExport-noconfig.cmake
[3.445s] Invoked command in '/home/praveen/msgandsrv/build/my_robot_controller' returned '0': CMAKE_PREFIX_PATH=${CMAKE_PREFIX_PATH}:/home/praveen/msgandsrv/install/msgandservice:/home/praveen/msgandsrv/install/HardwareStatus:/home/praveen/udmey/install/activity:/home/praveen/manik/install/manikrobotic:/home/praveen/ros2_ws/install/hello:/opt/ros/humble /usr/bin/cmake --install /home/praveen/msgandsrv/build/my_robot_controller
