[0.011s] Invoking command in '/home/praveen/msgandsrv/build/my_robot_controller': CMAKE_PREFIX_PATH=${CMAKE_PREFIX_PATH}:/home/praveen/msgandsrv/install/msgandservice:/home/praveen/msgandsrv/install/HardwareStatus:/home/praveen/udmey/install/activity:/home/praveen/manik/install/manikrobotic:/home/praveen/ros2_ws/install/hello:/opt/ros/humble /usr/bin/cmake --build /home/praveen/msgandsrv/build/my_robot_controller -- -j12 -l12
[0.037s] -- Found ament_cmake: 1.3.9 (/opt/ros/humble/share/ament_cmake/cmake)
[0.142s] -- Override CMake install command with custom implementation using symlinks instead of copying resources
[0.147s] -- Found rosidl_default_generators: 1.2.0 (/opt/ros/humble/share/rosidl_default_generators/cmake)
[0.149s] -- Using all available rosidl_typesupport_c: rosidl_typesupport_fastrtps_c;rosidl_typesupport_introspection_c
[0.151s] -- Found rosidl_adapter: 3.1.5 (/opt/ros/humble/share/rosidl_adapter/cmake)
[0.174s] -- Using all available rosidl_typesupport_cpp: rosidl_typesupport_fastrtps_cpp;rosidl_typesupport_introspection_cpp
[0.342s] [31mCMake Error at /opt/ros/humble/share/rosidl_adapter/cmake/rosidl_adapt_interfaces.cmake:59 (message):
[0.342s]   execute_process(/usr/bin/python3 -m rosidl_adapter --package-name
[0.342s]   my_robot_controller --arguments-file
[0.343s]   /home/praveen/msgandsrv/build/my_robot_controller/rosidl_adapter__arguments__my_robot_controller.json
[0.343s]   --output-dir
[0.343s]   /home/praveen/msgandsrv/build/my_robot_controller/rosidl_adapter/my_robot_controller
[0.343s]   --output-file
[0.343s]   /home/praveen/msgandsrv/build/my_robot_controller/rosidl_adapter/my_robot_controller.idls)
[0.343s]   returned error code 1:
[0.343s] 
[0.343s]   Traceback (most recent call last):
[0.343s] 
[0.343s]     File "/usr/lib/python3.10/runpy.py", line 196, in _run_module_as_main
[0.343s]       return _run_code(code, main_globals, None,
[0.343s]     File "/usr/lib/python3.10/runpy.py", line 86, in _run_code
[0.343s]       exec(code, run_globals)
[0.343s]     File "/opt/ros/humble/local/lib/python3.10/dist-packages/rosidl_adapter/__main__.py", line 19, in <module>
[0.343s]       sys.exit(main())
[0.343s]     File "/opt/ros/humble/local/lib/python3.10/dist-packages/rosidl_adapter/main.py", line 53, in main
[0.343s]       abs_idl_file = convert_to_idl(
[0.343s]     File "/opt/ros/humble/local/lib/python3.10/dist-packages/rosidl_adapter/__init__.py", line 24, in convert_to_idl
[0.343s]       return convert_srv_to_idl(
[0.343s]     File "/opt/ros/humble/local/lib/python3.10/dist-packages/rosidl_adapter/srv/__init__.py", line 28, in convert_srv_to_idl
[0.344s]       srv = parse_service_string(package_name, input_file.stem, content)
[0.344s]     File "/opt/ros/humble/local/lib/python3.10/dist-packages/rosidl_adapter/parser.py", line 859, in parse_service_string
[0.344s]       request_message = parse_message_string(
[0.344s]     File "/opt/ros/humble/local/lib/python3.10/dist-packages/rosidl_adapter/parser.py", line 544, in parse_message_string
[0.344s]       msg = MessageSpecification(pkg_name, msg_name, fields, constants)
[0.344s]     File "/opt/ros/humble/local/lib/python3.10/dist-packages/rosidl_adapter/parser.py", line 388, in __init__
[0.344s]       self.base_type = BaseType(
[0.344s]     File "/opt/ros/humble/local/lib/python3.10/dist-packages/rosidl_adapter/parser.py", line 205, in __init__
[0.344s]       raise InvalidResourceName(
[0.344s] 
[0.344s]   rosidl_adapter.parser.InvalidResourceName: 'ledsrv_Request' is an invalid
[0.344s]   message name.  It should have the pattern '^[A-Z][A-Za-z0-9]*$'
[0.344s] 
[0.344s] Call Stack (most recent call first):
[0.344s]   /opt/ros/humble/share/rosidl_cmake/cmake/rosidl_generate_interfaces.cmake:130 (rosidl_adapt_interfaces)
[0.344s]   CMakeLists.txt:17 (rosidl_generate_interfaces)
[0.344s] 
[0.344s] [0m
[0.344s] -- Configuring incomplete, errors occurred!
[0.344s] See also "/home/praveen/msgandsrv/build/my_robot_controller/CMakeFiles/CMakeOutput.log".
[0.349s] gmake: *** [Makefile:1179: cmake_check_build_system] Error 1
[0.351s] Invoked command in '/home/praveen/msgandsrv/build/my_robot_controller' returned '2': CMAKE_PREFIX_PATH=${CMAKE_PREFIX_PATH}:/home/praveen/msgandsrv/install/msgandservice:/home/praveen/msgandsrv/install/HardwareStatus:/home/praveen/udmey/install/activity:/home/praveen/manik/install/manikrobotic:/home/praveen/ros2_ws/install/hello:/opt/ros/humble /usr/bin/cmake --build /home/praveen/msgandsrv/build/my_robot_controller -- -j12 -l12
